2025-03-18 05:47:18.593 +02:00 [INF] User profile is available. Using 'C:\Users\AL-FAJR\AppData\Local\ASP.NET\DataProtection-Keys' as key repository and Windows DPAPI to encrypt keys at rest.
2025-03-18 05:47:19.110 +02:00 [INF] Now listening on: https://localhost:7245
2025-03-18 05:47:19.112 +02:00 [INF] Now listening on: http://localhost:5236
2025-03-18 05:47:19.116 +02:00 [INF] Application started. Press Ctrl+C to shut down.
2025-03-18 05:47:19.117 +02:00 [INF] Hosting environment: Development
2025-03-18 05:47:19.119 +02:00 [INF] Content root path: C:\Users\AL-FAJR\Desktop\Course Management API\CourseManagementAPI\CourseManagementAPI
2025-03-18 05:47:19.913 +02:00 [INF] Request starting HTTP/2 GET https://localhost:7245/swagger/index.html - null null
2025-03-18 05:47:20.391 +02:00 [INF] Request finished HTTP/2 GET https://localhost:7245/swagger/index.html - 200 null text/html;charset=utf-8 489.6946ms
2025-03-18 05:47:20.447 +02:00 [INF] Request starting HTTP/2 GET https://localhost:7245/_vs/browserLink - null null
2025-03-18 05:47:20.447 +02:00 [INF] Request starting HTTP/2 GET https://localhost:7245/_framework/aspnetcore-browser-refresh.js - null null
2025-03-18 05:47:20.479 +02:00 [INF] Request finished HTTP/2 GET https://localhost:7245/_framework/aspnetcore-browser-refresh.js - 200 13774 application/javascript; charset=utf-8 32.1214ms
2025-03-18 05:47:20.547 +02:00 [INF] Request finished HTTP/2 GET https://localhost:7245/_vs/browserLink - 200 null text/javascript; charset=UTF-8 100.2644ms
2025-03-18 05:47:21.163 +02:00 [INF] Request starting HTTP/2 GET https://localhost:7245/swagger/v1/swagger.json - null null
2025-03-18 05:47:21.379 +02:00 [INF] Request finished HTTP/2 GET https://localhost:7245/swagger/v1/swagger.json - 200 null application/json;charset=utf-8 216.6785ms
2025-03-18 20:27:33.924 +02:00 [WRN] No store type was specified for the decimal property 'Amount' on entity type 'Payment'. This will cause values to be silently truncated if they do not fit in the default precision and scale. Explicitly specify the SQL server column type that can accommodate all the values in 'OnModelCreating' using 'HasColumnType', specify precision and scale using 'HasPrecision', or configure a value converter using 'HasConversion'.
2025-03-18 20:27:41.009 +02:00 [WRN] No store type was specified for the decimal property 'Amount' on entity type 'Payment'. This will cause values to be silently truncated if they do not fit in the default precision and scale. Explicitly specify the SQL server column type that can accommodate all the values in 'OnModelCreating' using 'HasColumnType', specify precision and scale using 'HasPrecision', or configure a value converter using 'HasConversion'.
2025-03-18 20:27:41.190 +02:00 [WRN] No store type was specified for the decimal property 'Amount' on entity type 'Payment'. This will cause values to be silently truncated if they do not fit in the default precision and scale. Explicitly specify the SQL server column type that can accommodate all the values in 'OnModelCreating' using 'HasColumnType', specify precision and scale using 'HasPrecision', or configure a value converter using 'HasConversion'.
2025-03-18 20:28:00.382 +02:00 [WRN] No store type was specified for the decimal property 'Amount' on entity type 'Payment'. This will cause values to be silently truncated if they do not fit in the default precision and scale. Explicitly specify the SQL server column type that can accommodate all the values in 'OnModelCreating' using 'HasColumnType', specify precision and scale using 'HasPrecision', or configure a value converter using 'HasConversion'.
2025-03-18 20:28:00.915 +02:00 [INF] Executed DbCommand (16ms) [Parameters=[], CommandType='"Text"', CommandTimeout='30']
SELECT 1
2025-03-18 20:28:00.941 +02:00 [INF] Executed DbCommand (13ms) [Parameters=[], CommandType='"Text"', CommandTimeout='30']
SELECT OBJECT_ID(N'[__EFMigrationsHistory]');
2025-03-18 20:28:00.943 +02:00 [INF] Executed DbCommand (1ms) [Parameters=[], CommandType='"Text"', CommandTimeout='30']
SELECT 1
2025-03-18 20:28:00.944 +02:00 [INF] Executed DbCommand (0ms) [Parameters=[], CommandType='"Text"', CommandTimeout='30']
SELECT OBJECT_ID(N'[__EFMigrationsHistory]');
2025-03-18 20:28:00.969 +02:00 [INF] Executed DbCommand (8ms) [Parameters=[], CommandType='"Text"', CommandTimeout='30']
SELECT [MigrationId], [ProductVersion]
FROM [__EFMigrationsHistory]
ORDER BY [MigrationId];
2025-03-18 20:28:00.984 +02:00 [INF] Applying migration '20250318182741_add models'.
2025-03-18 20:28:01.092 +02:00 [INF] Executed DbCommand (39ms) [Parameters=[], CommandType='"Text"', CommandTimeout='30']
CREATE TABLE [Courses] (
    [Id] int NOT NULL IDENTITY,
    [CreatedAt] datetime2 NOT NULL,
    [UpdatedAt] datetime2 NULL,
    [Title] nvarchar(max) NOT NULL,
    [Description] nvarchar(max) NOT NULL,
    CONSTRAINT [PK_Courses] PRIMARY KEY ([Id])
);
2025-03-18 20:28:01.097 +02:00 [INF] Executed DbCommand (4ms) [Parameters=[], CommandType='"Text"', CommandTimeout='30']
CREATE TABLE [Trainers] (
    [Id] int NOT NULL IDENTITY,
    [CreatedAt] datetime2 NOT NULL,
    [UpdatedAt] datetime2 NULL,
    [FullName] nvarchar(max) NOT NULL,
    [Email] nvarchar(max) NOT NULL,
    [PhoneNumber] nvarchar(max) NOT NULL,
    CONSTRAINT [PK_Trainers] PRIMARY KEY ([Id])
);
2025-03-18 20:28:01.101 +02:00 [INF] Executed DbCommand (4ms) [Parameters=[], CommandType='"Text"', CommandTimeout='30']
CREATE TABLE [CourseTrainers] (
    [CourseId] int NOT NULL,
    [TrainerId] int NOT NULL,
    CONSTRAINT [PK_CourseTrainers] PRIMARY KEY ([CourseId], [TrainerId]),
    CONSTRAINT [FK_CourseTrainers_Courses_CourseId] FOREIGN KEY ([CourseId]) REFERENCES [Courses] ([Id]) ON DELETE CASCADE,
    CONSTRAINT [FK_CourseTrainers_Trainers_TrainerId] FOREIGN KEY ([TrainerId]) REFERENCES [Trainers] ([Id]) ON DELETE CASCADE
);
2025-03-18 20:28:01.119 +02:00 [ERR] Failed executing DbCommand (17ms) [Parameters=[], CommandType='"Text"', CommandTimeout='30']
CREATE TABLE [Payments] (
    [Id] int NOT NULL IDENTITY,
    [CreatedAt] datetime2 NOT NULL,
    [UpdatedAt] datetime2 NULL,
    [CourseId] int NOT NULL,
    [TrainerId] int NOT NULL,
    [Amount] decimal(18,2) NOT NULL,
    [PaymentDate] datetime2 NOT NULL,
    CONSTRAINT [PK_Payments] PRIMARY KEY ([Id]),
    CONSTRAINT [FK_Payments_CourseTrainers_CourseId_TrainerId] FOREIGN KEY ([CourseId], [TrainerId]) REFERENCES [CourseTrainers] ([CourseId], [TrainerId]) ON DELETE CASCADE,
    CONSTRAINT [FK_Payments_Trainers_TrainerId] FOREIGN KEY ([TrainerId]) REFERENCES [Trainers] ([Id]) ON DELETE CASCADE
);
2025-03-18 20:29:26.774 +02:00 [WRN] No store type was specified for the decimal property 'Amount' on entity type 'Payment'. This will cause values to be silently truncated if they do not fit in the default precision and scale. Explicitly specify the SQL server column type that can accommodate all the values in 'OnModelCreating' using 'HasColumnType', specify precision and scale using 'HasPrecision', or configure a value converter using 'HasConversion'.
2025-03-18 20:29:26.948 +02:00 [WRN] No store type was specified for the decimal property 'Amount' on entity type 'Payment'. This will cause values to be silently truncated if they do not fit in the default precision and scale. Explicitly specify the SQL server column type that can accommodate all the values in 'OnModelCreating' using 'HasColumnType', specify precision and scale using 'HasPrecision', or configure a value converter using 'HasConversion'.
2025-03-18 20:29:27.543 +02:00 [INF] Executed DbCommand (14ms) [Parameters=[], CommandType='"Text"', CommandTimeout='30']
SELECT 1
2025-03-18 20:29:27.565 +02:00 [INF] Executed DbCommand (10ms) [Parameters=[], CommandType='"Text"', CommandTimeout='30']
SELECT OBJECT_ID(N'[__EFMigrationsHistory]');
2025-03-18 20:29:27.581 +02:00 [INF] Executed DbCommand (8ms) [Parameters=[], CommandType='"Text"', CommandTimeout='30']
SELECT [MigrationId], [ProductVersion]
FROM [__EFMigrationsHistory]
ORDER BY [MigrationId];
2025-03-18 20:30:54.412 +02:00 [WRN] No store type was specified for the decimal property 'Amount' on entity type 'Payment'. This will cause values to be silently truncated if they do not fit in the default precision and scale. Explicitly specify the SQL server column type that can accommodate all the values in 'OnModelCreating' using 'HasColumnType', specify precision and scale using 'HasPrecision', or configure a value converter using 'HasConversion'.
2025-03-18 20:30:54.611 +02:00 [WRN] No store type was specified for the decimal property 'Amount' on entity type 'Payment'. This will cause values to be silently truncated if they do not fit in the default precision and scale. Explicitly specify the SQL server column type that can accommodate all the values in 'OnModelCreating' using 'HasColumnType', specify precision and scale using 'HasPrecision', or configure a value converter using 'HasConversion'.
2025-03-18 20:31:05.155 +02:00 [WRN] No store type was specified for the decimal property 'Amount' on entity type 'Payment'. This will cause values to be silently truncated if they do not fit in the default precision and scale. Explicitly specify the SQL server column type that can accommodate all the values in 'OnModelCreating' using 'HasColumnType', specify precision and scale using 'HasPrecision', or configure a value converter using 'HasConversion'.
2025-03-18 20:31:05.521 +02:00 [INF] Executed DbCommand (14ms) [Parameters=[], CommandType='"Text"', CommandTimeout='30']
SELECT 1
2025-03-18 20:31:05.543 +02:00 [INF] Executed DbCommand (11ms) [Parameters=[], CommandType='"Text"', CommandTimeout='30']
SELECT OBJECT_ID(N'[__EFMigrationsHistory]');
2025-03-18 20:31:05.544 +02:00 [INF] Executed DbCommand (1ms) [Parameters=[], CommandType='"Text"', CommandTimeout='30']
SELECT 1
2025-03-18 20:31:05.545 +02:00 [INF] Executed DbCommand (0ms) [Parameters=[], CommandType='"Text"', CommandTimeout='30']
SELECT OBJECT_ID(N'[__EFMigrationsHistory]');
2025-03-18 20:31:05.558 +02:00 [INF] Executed DbCommand (2ms) [Parameters=[], CommandType='"Text"', CommandTimeout='30']
SELECT [MigrationId], [ProductVersion]
FROM [__EFMigrationsHistory]
ORDER BY [MigrationId];
2025-03-18 20:31:05.574 +02:00 [INF] Applying migration '20250318183055_add models'.
2025-03-18 20:31:05.650 +02:00 [INF] Executed DbCommand (11ms) [Parameters=[], CommandType='"Text"', CommandTimeout='30']
CREATE TABLE [Courses] (
    [Id] int NOT NULL IDENTITY,
    [CreatedAt] datetime2 NOT NULL,
    [UpdatedAt] datetime2 NULL,
    [Title] nvarchar(max) NOT NULL,
    [Description] nvarchar(max) NOT NULL,
    CONSTRAINT [PK_Courses] PRIMARY KEY ([Id])
);
2025-03-18 20:31:05.653 +02:00 [INF] Executed DbCommand (2ms) [Parameters=[], CommandType='"Text"', CommandTimeout='30']
CREATE TABLE [Trainers] (
    [Id] int NOT NULL IDENTITY,
    [CreatedAt] datetime2 NOT NULL,
    [UpdatedAt] datetime2 NULL,
    [FullName] nvarchar(max) NOT NULL,
    [Email] nvarchar(max) NOT NULL,
    [PhoneNumber] nvarchar(max) NOT NULL,
    CONSTRAINT [PK_Trainers] PRIMARY KEY ([Id])
);
2025-03-18 20:31:05.656 +02:00 [INF] Executed DbCommand (3ms) [Parameters=[], CommandType='"Text"', CommandTimeout='30']
CREATE TABLE [CourseTrainers] (
    [CourseId] int NOT NULL,
    [TrainerId] int NOT NULL,
    CONSTRAINT [PK_CourseTrainers] PRIMARY KEY ([CourseId], [TrainerId]),
    CONSTRAINT [FK_CourseTrainers_Courses_CourseId] FOREIGN KEY ([CourseId]) REFERENCES [Courses] ([Id]) ON DELETE CASCADE,
    CONSTRAINT [FK_CourseTrainers_Trainers_TrainerId] FOREIGN KEY ([TrainerId]) REFERENCES [Trainers] ([Id]) ON DELETE CASCADE
);
2025-03-18 20:31:05.659 +02:00 [INF] Executed DbCommand (3ms) [Parameters=[], CommandType='"Text"', CommandTimeout='30']
CREATE TABLE [Payments] (
    [Id] int NOT NULL IDENTITY,
    [CreatedAt] datetime2 NOT NULL,
    [UpdatedAt] datetime2 NULL,
    [CourseId] int NOT NULL,
    [TrainerId] int NOT NULL,
    [Amount] decimal(18,2) NOT NULL,
    [PaymentDate] datetime2 NOT NULL,
    CONSTRAINT [PK_Payments] PRIMARY KEY ([Id]),
    CONSTRAINT [FK_Payments_CourseTrainers_CourseId_TrainerId] FOREIGN KEY ([CourseId], [TrainerId]) REFERENCES [CourseTrainers] ([CourseId], [TrainerId]),
    CONSTRAINT [FK_Payments_Trainers_TrainerId] FOREIGN KEY ([TrainerId]) REFERENCES [Trainers] ([Id]) ON DELETE CASCADE
);
2025-03-18 20:31:05.661 +02:00 [INF] Executed DbCommand (2ms) [Parameters=[], CommandType='"Text"', CommandTimeout='30']
CREATE INDEX [IX_CourseTrainers_TrainerId] ON [CourseTrainers] ([TrainerId]);
2025-03-18 20:31:05.662 +02:00 [INF] Executed DbCommand (1ms) [Parameters=[], CommandType='"Text"', CommandTimeout='30']
CREATE INDEX [IX_Payments_CourseId_TrainerId] ON [Payments] ([CourseId], [TrainerId]);
2025-03-18 20:31:05.663 +02:00 [INF] Executed DbCommand (1ms) [Parameters=[], CommandType='"Text"', CommandTimeout='30']
CREATE INDEX [IX_Payments_TrainerId] ON [Payments] ([TrainerId]);
2025-03-18 20:31:05.666 +02:00 [INF] Executed DbCommand (2ms) [Parameters=[], CommandType='"Text"', CommandTimeout='30']
INSERT INTO [__EFMigrationsHistory] ([MigrationId], [ProductVersion])
VALUES (N'20250318183055_add models', N'8.0.0');
2025-03-18 20:48:54.258 +02:00 [WRN] No store type was specified for the decimal property 'Price' on entity type 'Course'. This will cause values to be silently truncated if they do not fit in the default precision and scale. Explicitly specify the SQL server column type that can accommodate all the values in 'OnModelCreating' using 'HasColumnType', specify precision and scale using 'HasPrecision', or configure a value converter using 'HasConversion'.
2025-03-18 20:48:54.293 +02:00 [WRN] No store type was specified for the decimal property 'Amount' on entity type 'Payment'. This will cause values to be silently truncated if they do not fit in the default precision and scale. Explicitly specify the SQL server column type that can accommodate all the values in 'OnModelCreating' using 'HasColumnType', specify precision and scale using 'HasPrecision', or configure a value converter using 'HasConversion'.
2025-03-18 20:48:54.293 +02:00 [WRN] No store type was specified for the decimal property 'RemainingAmount' on entity type 'Payment'. This will cause values to be silently truncated if they do not fit in the default precision and scale. Explicitly specify the SQL server column type that can accommodate all the values in 'OnModelCreating' using 'HasColumnType', specify precision and scale using 'HasPrecision', or configure a value converter using 'HasConversion'.
2025-03-18 20:48:54.428 +02:00 [WRN] No store type was specified for the decimal property 'Price' on entity type 'Course'. This will cause values to be silently truncated if they do not fit in the default precision and scale. Explicitly specify the SQL server column type that can accommodate all the values in 'OnModelCreating' using 'HasColumnType', specify precision and scale using 'HasPrecision', or configure a value converter using 'HasConversion'.
2025-03-18 20:48:54.428 +02:00 [WRN] No store type was specified for the decimal property 'Amount' on entity type 'Payment'. This will cause values to be silently truncated if they do not fit in the default precision and scale. Explicitly specify the SQL server column type that can accommodate all the values in 'OnModelCreating' using 'HasColumnType', specify precision and scale using 'HasPrecision', or configure a value converter using 'HasConversion'.
2025-03-18 20:48:54.428 +02:00 [WRN] No store type was specified for the decimal property 'RemainingAmount' on entity type 'Payment'. This will cause values to be silently truncated if they do not fit in the default precision and scale. Explicitly specify the SQL server column type that can accommodate all the values in 'OnModelCreating' using 'HasColumnType', specify precision and scale using 'HasPrecision', or configure a value converter using 'HasConversion'.
2025-03-18 20:49:08.198 +02:00 [WRN] No store type was specified for the decimal property 'Price' on entity type 'Course'. This will cause values to be silently truncated if they do not fit in the default precision and scale. Explicitly specify the SQL server column type that can accommodate all the values in 'OnModelCreating' using 'HasColumnType', specify precision and scale using 'HasPrecision', or configure a value converter using 'HasConversion'.
2025-03-18 20:49:08.242 +02:00 [WRN] No store type was specified for the decimal property 'Amount' on entity type 'Payment'. This will cause values to be silently truncated if they do not fit in the default precision and scale. Explicitly specify the SQL server column type that can accommodate all the values in 'OnModelCreating' using 'HasColumnType', specify precision and scale using 'HasPrecision', or configure a value converter using 'HasConversion'.
2025-03-18 20:49:08.242 +02:00 [WRN] No store type was specified for the decimal property 'RemainingAmount' on entity type 'Payment'. This will cause values to be silently truncated if they do not fit in the default precision and scale. Explicitly specify the SQL server column type that can accommodate all the values in 'OnModelCreating' using 'HasColumnType', specify precision and scale using 'HasPrecision', or configure a value converter using 'HasConversion'.
2025-03-18 20:49:08.694 +02:00 [INF] Executed DbCommand (15ms) [Parameters=[], CommandType='"Text"', CommandTimeout='30']
SELECT 1
2025-03-18 20:49:08.714 +02:00 [INF] Executed DbCommand (11ms) [Parameters=[], CommandType='"Text"', CommandTimeout='30']
SELECT OBJECT_ID(N'[__EFMigrationsHistory]');
2025-03-18 20:49:08.716 +02:00 [INF] Executed DbCommand (1ms) [Parameters=[], CommandType='"Text"', CommandTimeout='30']
SELECT 1
2025-03-18 20:49:08.717 +02:00 [INF] Executed DbCommand (0ms) [Parameters=[], CommandType='"Text"', CommandTimeout='30']
SELECT OBJECT_ID(N'[__EFMigrationsHistory]');
2025-03-18 20:49:08.730 +02:00 [INF] Executed DbCommand (3ms) [Parameters=[], CommandType='"Text"', CommandTimeout='30']
SELECT [MigrationId], [ProductVersion]
FROM [__EFMigrationsHistory]
ORDER BY [MigrationId];
2025-03-18 20:49:08.744 +02:00 [INF] Applying migration '20250318184854_add payment status'.
2025-03-18 20:49:08.820 +02:00 [INF] Executed DbCommand (16ms) [Parameters=[], CommandType='"Text"', CommandTimeout='30']
ALTER TABLE [Payments] DROP CONSTRAINT [FK_Payments_Trainers_TrainerId];
2025-03-18 20:49:08.823 +02:00 [INF] Executed DbCommand (2ms) [Parameters=[], CommandType='"Text"', CommandTimeout='30']
DROP INDEX [IX_Payments_TrainerId] ON [Payments];
2025-03-18 20:49:08.852 +02:00 [INF] Executed DbCommand (28ms) [Parameters=[], CommandType='"Text"', CommandTimeout='30']
DECLARE @var0 sysname;
SELECT @var0 = [d].[name]
FROM [sys].[default_constraints] [d]
INNER JOIN [sys].[columns] [c] ON [d].[parent_column_id] = [c].[column_id] AND [d].[parent_object_id] = [c].[object_id]
WHERE ([d].[parent_object_id] = OBJECT_ID(N'[Payments]') AND [c].[name] = N'PaymentDate');
IF @var0 IS NOT NULL EXEC(N'ALTER TABLE [Payments] DROP CONSTRAINT [' + @var0 + '];');
ALTER TABLE [Payments] DROP COLUMN [PaymentDate];
2025-03-18 20:49:08.857 +02:00 [INF] Executed DbCommand (5ms) [Parameters=[], CommandType='"Text"', CommandTimeout='30']
ALTER TABLE [Payments] ADD [PaymentStatusForCourse] int NOT NULL DEFAULT 0;
2025-03-18 20:49:08.859 +02:00 [INF] Executed DbCommand (2ms) [Parameters=[], CommandType='"Text"', CommandTimeout='30']
ALTER TABLE [Payments] ADD [RemainingAmount] decimal(18,2) NOT NULL DEFAULT 0.0;
2025-03-18 20:49:08.861 +02:00 [INF] Executed DbCommand (2ms) [Parameters=[], CommandType='"Text"', CommandTimeout='30']
ALTER TABLE [Courses] ADD [Price] decimal(18,2) NOT NULL DEFAULT 0.0;
2025-03-18 20:49:08.863 +02:00 [INF] Executed DbCommand (2ms) [Parameters=[], CommandType='"Text"', CommandTimeout='30']
INSERT INTO [__EFMigrationsHistory] ([MigrationId], [ProductVersion])
VALUES (N'20250318184854_add payment status', N'8.0.0');
