2025-03-20 02:01:11.537 +02:00 [INF] User profile is available. Using 'C:\Users\AL-FAJR\AppData\Local\ASP.NET\DataProtection-Keys' as key repository and Windows DPAPI to encrypt keys at rest.
2025-03-20 02:01:11.950 +02:00 [INF] Now listening on: https://localhost:7245
2025-03-20 02:01:11.952 +02:00 [INF] Now listening on: http://localhost:5236
2025-03-20 02:01:11.955 +02:00 [INF] Application started. Press Ctrl+C to shut down.
2025-03-20 02:01:11.956 +02:00 [INF] Hosting environment: Development
2025-03-20 02:01:11.958 +02:00 [INF] Content root path: C:\Users\AL-FAJR\Desktop\Course Management API\CourseManagementAPI\CourseManagementAPI
2025-03-20 02:01:13.448 +02:00 [INF] Request starting HTTP/2 GET https://localhost:7245/swagger/index.html - null null
2025-03-20 02:01:13.825 +02:00 [INF] Request finished HTTP/2 GET https://localhost:7245/swagger/index.html - 200 null text/html;charset=utf-8 388.0391ms
2025-03-20 02:01:13.913 +02:00 [INF] Request starting HTTP/2 GET https://localhost:7245/_framework/aspnetcore-browser-refresh.js - null null
2025-03-20 02:01:13.913 +02:00 [INF] Request starting HTTP/2 GET https://localhost:7245/_vs/browserLink - null null
2025-03-20 02:01:13.926 +02:00 [INF] Request finished HTTP/2 GET https://localhost:7245/_framework/aspnetcore-browser-refresh.js - 200 13774 application/javascript; charset=utf-8 14.0731ms
2025-03-20 02:01:14.027 +02:00 [INF] Request finished HTTP/2 GET https://localhost:7245/_vs/browserLink - 200 null text/javascript; charset=UTF-8 114.3344ms
2025-03-20 02:01:46.263 +02:00 [INF] User profile is available. Using 'C:\Users\AL-FAJR\AppData\Local\ASP.NET\DataProtection-Keys' as key repository and Windows DPAPI to encrypt keys at rest.
2025-03-20 02:01:46.691 +02:00 [INF] Now listening on: https://localhost:7245
2025-03-20 02:01:46.693 +02:00 [INF] Now listening on: http://localhost:5236
2025-03-20 02:01:46.697 +02:00 [INF] Application started. Press Ctrl+C to shut down.
2025-03-20 02:01:46.699 +02:00 [INF] Hosting environment: Development
2025-03-20 02:01:46.700 +02:00 [INF] Content root path: C:\Users\AL-FAJR\Desktop\Course Management API\CourseManagementAPI\CourseManagementAPI
2025-03-20 02:01:47.192 +02:00 [INF] Request starting HTTP/2 GET https://localhost:7245/swagger/index.html - null null
2025-03-20 02:01:47.476 +02:00 [INF] Request finished HTTP/2 GET https://localhost:7245/swagger/index.html - 200 null text/html;charset=utf-8 290.1721ms
2025-03-20 02:01:47.512 +02:00 [INF] Request starting HTTP/2 GET https://localhost:7245/_framework/aspnetcore-browser-refresh.js - null null
2025-03-20 02:01:47.547 +02:00 [INF] Request starting HTTP/2 GET https://localhost:7245/_vs/browserLink - null null
2025-03-20 02:01:47.547 +02:00 [INF] Request finished HTTP/2 GET https://localhost:7245/_framework/aspnetcore-browser-refresh.js - 200 13774 application/javascript; charset=utf-8 35.5826ms
2025-03-20 02:01:47.640 +02:00 [INF] Request finished HTTP/2 GET https://localhost:7245/_vs/browserLink - 200 null text/javascript; charset=UTF-8 93.3345ms
2025-03-20 02:01:48.211 +02:00 [INF] Request starting HTTP/2 GET https://localhost:7245/swagger/v1/swagger.json - null null
2025-03-20 02:01:48.405 +02:00 [INF] Request finished HTTP/2 GET https://localhost:7245/swagger/v1/swagger.json - 200 null application/json;charset=utf-8 194.1029ms
2025-03-20 02:02:06.144 +02:00 [INF] Request starting HTTP/2 POST https://localhost:7245/api/Payment/add - application/json 52
2025-03-20 02:02:06.240 +02:00 [INF] Executing endpoint 'CourseManagementAPI.Controllers.PaymentController.AddPayment (CourseManagementAPI)'
2025-03-20 02:02:06.267 +02:00 [INF] Route matched with {action = "AddPayment", controller = "Payment"}. Executing controller action with signature System.Threading.Tasks.Task`1[Microsoft.AspNetCore.Mvc.IActionResult] AddPayment(BusinessAccessLayer.DTOS.TrainerCourseDtos.AddCourseToTrainerDto) on controller CourseManagementAPI.Controllers.PaymentController (CourseManagementAPI).
2025-03-20 02:02:07.087 +02:00 [WRN] No store type was specified for the decimal property 'Price' on entity type 'Course'. This will cause values to be silently truncated if they do not fit in the default precision and scale. Explicitly specify the SQL server column type that can accommodate all the values in 'OnModelCreating' using 'HasColumnType', specify precision and scale using 'HasPrecision', or configure a value converter using 'HasConversion'.
2025-03-20 02:02:07.089 +02:00 [WRN] No store type was specified for the decimal property 'Amount' on entity type 'Payment'. This will cause values to be silently truncated if they do not fit in the default precision and scale. Explicitly specify the SQL server column type that can accommodate all the values in 'OnModelCreating' using 'HasColumnType', specify precision and scale using 'HasPrecision', or configure a value converter using 'HasConversion'.
2025-03-20 02:02:07.091 +02:00 [WRN] No store type was specified for the decimal property 'RemainingAmount' on entity type 'Payment'. This will cause values to be silently truncated if they do not fit in the default precision and scale. Explicitly specify the SQL server column type that can accommodate all the values in 'OnModelCreating' using 'HasColumnType', specify precision and scale using 'HasPrecision', or configure a value converter using 'HasConversion'.
2025-03-20 02:02:07.948 +02:00 [INF] Executed DbCommand (60ms) [Parameters=[@__id_0='?' (DbType = Int32)], CommandType='"Text"', CommandTimeout='30']
SELECT TOP(1) [c].[Id], [c].[CreatedAt], [c].[Description], [c].[Price], [c].[Title], [c].[UpdatedAt]
FROM [Courses] AS [c]
WHERE [c].[Id] = @__id_0
2025-03-20 02:02:08.163 +02:00 [INF] Executed action CourseManagementAPI.Controllers.PaymentController.AddPayment (CourseManagementAPI) in 1890.5021ms
2025-03-20 02:02:08.166 +02:00 [INF] Executed endpoint 'CourseManagementAPI.Controllers.PaymentController.AddPayment (CourseManagementAPI)'
2025-03-20 02:02:08.292 +02:00 [INF] Request finished HTTP/2 POST https://localhost:7245/api/Payment/add - 404 null application/json 2148.6925ms
2025-03-20 02:02:25.596 +02:00 [INF] Request starting HTTP/2 POST https://localhost:7245/api/Payment/add - application/json 53
2025-03-20 02:02:25.603 +02:00 [INF] Executing endpoint 'CourseManagementAPI.Controllers.PaymentController.AddPayment (CourseManagementAPI)'
2025-03-20 02:02:25.605 +02:00 [INF] Route matched with {action = "AddPayment", controller = "Payment"}. Executing controller action with signature System.Threading.Tasks.Task`1[Microsoft.AspNetCore.Mvc.IActionResult] AddPayment(BusinessAccessLayer.DTOS.TrainerCourseDtos.AddCourseToTrainerDto) on controller CourseManagementAPI.Controllers.PaymentController (CourseManagementAPI).
2025-03-20 02:02:25.677 +02:00 [INF] Executed DbCommand (5ms) [Parameters=[@__id_0='?' (DbType = Int32)], CommandType='"Text"', CommandTimeout='30']
SELECT TOP(1) [c].[Id], [c].[CreatedAt], [c].[Description], [c].[Price], [c].[Title], [c].[UpdatedAt]
FROM [Courses] AS [c]
WHERE [c].[Id] = @__id_0
2025-03-20 02:02:25.753 +02:00 [INF] Executed DbCommand (3ms) [Parameters=[@__id_0='?' (DbType = Int32)], CommandType='"Text"', CommandTimeout='30']
SELECT TOP(1) [t].[Id], [t].[CreatedAt], [t].[Email], [t].[FullName], [t].[PhoneNumber], [t].[UpdatedAt]
FROM [Trainers] AS [t]
WHERE [t].[Id] = @__id_0
2025-03-20 02:02:25.881 +02:00 [INF] Executed action CourseManagementAPI.Controllers.PaymentController.AddPayment (CourseManagementAPI) in 273.4312ms
2025-03-20 02:02:25.884 +02:00 [INF] Executed endpoint 'CourseManagementAPI.Controllers.PaymentController.AddPayment (CourseManagementAPI)'
2025-03-20 02:02:25.959 +02:00 [INF] Request finished HTTP/2 POST https://localhost:7245/api/Payment/add - 404 null application/json 362.4116ms
2025-03-20 02:02:42.219 +02:00 [INF] Request starting HTTP/2 POST https://localhost:7245/api/Payment/add - application/json 52
2025-03-20 02:02:42.225 +02:00 [INF] Executing endpoint 'CourseManagementAPI.Controllers.PaymentController.AddPayment (CourseManagementAPI)'
2025-03-20 02:02:42.227 +02:00 [INF] Route matched with {action = "AddPayment", controller = "Payment"}. Executing controller action with signature System.Threading.Tasks.Task`1[Microsoft.AspNetCore.Mvc.IActionResult] AddPayment(BusinessAccessLayer.DTOS.TrainerCourseDtos.AddCourseToTrainerDto) on controller CourseManagementAPI.Controllers.PaymentController (CourseManagementAPI).
2025-03-20 02:02:42.251 +02:00 [INF] Executed DbCommand (2ms) [Parameters=[@__id_0='?' (DbType = Int32)], CommandType='"Text"', CommandTimeout='30']
SELECT TOP(1) [c].[Id], [c].[CreatedAt], [c].[Description], [c].[Price], [c].[Title], [c].[UpdatedAt]
FROM [Courses] AS [c]
WHERE [c].[Id] = @__id_0
2025-03-20 02:02:42.257 +02:00 [INF] Executed DbCommand (1ms) [Parameters=[@__id_0='?' (DbType = Int32)], CommandType='"Text"', CommandTimeout='30']
SELECT TOP(1) [t].[Id], [t].[CreatedAt], [t].[Email], [t].[FullName], [t].[PhoneNumber], [t].[UpdatedAt]
FROM [Trainers] AS [t]
WHERE [t].[Id] = @__id_0
2025-03-20 02:02:42.294 +02:00 [INF] Executed DbCommand (9ms) [Parameters=[@__TrainerId_0='?' (DbType = Int32), @__CourseId_1='?' (DbType = Int32)], CommandType='"Text"', CommandTimeout='30']
SELECT TOP(1) [c].[CourseId], [c].[TrainerId]
FROM [CourseTrainers] AS [c]
WHERE [c].[TrainerId] = @__TrainerId_0 AND [c].[CourseId] = @__CourseId_1
2025-03-20 02:02:42.405 +02:00 [INF] Executed action CourseManagementAPI.Controllers.PaymentController.AddPayment (CourseManagementAPI) in 175.5705ms
2025-03-20 02:02:42.408 +02:00 [INF] Executed endpoint 'CourseManagementAPI.Controllers.PaymentController.AddPayment (CourseManagementAPI)'
2025-03-20 02:02:42.481 +02:00 [INF] Request finished HTTP/2 POST https://localhost:7245/api/Payment/add - 404 null application/json 262.685ms
2025-03-20 02:02:54.067 +02:00 [INF] Request starting HTTP/2 POST https://localhost:7245/api/Payment/add - application/json 53
2025-03-20 02:02:54.071 +02:00 [INF] Executing endpoint 'CourseManagementAPI.Controllers.PaymentController.AddPayment (CourseManagementAPI)'
2025-03-20 02:02:54.073 +02:00 [INF] Route matched with {action = "AddPayment", controller = "Payment"}. Executing controller action with signature System.Threading.Tasks.Task`1[Microsoft.AspNetCore.Mvc.IActionResult] AddPayment(BusinessAccessLayer.DTOS.TrainerCourseDtos.AddCourseToTrainerDto) on controller CourseManagementAPI.Controllers.PaymentController (CourseManagementAPI).
2025-03-20 02:02:54.078 +02:00 [INF] Executed DbCommand (1ms) [Parameters=[@__id_0='?' (DbType = Int32)], CommandType='"Text"', CommandTimeout='30']
SELECT TOP(1) [c].[Id], [c].[CreatedAt], [c].[Description], [c].[Price], [c].[Title], [c].[UpdatedAt]
FROM [Courses] AS [c]
WHERE [c].[Id] = @__id_0
2025-03-20 02:02:54.085 +02:00 [INF] Executed DbCommand (1ms) [Parameters=[@__id_0='?' (DbType = Int32)], CommandType='"Text"', CommandTimeout='30']
SELECT TOP(1) [t].[Id], [t].[CreatedAt], [t].[Email], [t].[FullName], [t].[PhoneNumber], [t].[UpdatedAt]
FROM [Trainers] AS [t]
WHERE [t].[Id] = @__id_0
2025-03-20 02:02:54.090 +02:00 [INF] Executed DbCommand (1ms) [Parameters=[@__TrainerId_0='?' (DbType = Int32), @__CourseId_1='?' (DbType = Int32)], CommandType='"Text"', CommandTimeout='30']
SELECT TOP(1) [c].[CourseId], [c].[TrainerId]
FROM [CourseTrainers] AS [c]
WHERE [c].[TrainerId] = @__TrainerId_0 AND [c].[CourseId] = @__CourseId_1
2025-03-20 02:02:54.154 +02:00 [INF] Executed DbCommand (14ms) [Parameters=[@__TrainerId_0='?' (DbType = Int32), @__CourseId_1='?' (DbType = Int32)], CommandType='"Text"', CommandTimeout='30']
SELECT TOP(1) [p].[Id], [p].[Amount], [p].[CourseId], [p].[CreatedAt], [p].[PaymentStatusForCourse], [p].[RemainingAmount], [p].[TrainerId], [p].[UpdatedAt]
FROM [Payments] AS [p]
WHERE [p].[TrainerId] = @__TrainerId_0 AND [p].[CourseId] = @__CourseId_1
ORDER BY [p].[CreatedAt]
2025-03-20 02:02:54.342 +02:00 [INF] Executed DbCommand (6ms) [Parameters=[@p0='?' (Precision = 18) (Scale = 2) (DbType = Decimal), @p1='?' (DbType = Int32), @p2='?' (DbType = DateTime2), @p3='?' (DbType = Int32), @p4='?' (Precision = 18) (Scale = 2) (DbType = Decimal), @p5='?' (DbType = Int32), @p6='?' (DbType = DateTime2)], CommandType='"Text"', CommandTimeout='30']
SET IMPLICIT_TRANSACTIONS OFF;
SET NOCOUNT ON;
INSERT INTO [Payments] ([Amount], [CourseId], [CreatedAt], [PaymentStatusForCourse], [RemainingAmount], [TrainerId], [UpdatedAt])
OUTPUT INSERTED.[Id]
VALUES (@p0, @p1, @p2, @p3, @p4, @p5, @p6);
2025-03-20 02:02:54.379 +02:00 [INF] Executing OkObjectResult, writing value of type '<>f__AnonymousType0`1[[System.String, System.Private.CoreLib, Version=8.0.0.0, Culture=neutral, PublicKeyToken=7cec85d7bea7798e]]'.
2025-03-20 02:02:54.388 +02:00 [INF] Executed action CourseManagementAPI.Controllers.PaymentController.AddPayment (CourseManagementAPI) in 312.6971ms
2025-03-20 02:02:54.391 +02:00 [INF] Executed endpoint 'CourseManagementAPI.Controllers.PaymentController.AddPayment (CourseManagementAPI)'
2025-03-20 02:02:54.394 +02:00 [INF] Request finished HTTP/2 POST https://localhost:7245/api/Payment/add - 200 null application/json; charset=utf-8 327.3633ms
2025-03-20 02:03:08.937 +02:00 [INF] Request starting HTTP/2 POST https://localhost:7245/api/Payment/add - application/json 53
2025-03-20 02:03:08.943 +02:00 [INF] Executing endpoint 'CourseManagementAPI.Controllers.PaymentController.AddPayment (CourseManagementAPI)'
2025-03-20 02:03:08.945 +02:00 [INF] Route matched with {action = "AddPayment", controller = "Payment"}. Executing controller action with signature System.Threading.Tasks.Task`1[Microsoft.AspNetCore.Mvc.IActionResult] AddPayment(BusinessAccessLayer.DTOS.TrainerCourseDtos.AddCourseToTrainerDto) on controller CourseManagementAPI.Controllers.PaymentController (CourseManagementAPI).
2025-03-20 02:03:08.964 +02:00 [INF] Executed DbCommand (2ms) [Parameters=[@__id_0='?' (DbType = Int32)], CommandType='"Text"', CommandTimeout='30']
SELECT TOP(1) [c].[Id], [c].[CreatedAt], [c].[Description], [c].[Price], [c].[Title], [c].[UpdatedAt]
FROM [Courses] AS [c]
WHERE [c].[Id] = @__id_0
2025-03-20 02:03:08.969 +02:00 [INF] Executed DbCommand (1ms) [Parameters=[@__id_0='?' (DbType = Int32)], CommandType='"Text"', CommandTimeout='30']
SELECT TOP(1) [t].[Id], [t].[CreatedAt], [t].[Email], [t].[FullName], [t].[PhoneNumber], [t].[UpdatedAt]
FROM [Trainers] AS [t]
WHERE [t].[Id] = @__id_0
2025-03-20 02:03:08.974 +02:00 [INF] Executed DbCommand (1ms) [Parameters=[@__TrainerId_0='?' (DbType = Int32), @__CourseId_1='?' (DbType = Int32)], CommandType='"Text"', CommandTimeout='30']
SELECT TOP(1) [c].[CourseId], [c].[TrainerId]
FROM [CourseTrainers] AS [c]
WHERE [c].[TrainerId] = @__TrainerId_0 AND [c].[CourseId] = @__CourseId_1
2025-03-20 02:03:08.979 +02:00 [INF] Executed DbCommand (1ms) [Parameters=[@__TrainerId_0='?' (DbType = Int32), @__CourseId_1='?' (DbType = Int32)], CommandType='"Text"', CommandTimeout='30']
SELECT TOP(1) [p].[Id], [p].[Amount], [p].[CourseId], [p].[CreatedAt], [p].[PaymentStatusForCourse], [p].[RemainingAmount], [p].[TrainerId], [p].[UpdatedAt]
FROM [Payments] AS [p]
WHERE [p].[TrainerId] = @__TrainerId_0 AND [p].[CourseId] = @__CourseId_1
ORDER BY [p].[CreatedAt]
2025-03-20 02:03:08.987 +02:00 [INF] Executed DbCommand (1ms) [Parameters=[@p0='?' (Precision = 18) (Scale = 2) (DbType = Decimal), @p1='?' (DbType = Int32), @p2='?' (DbType = DateTime2), @p3='?' (DbType = Int32), @p4='?' (Precision = 18) (Scale = 2) (DbType = Decimal), @p5='?' (DbType = Int32), @p6='?' (DbType = DateTime2)], CommandType='"Text"', CommandTimeout='30']
SET IMPLICIT_TRANSACTIONS OFF;
SET NOCOUNT ON;
INSERT INTO [Payments] ([Amount], [CourseId], [CreatedAt], [PaymentStatusForCourse], [RemainingAmount], [TrainerId], [UpdatedAt])
OUTPUT INSERTED.[Id]
VALUES (@p0, @p1, @p2, @p3, @p4, @p5, @p6);
2025-03-20 02:03:08.990 +02:00 [INF] Executing OkObjectResult, writing value of type '<>f__AnonymousType0`1[[System.String, System.Private.CoreLib, Version=8.0.0.0, Culture=neutral, PublicKeyToken=7cec85d7bea7798e]]'.
2025-03-20 02:03:08.992 +02:00 [INF] Executed action CourseManagementAPI.Controllers.PaymentController.AddPayment (CourseManagementAPI) in 38.4095ms
2025-03-20 02:03:08.995 +02:00 [INF] Executed endpoint 'CourseManagementAPI.Controllers.PaymentController.AddPayment (CourseManagementAPI)'
2025-03-20 02:03:08.997 +02:00 [INF] Request finished HTTP/2 POST https://localhost:7245/api/Payment/add - 200 null application/json; charset=utf-8 60.2252ms
2025-03-20 02:03:29.814 +02:00 [INF] Request starting HTTP/2 POST https://localhost:7245/api/Payment/add - application/json 53
2025-03-20 02:03:29.830 +02:00 [INF] Executing endpoint 'CourseManagementAPI.Controllers.PaymentController.AddPayment (CourseManagementAPI)'
2025-03-20 02:03:29.832 +02:00 [INF] Route matched with {action = "AddPayment", controller = "Payment"}. Executing controller action with signature System.Threading.Tasks.Task`1[Microsoft.AspNetCore.Mvc.IActionResult] AddPayment(BusinessAccessLayer.DTOS.TrainerCourseDtos.AddCourseToTrainerDto) on controller CourseManagementAPI.Controllers.PaymentController (CourseManagementAPI).
2025-03-20 02:03:29.840 +02:00 [INF] Executed DbCommand (4ms) [Parameters=[@__id_0='?' (DbType = Int32)], CommandType='"Text"', CommandTimeout='30']
SELECT TOP(1) [c].[Id], [c].[CreatedAt], [c].[Description], [c].[Price], [c].[Title], [c].[UpdatedAt]
FROM [Courses] AS [c]
WHERE [c].[Id] = @__id_0
2025-03-20 02:03:29.847 +02:00 [INF] Executed DbCommand (2ms) [Parameters=[@__id_0='?' (DbType = Int32)], CommandType='"Text"', CommandTimeout='30']
SELECT TOP(1) [t].[Id], [t].[CreatedAt], [t].[Email], [t].[FullName], [t].[PhoneNumber], [t].[UpdatedAt]
FROM [Trainers] AS [t]
WHERE [t].[Id] = @__id_0
2025-03-20 02:03:29.855 +02:00 [INF] Executed DbCommand (4ms) [Parameters=[@__TrainerId_0='?' (DbType = Int32), @__CourseId_1='?' (DbType = Int32)], CommandType='"Text"', CommandTimeout='30']
SELECT TOP(1) [c].[CourseId], [c].[TrainerId]
FROM [CourseTrainers] AS [c]
WHERE [c].[TrainerId] = @__TrainerId_0 AND [c].[CourseId] = @__CourseId_1
2025-03-20 02:03:29.863 +02:00 [INF] Executed DbCommand (3ms) [Parameters=[@__TrainerId_0='?' (DbType = Int32), @__CourseId_1='?' (DbType = Int32)], CommandType='"Text"', CommandTimeout='30']
SELECT TOP(1) [p].[Id], [p].[Amount], [p].[CourseId], [p].[CreatedAt], [p].[PaymentStatusForCourse], [p].[RemainingAmount], [p].[TrainerId], [p].[UpdatedAt]
FROM [Payments] AS [p]
WHERE [p].[TrainerId] = @__TrainerId_0 AND [p].[CourseId] = @__CourseId_1
ORDER BY [p].[CreatedAt]
2025-03-20 02:03:29.871 +02:00 [INF] Executed DbCommand (4ms) [Parameters=[@p0='?' (Precision = 18) (Scale = 2) (DbType = Decimal), @p1='?' (DbType = Int32), @p2='?' (DbType = DateTime2), @p3='?' (DbType = Int32), @p4='?' (Precision = 18) (Scale = 2) (DbType = Decimal), @p5='?' (DbType = Int32), @p6='?' (DbType = DateTime2)], CommandType='"Text"', CommandTimeout='30']
SET IMPLICIT_TRANSACTIONS OFF;
SET NOCOUNT ON;
INSERT INTO [Payments] ([Amount], [CourseId], [CreatedAt], [PaymentStatusForCourse], [RemainingAmount], [TrainerId], [UpdatedAt])
OUTPUT INSERTED.[Id]
VALUES (@p0, @p1, @p2, @p3, @p4, @p5, @p6);
2025-03-20 02:03:29.876 +02:00 [INF] Executing OkObjectResult, writing value of type '<>f__AnonymousType0`1[[System.String, System.Private.CoreLib, Version=8.0.0.0, Culture=neutral, PublicKeyToken=7cec85d7bea7798e]]'.
2025-03-20 02:03:29.879 +02:00 [INF] Executed action CourseManagementAPI.Controllers.PaymentController.AddPayment (CourseManagementAPI) in 44.7408ms
2025-03-20 02:03:29.883 +02:00 [INF] Executed endpoint 'CourseManagementAPI.Controllers.PaymentController.AddPayment (CourseManagementAPI)'
2025-03-20 02:03:29.886 +02:00 [INF] Request finished HTTP/2 POST https://localhost:7245/api/Payment/add - 200 null application/json; charset=utf-8 72.0614ms
2025-03-20 02:05:54.662 +02:00 [INF] User profile is available. Using 'C:\Users\AL-FAJR\AppData\Local\ASP.NET\DataProtection-Keys' as key repository and Windows DPAPI to encrypt keys at rest.
2025-03-20 02:05:55.078 +02:00 [INF] Now listening on: https://localhost:7245
2025-03-20 02:05:55.080 +02:00 [INF] Now listening on: http://localhost:5236
2025-03-20 02:05:55.082 +02:00 [INF] Application started. Press Ctrl+C to shut down.
2025-03-20 02:05:55.084 +02:00 [INF] Hosting environment: Development
2025-03-20 02:05:55.085 +02:00 [INF] Content root path: C:\Users\AL-FAJR\Desktop\Course Management API\CourseManagementAPI\CourseManagementAPI
2025-03-20 02:05:55.689 +02:00 [INF] Request starting HTTP/2 GET https://localhost:7245/swagger/index.html - null null
2025-03-20 02:05:55.960 +02:00 [INF] Request finished HTTP/2 GET https://localhost:7245/swagger/index.html - 200 null text/html;charset=utf-8 279.179ms
2025-03-20 02:05:56.012 +02:00 [INF] Request starting HTTP/2 GET https://localhost:7245/_framework/aspnetcore-browser-refresh.js - null null
2025-03-20 02:05:56.023 +02:00 [INF] Request starting HTTP/2 GET https://localhost:7245/_vs/browserLink - null null
2025-03-20 02:05:56.036 +02:00 [INF] Request finished HTTP/2 GET https://localhost:7245/_framework/aspnetcore-browser-refresh.js - 200 13774 application/javascript; charset=utf-8 24.5254ms
2025-03-20 02:05:56.106 +02:00 [INF] Request finished HTTP/2 GET https://localhost:7245/_vs/browserLink - 200 null text/javascript; charset=UTF-8 82.5603ms
2025-03-20 02:05:56.572 +02:00 [INF] Request starting HTTP/2 GET https://localhost:7245/swagger/v1/swagger.json - null null
2025-03-20 02:05:56.744 +02:00 [INF] Request finished HTTP/2 GET https://localhost:7245/swagger/v1/swagger.json - 200 null application/json;charset=utf-8 171.817ms
2025-03-20 02:06:17.986 +02:00 [INF] Request starting HTTP/2 POST https://localhost:7245/api/Payment/add - application/json 53
2025-03-20 02:06:18.070 +02:00 [INF] Executing endpoint 'CourseManagementAPI.Controllers.PaymentController.AddPayment (CourseManagementAPI)'
2025-03-20 02:06:18.096 +02:00 [INF] Route matched with {action = "AddPayment", controller = "Payment"}. Executing controller action with signature System.Threading.Tasks.Task`1[Microsoft.AspNetCore.Mvc.IActionResult] AddPayment(BusinessAccessLayer.DTOS.TrainerCourseDtos.AddCourseToTrainerDto) on controller CourseManagementAPI.Controllers.PaymentController (CourseManagementAPI).
2025-03-20 02:06:18.880 +02:00 [WRN] No store type was specified for the decimal property 'Price' on entity type 'Course'. This will cause values to be silently truncated if they do not fit in the default precision and scale. Explicitly specify the SQL server column type that can accommodate all the values in 'OnModelCreating' using 'HasColumnType', specify precision and scale using 'HasPrecision', or configure a value converter using 'HasConversion'.
2025-03-20 02:06:18.882 +02:00 [WRN] No store type was specified for the decimal property 'Amount' on entity type 'Payment'. This will cause values to be silently truncated if they do not fit in the default precision and scale. Explicitly specify the SQL server column type that can accommodate all the values in 'OnModelCreating' using 'HasColumnType', specify precision and scale using 'HasPrecision', or configure a value converter using 'HasConversion'.
2025-03-20 02:06:18.885 +02:00 [WRN] No store type was specified for the decimal property 'RemainingAmount' on entity type 'Payment'. This will cause values to be silently truncated if they do not fit in the default precision and scale. Explicitly specify the SQL server column type that can accommodate all the values in 'OnModelCreating' using 'HasColumnType', specify precision and scale using 'HasPrecision', or configure a value converter using 'HasConversion'.
2025-03-20 02:06:19.675 +02:00 [INF] Executed DbCommand (47ms) [Parameters=[@__id_0='?' (DbType = Int32)], CommandType='"Text"', CommandTimeout='30']
SELECT TOP(1) [c].[Id], [c].[CreatedAt], [c].[Description], [c].[Price], [c].[Title], [c].[UpdatedAt]
FROM [Courses] AS [c]
WHERE [c].[Id] = @__id_0
2025-03-20 02:06:19.775 +02:00 [INF] Executed DbCommand (7ms) [Parameters=[@__id_0='?' (DbType = Int32)], CommandType='"Text"', CommandTimeout='30']
SELECT TOP(1) [t].[Id], [t].[CreatedAt], [t].[Email], [t].[FullName], [t].[PhoneNumber], [t].[UpdatedAt]
FROM [Trainers] AS [t]
WHERE [t].[Id] = @__id_0
2025-03-20 02:06:19.804 +02:00 [INF] Executed DbCommand (2ms) [Parameters=[@__TrainerId_0='?' (DbType = Int32), @__CourseId_1='?' (DbType = Int32)], CommandType='"Text"', CommandTimeout='30']
SELECT TOP(1) [c].[CourseId], [c].[TrainerId]
FROM [CourseTrainers] AS [c]
WHERE [c].[TrainerId] = @__TrainerId_0 AND [c].[CourseId] = @__CourseId_1
2025-03-20 02:06:19.852 +02:00 [INF] Executed DbCommand (3ms) [Parameters=[@__TrainerId_0='?' (DbType = Int32), @__CourseId_1='?' (DbType = Int32)], CommandType='"Text"', CommandTimeout='30']
SELECT TOP(1) [p].[Id], [p].[Amount], [p].[CourseId], [p].[CreatedAt], [p].[PaymentStatusForCourse], [p].[RemainingAmount], [p].[TrainerId], [p].[UpdatedAt]
FROM [Payments] AS [p]
WHERE [p].[TrainerId] = @__TrainerId_0 AND [p].[CourseId] = @__CourseId_1
ORDER BY [p].[CreatedAt] DESC
2025-03-20 02:06:20.017 +02:00 [INF] Executed DbCommand (4ms) [Parameters=[@p0='?' (Precision = 18) (Scale = 2) (DbType = Decimal), @p1='?' (DbType = Int32), @p2='?' (DbType = DateTime2), @p3='?' (DbType = Int32), @p4='?' (Precision = 18) (Scale = 2) (DbType = Decimal), @p5='?' (DbType = Int32), @p6='?' (DbType = DateTime2)], CommandType='"Text"', CommandTimeout='30']
SET IMPLICIT_TRANSACTIONS OFF;
SET NOCOUNT ON;
INSERT INTO [Payments] ([Amount], [CourseId], [CreatedAt], [PaymentStatusForCourse], [RemainingAmount], [TrainerId], [UpdatedAt])
OUTPUT INSERTED.[Id]
VALUES (@p0, @p1, @p2, @p3, @p4, @p5, @p6);
2025-03-20 02:06:20.049 +02:00 [INF] Executing OkObjectResult, writing value of type '<>f__AnonymousType0`1[[System.String, System.Private.CoreLib, Version=8.0.0.0, Culture=neutral, PublicKeyToken=7cec85d7bea7798e]]'.
2025-03-20 02:06:20.062 +02:00 [INF] Executed action CourseManagementAPI.Controllers.PaymentController.AddPayment (CourseManagementAPI) in 1958.6938ms
2025-03-20 02:06:20.065 +02:00 [INF] Executed endpoint 'CourseManagementAPI.Controllers.PaymentController.AddPayment (CourseManagementAPI)'
2025-03-20 02:06:20.075 +02:00 [INF] Request finished HTTP/2 POST https://localhost:7245/api/Payment/add - 200 null application/json; charset=utf-8 2089.162ms
2025-03-20 02:06:45.508 +02:00 [INF] Request starting HTTP/2 POST https://localhost:7245/api/Payment/add - application/json 53
2025-03-20 02:06:45.519 +02:00 [INF] Executing endpoint 'CourseManagementAPI.Controllers.PaymentController.AddPayment (CourseManagementAPI)'
2025-03-20 02:06:45.521 +02:00 [INF] Route matched with {action = "AddPayment", controller = "Payment"}. Executing controller action with signature System.Threading.Tasks.Task`1[Microsoft.AspNetCore.Mvc.IActionResult] AddPayment(BusinessAccessLayer.DTOS.TrainerCourseDtos.AddCourseToTrainerDto) on controller CourseManagementAPI.Controllers.PaymentController (CourseManagementAPI).
2025-03-20 02:06:45.591 +02:00 [INF] Executed DbCommand (3ms) [Parameters=[@__id_0='?' (DbType = Int32)], CommandType='"Text"', CommandTimeout='30']
SELECT TOP(1) [c].[Id], [c].[CreatedAt], [c].[Description], [c].[Price], [c].[Title], [c].[UpdatedAt]
FROM [Courses] AS [c]
WHERE [c].[Id] = @__id_0
2025-03-20 02:06:45.596 +02:00 [INF] Executed DbCommand (2ms) [Parameters=[@__id_0='?' (DbType = Int32)], CommandType='"Text"', CommandTimeout='30']
SELECT TOP(1) [t].[Id], [t].[CreatedAt], [t].[Email], [t].[FullName], [t].[PhoneNumber], [t].[UpdatedAt]
FROM [Trainers] AS [t]
WHERE [t].[Id] = @__id_0
2025-03-20 02:06:45.603 +02:00 [INF] Executed DbCommand (2ms) [Parameters=[@__TrainerId_0='?' (DbType = Int32), @__CourseId_1='?' (DbType = Int32)], CommandType='"Text"', CommandTimeout='30']
SELECT TOP(1) [c].[CourseId], [c].[TrainerId]
FROM [CourseTrainers] AS [c]
WHERE [c].[TrainerId] = @__TrainerId_0 AND [c].[CourseId] = @__CourseId_1
2025-03-20 02:06:45.610 +02:00 [INF] Executed DbCommand (3ms) [Parameters=[@__TrainerId_0='?' (DbType = Int32), @__CourseId_1='?' (DbType = Int32)], CommandType='"Text"', CommandTimeout='30']
SELECT TOP(1) [p].[Id], [p].[Amount], [p].[CourseId], [p].[CreatedAt], [p].[PaymentStatusForCourse], [p].[RemainingAmount], [p].[TrainerId], [p].[UpdatedAt]
FROM [Payments] AS [p]
WHERE [p].[TrainerId] = @__TrainerId_0 AND [p].[CourseId] = @__CourseId_1
ORDER BY [p].[CreatedAt] DESC
2025-03-20 02:06:45.620 +02:00 [INF] Executed DbCommand (3ms) [Parameters=[@p0='?' (Precision = 18) (Scale = 2) (DbType = Decimal), @p1='?' (DbType = Int32), @p2='?' (DbType = DateTime2), @p3='?' (DbType = Int32), @p4='?' (Precision = 18) (Scale = 2) (DbType = Decimal), @p5='?' (DbType = Int32), @p6='?' (DbType = DateTime2)], CommandType='"Text"', CommandTimeout='30']
SET IMPLICIT_TRANSACTIONS OFF;
SET NOCOUNT ON;
INSERT INTO [Payments] ([Amount], [CourseId], [CreatedAt], [PaymentStatusForCourse], [RemainingAmount], [TrainerId], [UpdatedAt])
OUTPUT INSERTED.[Id]
VALUES (@p0, @p1, @p2, @p3, @p4, @p5, @p6);
2025-03-20 02:06:45.625 +02:00 [INF] Executing OkObjectResult, writing value of type '<>f__AnonymousType0`1[[System.String, System.Private.CoreLib, Version=8.0.0.0, Culture=neutral, PublicKeyToken=7cec85d7bea7798e]]'.
2025-03-20 02:06:45.628 +02:00 [INF] Executed action CourseManagementAPI.Controllers.PaymentController.AddPayment (CourseManagementAPI) in 102.6214ms
2025-03-20 02:06:45.632 +02:00 [INF] Executed endpoint 'CourseManagementAPI.Controllers.PaymentController.AddPayment (CourseManagementAPI)'
2025-03-20 02:06:45.636 +02:00 [INF] Request finished HTTP/2 POST https://localhost:7245/api/Payment/add - 200 null application/json; charset=utf-8 128.035ms
2025-03-20 02:07:00.380 +02:00 [INF] Request starting HTTP/2 POST https://localhost:7245/api/Payment/add - application/json 53
2025-03-20 02:07:00.386 +02:00 [INF] Executing endpoint 'CourseManagementAPI.Controllers.PaymentController.AddPayment (CourseManagementAPI)'
2025-03-20 02:07:00.388 +02:00 [INF] Route matched with {action = "AddPayment", controller = "Payment"}. Executing controller action with signature System.Threading.Tasks.Task`1[Microsoft.AspNetCore.Mvc.IActionResult] AddPayment(BusinessAccessLayer.DTOS.TrainerCourseDtos.AddCourseToTrainerDto) on controller CourseManagementAPI.Controllers.PaymentController (CourseManagementAPI).
2025-03-20 02:07:00.411 +02:00 [INF] Executed DbCommand (2ms) [Parameters=[@__id_0='?' (DbType = Int32)], CommandType='"Text"', CommandTimeout='30']
SELECT TOP(1) [c].[Id], [c].[CreatedAt], [c].[Description], [c].[Price], [c].[Title], [c].[UpdatedAt]
FROM [Courses] AS [c]
WHERE [c].[Id] = @__id_0
2025-03-20 02:07:00.417 +02:00 [INF] Executed DbCommand (1ms) [Parameters=[@__id_0='?' (DbType = Int32)], CommandType='"Text"', CommandTimeout='30']
SELECT TOP(1) [t].[Id], [t].[CreatedAt], [t].[Email], [t].[FullName], [t].[PhoneNumber], [t].[UpdatedAt]
FROM [Trainers] AS [t]
WHERE [t].[Id] = @__id_0
2025-03-20 02:07:00.424 +02:00 [INF] Executed DbCommand (1ms) [Parameters=[@__TrainerId_0='?' (DbType = Int32), @__CourseId_1='?' (DbType = Int32)], CommandType='"Text"', CommandTimeout='30']
SELECT TOP(1) [c].[CourseId], [c].[TrainerId]
FROM [CourseTrainers] AS [c]
WHERE [c].[TrainerId] = @__TrainerId_0 AND [c].[CourseId] = @__CourseId_1
2025-03-20 02:07:00.428 +02:00 [INF] Executed DbCommand (1ms) [Parameters=[@__TrainerId_0='?' (DbType = Int32), @__CourseId_1='?' (DbType = Int32)], CommandType='"Text"', CommandTimeout='30']
SELECT TOP(1) [p].[Id], [p].[Amount], [p].[CourseId], [p].[CreatedAt], [p].[PaymentStatusForCourse], [p].[RemainingAmount], [p].[TrainerId], [p].[UpdatedAt]
FROM [Payments] AS [p]
WHERE [p].[TrainerId] = @__TrainerId_0 AND [p].[CourseId] = @__CourseId_1
ORDER BY [p].[CreatedAt] DESC
2025-03-20 02:07:00.586 +02:00 [INF] Executed action CourseManagementAPI.Controllers.PaymentController.AddPayment (CourseManagementAPI) in 194.9582ms
2025-03-20 02:07:00.588 +02:00 [INF] Executed endpoint 'CourseManagementAPI.Controllers.PaymentController.AddPayment (CourseManagementAPI)'
2025-03-20 02:07:00.701 +02:00 [INF] Request finished HTTP/2 POST https://localhost:7245/api/Payment/add - 404 null application/json 322.1787ms
2025-03-20 22:21:44.558 +02:00 [INF] User profile is available. Using 'C:\Users\AL-FAJR\AppData\Local\ASP.NET\DataProtection-Keys' as key repository and Windows DPAPI to encrypt keys at rest.
2025-03-20 22:21:45.063 +02:00 [INF] Now listening on: https://localhost:7245
2025-03-20 22:21:45.065 +02:00 [INF] Now listening on: http://localhost:5236
2025-03-20 22:21:45.067 +02:00 [INF] Application started. Press Ctrl+C to shut down.
2025-03-20 22:21:45.069 +02:00 [INF] Hosting environment: Development
2025-03-20 22:21:45.070 +02:00 [INF] Content root path: C:\Users\AL-FAJR\Desktop\Course Management API\CourseManagementAPI\CourseManagementAPI
2025-03-20 22:21:45.938 +02:00 [INF] Request starting HTTP/2 GET https://localhost:7245/swagger/index.html - null null
2025-03-20 22:21:46.348 +02:00 [INF] Request finished HTTP/2 GET https://localhost:7245/swagger/index.html - 200 null text/html;charset=utf-8 421.7944ms
2025-03-20 22:21:46.393 +02:00 [INF] Request starting HTTP/2 GET https://localhost:7245/_framework/aspnetcore-browser-refresh.js - null null
2025-03-20 22:21:46.402 +02:00 [INF] Request starting HTTP/2 GET https://localhost:7245/_vs/browserLink - null null
2025-03-20 22:21:46.441 +02:00 [INF] Request finished HTTP/2 GET https://localhost:7245/_framework/aspnetcore-browser-refresh.js - 200 13774 application/javascript; charset=utf-8 40.5587ms
2025-03-20 22:21:46.567 +02:00 [INF] Request finished HTTP/2 GET https://localhost:7245/_vs/browserLink - 200 null text/javascript; charset=UTF-8 166.9213ms
2025-03-20 22:21:47.283 +02:00 [INF] Request starting HTTP/2 GET https://localhost:7245/swagger/v1/swagger.json - null null
2025-03-20 22:21:47.516 +02:00 [INF] Request finished HTTP/2 GET https://localhost:7245/swagger/v1/swagger.json - 200 null application/json;charset=utf-8 232.9074ms
2025-03-20 22:22:10.467 +02:00 [INF] Request starting HTTP/2 GET https://localhost:7245/api/TrainerCourse/2 - null null
2025-03-20 22:22:10.581 +02:00 [INF] Executing endpoint 'CourseManagementAPI.Controllers.TrainerCourseController.GetCourseToTrainer (CourseManagementAPI)'
2025-03-20 22:22:10.611 +02:00 [INF] Route matched with {action = "GetCourseToTrainer", controller = "TrainerCourse"}. Executing controller action with signature System.Threading.Tasks.Task`1[Microsoft.AspNetCore.Mvc.IActionResult] GetCourseToTrainer(Int32) on controller CourseManagementAPI.Controllers.TrainerCourseController (CourseManagementAPI).
2025-03-20 22:22:11.518 +02:00 [WRN] No store type was specified for the decimal property 'Price' on entity type 'Course'. This will cause values to be silently truncated if they do not fit in the default precision and scale. Explicitly specify the SQL server column type that can accommodate all the values in 'OnModelCreating' using 'HasColumnType', specify precision and scale using 'HasPrecision', or configure a value converter using 'HasConversion'.
2025-03-20 22:22:11.521 +02:00 [WRN] No store type was specified for the decimal property 'Amount' on entity type 'Payment'. This will cause values to be silently truncated if they do not fit in the default precision and scale. Explicitly specify the SQL server column type that can accommodate all the values in 'OnModelCreating' using 'HasColumnType', specify precision and scale using 'HasPrecision', or configure a value converter using 'HasConversion'.
2025-03-20 22:22:11.524 +02:00 [WRN] No store type was specified for the decimal property 'RemainingAmount' on entity type 'Payment'. This will cause values to be silently truncated if they do not fit in the default precision and scale. Explicitly specify the SQL server column type that can accommodate all the values in 'OnModelCreating' using 'HasColumnType', specify precision and scale using 'HasPrecision', or configure a value converter using 'HasConversion'.
2025-03-20 22:22:12.544 +02:00 [INF] Executed DbCommand (68ms) [Parameters=[@__trainerId_0='?' (DbType = Int32)], CommandType='"Text"', CommandTimeout='30']
SELECT [c].[CourseId], [c].[TrainerId], [c0].[Id], [c0].[CreatedAt], [c0].[Description], [c0].[Price], [c0].[Title], [c0].[UpdatedAt]
FROM [CourseTrainers] AS [c]
INNER JOIN [Courses] AS [c0] ON [c].[CourseId] = [c0].[Id]
WHERE [c].[TrainerId] = @__trainerId_0
2025-03-20 22:22:12.578 +02:00 [INF] Executing OkObjectResult, writing value of type 'BusinessAccessLayer.DTOS.Response`1[[System.Collections.Generic.IEnumerable`1[[BusinessAccessLayer.DTOS.TrainerCourseDtos.CourseTrainersViewDto, BusinessAccessLayer, Version=1.0.0.0, Culture=neutral, PublicKeyToken=null]], System.Private.CoreLib, Version=8.0.0.0, Culture=neutral, PublicKeyToken=7cec85d7bea7798e]]'.
2025-03-20 22:22:12.594 +02:00 [INF] Executed action CourseManagementAPI.Controllers.TrainerCourseController.GetCourseToTrainer (CourseManagementAPI) in 1975.2751ms
2025-03-20 22:22:12.598 +02:00 [INF] Executed endpoint 'CourseManagementAPI.Controllers.TrainerCourseController.GetCourseToTrainer (CourseManagementAPI)'
2025-03-20 22:22:12.610 +02:00 [INF] Request finished HTTP/2 GET https://localhost:7245/api/TrainerCourse/2 - 200 null application/json; charset=utf-8 2144.4755ms
2025-03-20 22:22:38.742 +02:00 [INF] Request starting HTTP/2 GET https://localhost:7245/api/TrainerCourse/3 - null null
2025-03-20 22:22:38.755 +02:00 [INF] Executing endpoint 'CourseManagementAPI.Controllers.TrainerCourseController.GetCourseToTrainer (CourseManagementAPI)'
2025-03-20 22:22:38.760 +02:00 [INF] Route matched with {action = "GetCourseToTrainer", controller = "TrainerCourse"}. Executing controller action with signature System.Threading.Tasks.Task`1[Microsoft.AspNetCore.Mvc.IActionResult] GetCourseToTrainer(Int32) on controller CourseManagementAPI.Controllers.TrainerCourseController (CourseManagementAPI).
2025-03-20 22:22:38.792 +02:00 [INF] Executed DbCommand (4ms) [Parameters=[@__trainerId_0='?' (DbType = Int32)], CommandType='"Text"', CommandTimeout='30']
SELECT [c].[CourseId], [c].[TrainerId], [c0].[Id], [c0].[CreatedAt], [c0].[Description], [c0].[Price], [c0].[Title], [c0].[UpdatedAt]
FROM [CourseTrainers] AS [c]
INNER JOIN [Courses] AS [c0] ON [c].[CourseId] = [c0].[Id]
WHERE [c].[TrainerId] = @__trainerId_0
2025-03-20 22:22:38.798 +02:00 [INF] Executing OkObjectResult, writing value of type 'BusinessAccessLayer.DTOS.Response`1[[System.Collections.Generic.IEnumerable`1[[BusinessAccessLayer.DTOS.TrainerCourseDtos.CourseTrainersViewDto, BusinessAccessLayer, Version=1.0.0.0, Culture=neutral, PublicKeyToken=null]], System.Private.CoreLib, Version=8.0.0.0, Culture=neutral, PublicKeyToken=7cec85d7bea7798e]]'.
2025-03-20 22:22:38.800 +02:00 [INF] Executed action CourseManagementAPI.Controllers.TrainerCourseController.GetCourseToTrainer (CourseManagementAPI) in 36.0739ms
2025-03-20 22:22:38.802 +02:00 [INF] Executed endpoint 'CourseManagementAPI.Controllers.TrainerCourseController.GetCourseToTrainer (CourseManagementAPI)'
2025-03-20 22:22:38.804 +02:00 [INF] Request finished HTTP/2 GET https://localhost:7245/api/TrainerCourse/3 - 200 null application/json; charset=utf-8 62.8324ms
2025-03-20 22:22:40.358 +02:00 [INF] Request starting HTTP/2 GET https://localhost:7245/api/TrainerCourse/3 - null null
2025-03-20 22:22:40.369 +02:00 [INF] Executing endpoint 'CourseManagementAPI.Controllers.TrainerCourseController.GetCourseToTrainer (CourseManagementAPI)'
2025-03-20 22:22:40.371 +02:00 [INF] Route matched with {action = "GetCourseToTrainer", controller = "TrainerCourse"}. Executing controller action with signature System.Threading.Tasks.Task`1[Microsoft.AspNetCore.Mvc.IActionResult] GetCourseToTrainer(Int32) on controller CourseManagementAPI.Controllers.TrainerCourseController (CourseManagementAPI).
2025-03-20 22:22:40.434 +02:00 [INF] Executed DbCommand (2ms) [Parameters=[@__trainerId_0='?' (DbType = Int32)], CommandType='"Text"', CommandTimeout='30']
SELECT [c].[CourseId], [c].[TrainerId], [c0].[Id], [c0].[CreatedAt], [c0].[Description], [c0].[Price], [c0].[Title], [c0].[UpdatedAt]
FROM [CourseTrainers] AS [c]
INNER JOIN [Courses] AS [c0] ON [c].[CourseId] = [c0].[Id]
WHERE [c].[TrainerId] = @__trainerId_0
2025-03-20 22:22:40.437 +02:00 [INF] Executing OkObjectResult, writing value of type 'BusinessAccessLayer.DTOS.Response`1[[System.Collections.Generic.IEnumerable`1[[BusinessAccessLayer.DTOS.TrainerCourseDtos.CourseTrainersViewDto, BusinessAccessLayer, Version=1.0.0.0, Culture=neutral, PublicKeyToken=null]], System.Private.CoreLib, Version=8.0.0.0, Culture=neutral, PublicKeyToken=7cec85d7bea7798e]]'.
2025-03-20 22:22:40.440 +02:00 [INF] Executed action CourseManagementAPI.Controllers.TrainerCourseController.GetCourseToTrainer (CourseManagementAPI) in 66.4733ms
2025-03-20 22:22:40.442 +02:00 [INF] Executed endpoint 'CourseManagementAPI.Controllers.TrainerCourseController.GetCourseToTrainer (CourseManagementAPI)'
2025-03-20 22:22:40.445 +02:00 [INF] Request finished HTTP/2 GET https://localhost:7245/api/TrainerCourse/3 - 200 null application/json; charset=utf-8 86.7903ms
2025-03-20 22:22:43.007 +02:00 [INF] Request starting HTTP/2 GET https://localhost:7245/api/TrainerCourse/3?trainerId=3 - null null
2025-03-20 22:22:43.011 +02:00 [INF] Executing endpoint 'CourseManagementAPI.Controllers.TrainerCourseController.GetCourseToTrainer (CourseManagementAPI)'
2025-03-20 22:22:43.013 +02:00 [INF] Route matched with {action = "GetCourseToTrainer", controller = "TrainerCourse"}. Executing controller action with signature System.Threading.Tasks.Task`1[Microsoft.AspNetCore.Mvc.IActionResult] GetCourseToTrainer(Int32) on controller CourseManagementAPI.Controllers.TrainerCourseController (CourseManagementAPI).
2025-03-20 22:22:43.030 +02:00 [INF] Executed DbCommand (3ms) [Parameters=[@__trainerId_0='?' (DbType = Int32)], CommandType='"Text"', CommandTimeout='30']
SELECT [c].[CourseId], [c].[TrainerId], [c0].[Id], [c0].[CreatedAt], [c0].[Description], [c0].[Price], [c0].[Title], [c0].[UpdatedAt]
FROM [CourseTrainers] AS [c]
INNER JOIN [Courses] AS [c0] ON [c].[CourseId] = [c0].[Id]
WHERE [c].[TrainerId] = @__trainerId_0
2025-03-20 22:22:43.049 +02:00 [INF] Executing OkObjectResult, writing value of type 'BusinessAccessLayer.DTOS.Response`1[[System.Collections.Generic.IEnumerable`1[[BusinessAccessLayer.DTOS.TrainerCourseDtos.CourseTrainersViewDto, BusinessAccessLayer, Version=1.0.0.0, Culture=neutral, PublicKeyToken=null]], System.Private.CoreLib, Version=8.0.0.0, Culture=neutral, PublicKeyToken=7cec85d7bea7798e]]'.
2025-03-20 22:22:43.056 +02:00 [INF] Executed action CourseManagementAPI.Controllers.TrainerCourseController.GetCourseToTrainer (CourseManagementAPI) in 40.3871ms
2025-03-20 22:22:43.058 +02:00 [INF] Executed endpoint 'CourseManagementAPI.Controllers.TrainerCourseController.GetCourseToTrainer (CourseManagementAPI)'
2025-03-20 22:22:43.061 +02:00 [INF] Request finished HTTP/2 GET https://localhost:7245/api/TrainerCourse/3?trainerId=3 - 200 null application/json; charset=utf-8 53.8687ms
2025-03-20 22:23:32.370 +02:00 [INF] Request starting HTTP/2 POST https://localhost:7245/api/Course - application/json 64
2025-03-20 22:23:32.373 +02:00 [INF] Executing endpoint 'CourseManagementAPI.Controllers.CourseController.CreateCourse (CourseManagementAPI)'
2025-03-20 22:23:32.379 +02:00 [INF] Route matched with {action = "CreateCourse", controller = "Course"}. Executing controller action with signature System.Threading.Tasks.Task`1[Microsoft.AspNetCore.Mvc.IActionResult] CreateCourse(BusinessAccessLayer.DTOS.CourceDtos.CreateCourseDto) on controller CourseManagementAPI.Controllers.CourseController (CourseManagementAPI).
2025-03-20 22:23:32.405 +02:00 [INF] Creating a new course.
2025-03-20 22:23:32.648 +02:00 [INF] Executed DbCommand (7ms) [Parameters=[@p0='?' (DbType = DateTime2), @p1='?' (Size = 4000), @p2='?' (Precision = 18) (Scale = 2) (DbType = Decimal), @p3='?' (Size = 4000), @p4='?' (DbType = DateTime2)], CommandType='"Text"', CommandTimeout='30']
SET IMPLICIT_TRANSACTIONS OFF;
SET NOCOUNT ON;
INSERT INTO [Courses] ([CreatedAt], [Description], [Price], [Title], [UpdatedAt])
OUTPUT INSERTED.[Id]
VALUES (@p0, @p1, @p2, @p3, @p4);
2025-03-20 22:23:32.694 +02:00 [INF] Course created successfully.
2025-03-20 22:23:32.696 +02:00 [INF] Executing OkObjectResult, writing value of type 'BusinessAccessLayer.DTOS.Response`1[[System.String, System.Private.CoreLib, Version=8.0.0.0, Culture=neutral, PublicKeyToken=7cec85d7bea7798e]]'.
2025-03-20 22:23:32.700 +02:00 [INF] Executed action CourseManagementAPI.Controllers.CourseController.CreateCourse (CourseManagementAPI) in 318.083ms
2025-03-20 22:23:32.703 +02:00 [INF] Executed endpoint 'CourseManagementAPI.Controllers.CourseController.CreateCourse (CourseManagementAPI)'
2025-03-20 22:23:32.705 +02:00 [INF] Request finished HTTP/2 POST https://localhost:7245/api/Course - 200 null application/json; charset=utf-8 335.7041ms
2025-03-20 22:24:04.495 +02:00 [INF] Request starting HTTP/2 POST https://localhost:7245/api/TrainerCourse - application/json 52
2025-03-20 22:24:04.512 +02:00 [INF] Executing endpoint 'CourseManagementAPI.Controllers.TrainerCourseController.AddCourseToTrainer (CourseManagementAPI)'
2025-03-20 22:24:04.518 +02:00 [INF] Route matched with {action = "AddCourseToTrainer", controller = "TrainerCourse"}. Executing controller action with signature System.Threading.Tasks.Task`1[Microsoft.AspNetCore.Mvc.IActionResult] AddCourseToTrainer(BusinessAccessLayer.DTOS.TrainerCourseDtos.AddCourseToTrainerDto) on controller CourseManagementAPI.Controllers.TrainerCourseController (CourseManagementAPI).
2025-03-20 22:24:04.549 +02:00 [INF] Executed DbCommand (3ms) [Parameters=[@__id_0='?' (DbType = Int32)], CommandType='"Text"', CommandTimeout='30']
SELECT TOP(1) [c].[Id], [c].[CreatedAt], [c].[Description], [c].[Price], [c].[Title], [c].[UpdatedAt]
FROM [Courses] AS [c]
WHERE [c].[Id] = @__id_0
2025-03-20 22:24:04.570 +02:00 [INF] Executed DbCommand (3ms) [Parameters=[@__id_0='?' (DbType = Int32)], CommandType='"Text"', CommandTimeout='30']
SELECT TOP(1) [t].[Id], [t].[CreatedAt], [t].[Email], [t].[FullName], [t].[PhoneNumber], [t].[UpdatedAt]
FROM [Trainers] AS [t]
WHERE [t].[Id] = @__id_0
2025-03-20 22:24:04.598 +02:00 [INF] Executed DbCommand (3ms) [Parameters=[@__TrainerId_0='?' (DbType = Int32), @__CourseId_1='?' (DbType = Int32)], CommandType='"Text"', CommandTimeout='30']
SELECT TOP(1) [c].[CourseId], [c].[TrainerId]
FROM [CourseTrainers] AS [c]
WHERE [c].[TrainerId] = @__TrainerId_0 AND [c].[CourseId] = @__CourseId_1
2025-03-20 22:24:04.694 +02:00 [INF] Executed DbCommand (6ms) [Parameters=[@p0='?' (DbType = Int32), @p1='?' (DbType = Int32), @p2='?' (Precision = 18) (Scale = 2) (DbType = Decimal), @p3='?' (DbType = Int32), @p4='?' (DbType = DateTime2), @p5='?' (DbType = Int32), @p6='?' (Precision = 18) (Scale = 2) (DbType = Decimal), @p7='?' (DbType = Int32), @p8='?' (DbType = DateTime2)], CommandType='"Text"', CommandTimeout='30']
SET NOCOUNT ON;
INSERT INTO [CourseTrainers] ([CourseId], [TrainerId])
VALUES (@p0, @p1);
INSERT INTO [Payments] ([Amount], [CourseId], [CreatedAt], [PaymentStatusForCourse], [RemainingAmount], [TrainerId], [UpdatedAt])
OUTPUT INSERTED.[Id]
VALUES (@p2, @p3, @p4, @p5, @p6, @p7, @p8);
2025-03-20 22:24:04.710 +02:00 [INF] Executing OkObjectResult, writing value of type 'BusinessAccessLayer.DTOS.Response`1[[System.String, System.Private.CoreLib, Version=8.0.0.0, Culture=neutral, PublicKeyToken=7cec85d7bea7798e]]'.
2025-03-20 22:24:04.712 +02:00 [INF] Executed action CourseManagementAPI.Controllers.TrainerCourseController.AddCourseToTrainer (CourseManagementAPI) in 191.4259ms
2025-03-20 22:24:04.715 +02:00 [INF] Executed endpoint 'CourseManagementAPI.Controllers.TrainerCourseController.AddCourseToTrainer (CourseManagementAPI)'
2025-03-20 22:24:04.717 +02:00 [INF] Request finished HTTP/2 POST https://localhost:7245/api/TrainerCourse - 200 null application/json; charset=utf-8 222.1473ms
2025-03-20 22:24:28.884 +02:00 [INF] Request starting HTTP/2 GET https://localhost:7245/api/TrainerCourse/3?trainerId=3 - null null
2025-03-20 22:24:28.887 +02:00 [INF] Executing endpoint 'CourseManagementAPI.Controllers.TrainerCourseController.GetCourseToTrainer (CourseManagementAPI)'
2025-03-20 22:24:28.889 +02:00 [INF] Route matched with {action = "GetCourseToTrainer", controller = "TrainerCourse"}. Executing controller action with signature System.Threading.Tasks.Task`1[Microsoft.AspNetCore.Mvc.IActionResult] GetCourseToTrainer(Int32) on controller CourseManagementAPI.Controllers.TrainerCourseController (CourseManagementAPI).
2025-03-20 22:24:28.896 +02:00 [INF] Executed DbCommand (3ms) [Parameters=[@__trainerId_0='?' (DbType = Int32)], CommandType='"Text"', CommandTimeout='30']
SELECT [c].[CourseId], [c].[TrainerId], [c0].[Id], [c0].[CreatedAt], [c0].[Description], [c0].[Price], [c0].[Title], [c0].[UpdatedAt]
FROM [CourseTrainers] AS [c]
INNER JOIN [Courses] AS [c0] ON [c].[CourseId] = [c0].[Id]
WHERE [c].[TrainerId] = @__trainerId_0
2025-03-20 22:24:28.899 +02:00 [INF] Executing OkObjectResult, writing value of type 'BusinessAccessLayer.DTOS.Response`1[[System.Collections.Generic.IEnumerable`1[[BusinessAccessLayer.DTOS.TrainerCourseDtos.CourseTrainersViewDto, BusinessAccessLayer, Version=1.0.0.0, Culture=neutral, PublicKeyToken=null]], System.Private.CoreLib, Version=8.0.0.0, Culture=neutral, PublicKeyToken=7cec85d7bea7798e]]'.
2025-03-20 22:24:28.901 +02:00 [INF] Executed action CourseManagementAPI.Controllers.TrainerCourseController.GetCourseToTrainer (CourseManagementAPI) in 10.5324ms
2025-03-20 22:24:28.904 +02:00 [INF] Executed endpoint 'CourseManagementAPI.Controllers.TrainerCourseController.GetCourseToTrainer (CourseManagementAPI)'
2025-03-20 22:24:28.906 +02:00 [INF] Request finished HTTP/2 GET https://localhost:7245/api/TrainerCourse/3?trainerId=3 - 200 null application/json; charset=utf-8 21.8382ms
2025-03-20 23:12:20.675 +02:00 [INF] User profile is available. Using 'C:\Users\AL-FAJR\AppData\Local\ASP.NET\DataProtection-Keys' as key repository and Windows DPAPI to encrypt keys at rest.
2025-03-20 23:12:21.042 +02:00 [INF] Now listening on: https://localhost:7245
2025-03-20 23:12:21.043 +02:00 [INF] Now listening on: http://localhost:5236
2025-03-20 23:12:21.046 +02:00 [INF] Application started. Press Ctrl+C to shut down.
2025-03-20 23:12:21.048 +02:00 [INF] Hosting environment: Development
2025-03-20 23:12:21.049 +02:00 [INF] Content root path: C:\Users\AL-FAJR\Desktop\Course Management API\CourseManagementAPI\CourseManagementAPI
2025-03-20 23:12:21.736 +02:00 [INF] Request starting HTTP/2 GET https://localhost:7245/swagger/index.html - null null
2025-03-20 23:12:22.028 +02:00 [INF] Request finished HTTP/2 GET https://localhost:7245/swagger/index.html - 200 null text/html;charset=utf-8 297.7538ms
2025-03-20 23:12:22.073 +02:00 [INF] Request starting HTTP/2 GET https://localhost:7245/_framework/aspnetcore-browser-refresh.js - null null
2025-03-20 23:12:22.089 +02:00 [INF] Request starting HTTP/2 GET https://localhost:7245/_vs/browserLink - null null
2025-03-20 23:12:22.120 +02:00 [INF] Request finished HTTP/2 GET https://localhost:7245/_framework/aspnetcore-browser-refresh.js - 200 13774 application/javascript; charset=utf-8 47.3449ms
2025-03-20 23:12:22.185 +02:00 [INF] Request finished HTTP/2 GET https://localhost:7245/_vs/browserLink - 200 null text/javascript; charset=UTF-8 96.1607ms
2025-03-20 23:12:22.807 +02:00 [INF] Request starting HTTP/2 GET https://localhost:7245/swagger/v1/swagger.json - null null
2025-03-20 23:12:23.025 +02:00 [INF] Request finished HTTP/2 GET https://localhost:7245/swagger/v1/swagger.json - 200 null application/json;charset=utf-8 217.6802ms
2025-03-20 23:12:39.199 +02:00 [INF] Request starting HTTP/2 GET https://localhost:7245/api/Payment?trainerId=3&courseId=2 - null null
2025-03-20 23:12:39.285 +02:00 [INF] Executing endpoint 'CourseManagementAPI.Controllers.PaymentController.GetTrainerPayments (CourseManagementAPI)'
2025-03-20 23:12:39.313 +02:00 [INF] Route matched with {action = "GetTrainerPayments", controller = "Payment"}. Executing controller action with signature System.Threading.Tasks.Task`1[Microsoft.AspNetCore.Mvc.IActionResult] GetTrainerPayments(Int32, Int32) on controller CourseManagementAPI.Controllers.PaymentController (CourseManagementAPI).
2025-03-20 23:12:40.144 +02:00 [WRN] No store type was specified for the decimal property 'Price' on entity type 'Course'. This will cause values to be silently truncated if they do not fit in the default precision and scale. Explicitly specify the SQL server column type that can accommodate all the values in 'OnModelCreating' using 'HasColumnType', specify precision and scale using 'HasPrecision', or configure a value converter using 'HasConversion'.
2025-03-20 23:12:40.146 +02:00 [WRN] No store type was specified for the decimal property 'Amount' on entity type 'Payment'. This will cause values to be silently truncated if they do not fit in the default precision and scale. Explicitly specify the SQL server column type that can accommodate all the values in 'OnModelCreating' using 'HasColumnType', specify precision and scale using 'HasPrecision', or configure a value converter using 'HasConversion'.
2025-03-20 23:12:40.148 +02:00 [WRN] No store type was specified for the decimal property 'RemainingAmount' on entity type 'Payment'. This will cause values to be silently truncated if they do not fit in the default precision and scale. Explicitly specify the SQL server column type that can accommodate all the values in 'OnModelCreating' using 'HasColumnType', specify precision and scale using 'HasPrecision', or configure a value converter using 'HasConversion'.
2025-03-20 23:12:40.977 +02:00 [INF] Executed DbCommand (71ms) [Parameters=[@__trainerId_0='?' (DbType = Int32), @__courseId_1='?' (DbType = Int32)], CommandType='"Text"', CommandTimeout='30']
SELECT [p].[Id], [p].[Amount], [p].[CourseId], [p].[CreatedAt], [p].[PaymentStatusForCourse], [p].[RemainingAmount], [p].[TrainerId], [p].[UpdatedAt]
FROM [Payments] AS [p]
WHERE [p].[TrainerId] = @__trainerId_0 AND [p].[CourseId] = @__courseId_1
2025-03-20 23:12:41.025 +02:00 [INF] Executing OkObjectResult, writing value of type 'BusinessAccessLayer.DTOS.Response`1[[System.Collections.Generic.IEnumerable`1[[BusinessAccessLayer.DTOS.PaymentDtos.TrainerPaymentsDto, BusinessAccessLayer, Version=1.0.0.0, Culture=neutral, PublicKeyToken=null]], System.Private.CoreLib, Version=8.0.0.0, Culture=neutral, PublicKeyToken=7cec85d7bea7798e]]'.
2025-03-20 23:12:41.058 +02:00 [INF] Executed action CourseManagementAPI.Controllers.PaymentController.GetTrainerPayments (CourseManagementAPI) in 1735.437ms
2025-03-20 23:12:41.062 +02:00 [INF] Executed endpoint 'CourseManagementAPI.Controllers.PaymentController.GetTrainerPayments (CourseManagementAPI)'
2025-03-20 23:12:41.074 +02:00 [INF] Request finished HTTP/2 GET https://localhost:7245/api/Payment?trainerId=3&courseId=2 - 200 null application/json; charset=utf-8 1875.6645ms
2025-03-20 23:13:44.437 +02:00 [INF] Request starting HTTP/2 GET https://localhost:7245/api/Payment?trainerId=3&courseId=3 - null null
2025-03-20 23:13:44.443 +02:00 [INF] Executing endpoint 'CourseManagementAPI.Controllers.PaymentController.GetTrainerPayments (CourseManagementAPI)'
2025-03-20 23:13:44.445 +02:00 [INF] Route matched with {action = "GetTrainerPayments", controller = "Payment"}. Executing controller action with signature System.Threading.Tasks.Task`1[Microsoft.AspNetCore.Mvc.IActionResult] GetTrainerPayments(Int32, Int32) on controller CourseManagementAPI.Controllers.PaymentController (CourseManagementAPI).
2025-03-20 23:13:44.476 +02:00 [INF] Executed DbCommand (4ms) [Parameters=[@__trainerId_0='?' (DbType = Int32), @__courseId_1='?' (DbType = Int32)], CommandType='"Text"', CommandTimeout='30']
SELECT [p].[Id], [p].[Amount], [p].[CourseId], [p].[CreatedAt], [p].[PaymentStatusForCourse], [p].[RemainingAmount], [p].[TrainerId], [p].[UpdatedAt]
FROM [Payments] AS [p]
WHERE [p].[TrainerId] = @__trainerId_0 AND [p].[CourseId] = @__courseId_1
2025-03-20 23:13:44.480 +02:00 [INF] Executing OkObjectResult, writing value of type 'BusinessAccessLayer.DTOS.Response`1[[System.Collections.Generic.IEnumerable`1[[BusinessAccessLayer.DTOS.PaymentDtos.TrainerPaymentsDto, BusinessAccessLayer, Version=1.0.0.0, Culture=neutral, PublicKeyToken=null]], System.Private.CoreLib, Version=8.0.0.0, Culture=neutral, PublicKeyToken=7cec85d7bea7798e]]'.
2025-03-20 23:13:44.482 +02:00 [INF] Executed action CourseManagementAPI.Controllers.PaymentController.GetTrainerPayments (CourseManagementAPI) in 34.198ms
2025-03-20 23:13:44.486 +02:00 [INF] Executed endpoint 'CourseManagementAPI.Controllers.PaymentController.GetTrainerPayments (CourseManagementAPI)'
2025-03-20 23:13:44.489 +02:00 [INF] Request finished HTTP/2 GET https://localhost:7245/api/Payment?trainerId=3&courseId=3 - 200 null application/json; charset=utf-8 52.4366ms
2025-03-20 23:13:53.343 +02:00 [INF] Request starting HTTP/2 GET https://localhost:7245/api/Payment?trainerId=3&courseId=4 - null null
2025-03-20 23:13:53.350 +02:00 [INF] Executing endpoint 'CourseManagementAPI.Controllers.PaymentController.GetTrainerPayments (CourseManagementAPI)'
2025-03-20 23:13:53.352 +02:00 [INF] Route matched with {action = "GetTrainerPayments", controller = "Payment"}. Executing controller action with signature System.Threading.Tasks.Task`1[Microsoft.AspNetCore.Mvc.IActionResult] GetTrainerPayments(Int32, Int32) on controller CourseManagementAPI.Controllers.PaymentController (CourseManagementAPI).
2025-03-20 23:13:53.427 +02:00 [INF] Executed DbCommand (2ms) [Parameters=[@__trainerId_0='?' (DbType = Int32), @__courseId_1='?' (DbType = Int32)], CommandType='"Text"', CommandTimeout='30']
SELECT [p].[Id], [p].[Amount], [p].[CourseId], [p].[CreatedAt], [p].[PaymentStatusForCourse], [p].[RemainingAmount], [p].[TrainerId], [p].[UpdatedAt]
FROM [Payments] AS [p]
WHERE [p].[TrainerId] = @__trainerId_0 AND [p].[CourseId] = @__courseId_1
2025-03-20 23:13:53.432 +02:00 [INF] Executing OkObjectResult, writing value of type 'BusinessAccessLayer.DTOS.Response`1[[System.Collections.Generic.IEnumerable`1[[BusinessAccessLayer.DTOS.PaymentDtos.TrainerPaymentsDto, BusinessAccessLayer, Version=1.0.0.0, Culture=neutral, PublicKeyToken=null]], System.Private.CoreLib, Version=8.0.0.0, Culture=neutral, PublicKeyToken=7cec85d7bea7798e]]'.
2025-03-20 23:13:53.435 +02:00 [INF] Executed action CourseManagementAPI.Controllers.PaymentController.GetTrainerPayments (CourseManagementAPI) in 80.4425ms
2025-03-20 23:13:53.437 +02:00 [INF] Executed endpoint 'CourseManagementAPI.Controllers.PaymentController.GetTrainerPayments (CourseManagementAPI)'
2025-03-20 23:13:53.439 +02:00 [INF] Request finished HTTP/2 GET https://localhost:7245/api/Payment?trainerId=3&courseId=4 - 200 null application/json; charset=utf-8 96.7632ms
