2025-03-19 00:21:20.584 +02:00 [INF] User profile is available. Using 'C:\Users\AL-FAJR\AppData\Local\ASP.NET\DataProtection-Keys' as key repository and Windows DPAPI to encrypt keys at rest.
2025-03-19 00:21:21.130 +02:00 [INF] Now listening on: https://localhost:7245
2025-03-19 00:21:21.131 +02:00 [INF] Now listening on: http://localhost:5236
2025-03-19 00:21:21.134 +02:00 [INF] Application started. Press Ctrl+C to shut down.
2025-03-19 00:21:21.136 +02:00 [INF] Hosting environment: Development
2025-03-19 00:21:21.137 +02:00 [INF] Content root path: C:\Users\AL-FAJR\Desktop\Course Management API\CourseManagementAPI\CourseManagementAPI
2025-03-19 00:21:22.888 +02:00 [INF] Request starting HTTP/2 GET https://localhost:7245/swagger/index.html - null null
2025-03-19 00:21:23.223 +02:00 [INF] Request finished HTTP/2 GET https://localhost:7245/swagger/index.html - 200 null text/html;charset=utf-8 346.5552ms
2025-03-19 00:21:23.275 +02:00 [INF] Request starting HTTP/2 GET https://localhost:7245/_vs/browserLink - null null
2025-03-19 00:21:23.275 +02:00 [INF] Request starting HTTP/2 GET https://localhost:7245/_framework/aspnetcore-browser-refresh.js - null null
2025-03-19 00:21:23.303 +02:00 [INF] Request finished HTTP/2 GET https://localhost:7245/_framework/aspnetcore-browser-refresh.js - 200 13774 application/javascript; charset=utf-8 19.2794ms
2025-03-19 00:21:23.401 +02:00 [INF] Request finished HTTP/2 GET https://localhost:7245/_vs/browserLink - 200 null text/javascript; charset=UTF-8 126.4968ms
2025-03-19 00:21:24.005 +02:00 [INF] Request starting HTTP/2 GET https://localhost:7245/swagger/v1/swagger.json - null null
2025-03-19 00:21:24.309 +02:00 [INF] Request finished HTTP/2 GET https://localhost:7245/swagger/v1/swagger.json - 200 null application/json;charset=utf-8 304.1472ms
2025-03-19 00:21:49.640 +02:00 [INF] Request starting HTTP/2 GET https://localhost:7245/api/Trainer - null null
2025-03-19 00:21:49.748 +02:00 [INF] Executing endpoint 'TrainerController.GetAllTrainers (CourseManagementAPI)'
2025-03-19 00:21:49.778 +02:00 [INF] Route matched with {action = "GetAllTrainers", controller = "Trainer"}. Executing controller action with signature System.Threading.Tasks.Task`1[Microsoft.AspNetCore.Mvc.IActionResult] GetAllTrainers() on controller TrainerController (CourseManagementAPI).
2025-03-19 00:21:49.790 +02:00 [INF] Executed action TrainerController.GetAllTrainers (CourseManagementAPI) in 4.7119ms
2025-03-19 00:21:49.794 +02:00 [INF] Executed endpoint 'TrainerController.GetAllTrainers (CourseManagementAPI)'
2025-03-19 00:21:49.799 +02:00 [ERR] An unhandled exception has occurred while executing the request.
System.InvalidOperationException: Unable to resolve service for type 'BusinessAccessLayer.Services.TrainerService.ITrainerService' while attempting to activate 'TrainerController'.
   at Microsoft.Extensions.DependencyInjection.ActivatorUtilities.ThrowHelperUnableToResolveService(Type type, Type requiredBy)
   at lambda_method9(Closure, IServiceProvider, Object[])
   at Microsoft.AspNetCore.Mvc.Controllers.ControllerFactoryProvider.<>c__DisplayClass6_0.<CreateControllerFactory>g__CreateController|0(ControllerContext controllerContext)
   at Microsoft.AspNetCore.Mvc.Infrastructure.ControllerActionInvoker.Next(State& next, Scope& scope, Object& state, Boolean& isCompleted)
   at Microsoft.AspNetCore.Mvc.Infrastructure.ControllerActionInvoker.InvokeInnerFilterAsync()
--- End of stack trace from previous location ---
   at Microsoft.AspNetCore.Mvc.Infrastructure.ResourceInvoker.<InvokeFilterPipelineAsync>g__Awaited|20_0(ResourceInvoker invoker, Task lastTask, State next, Scope scope, Object state, Boolean isCompleted)
   at Microsoft.AspNetCore.Mvc.Infrastructure.ResourceInvoker.<InvokeAsync>g__Logged|17_1(ResourceInvoker invoker)
   at Microsoft.AspNetCore.Mvc.Infrastructure.ResourceInvoker.<InvokeAsync>g__Logged|17_1(ResourceInvoker invoker)
   at Microsoft.AspNetCore.Routing.EndpointMiddleware.<Invoke>g__AwaitRequestTask|7_0(Endpoint endpoint, Task requestTask, ILogger logger)
   at Microsoft.AspNetCore.Authorization.AuthorizationMiddleware.Invoke(HttpContext context)
   at Microsoft.AspNetCore.Authentication.AuthenticationMiddleware.Invoke(HttpContext context)
   at Swashbuckle.AspNetCore.SwaggerUI.SwaggerUIMiddleware.Invoke(HttpContext httpContext)
   at Swashbuckle.AspNetCore.Swagger.SwaggerMiddleware.Invoke(HttpContext httpContext, ISwaggerProvider swaggerProvider)
   at Microsoft.AspNetCore.Diagnostics.DeveloperExceptionPageMiddlewareImpl.Invoke(HttpContext context)
2025-03-19 00:21:49.854 +02:00 [INF] Request finished HTTP/2 GET https://localhost:7245/api/Trainer - 500 null text/plain; charset=utf-8 213.9469ms
2025-03-19 00:22:48.962 +02:00 [INF] User profile is available. Using 'C:\Users\AL-FAJR\AppData\Local\ASP.NET\DataProtection-Keys' as key repository and Windows DPAPI to encrypt keys at rest.
2025-03-19 00:22:49.271 +02:00 [INF] Now listening on: https://localhost:7245
2025-03-19 00:22:49.273 +02:00 [INF] Now listening on: http://localhost:5236
2025-03-19 00:22:49.276 +02:00 [INF] Application started. Press Ctrl+C to shut down.
2025-03-19 00:22:49.277 +02:00 [INF] Hosting environment: Development
2025-03-19 00:22:49.278 +02:00 [INF] Content root path: C:\Users\AL-FAJR\Desktop\Course Management API\CourseManagementAPI\CourseManagementAPI
2025-03-19 00:22:50.025 +02:00 [INF] Request starting HTTP/2 GET https://localhost:7245/swagger/index.html - null null
2025-03-19 00:22:50.377 +02:00 [INF] Request finished HTTP/2 GET https://localhost:7245/swagger/index.html - 200 null text/html;charset=utf-8 360.5178ms
2025-03-19 00:22:50.425 +02:00 [INF] Request starting HTTP/2 GET https://localhost:7245/_vs/browserLink - null null
2025-03-19 00:22:50.431 +02:00 [INF] Request starting HTTP/2 GET https://localhost:7245/_framework/aspnetcore-browser-refresh.js - null null
2025-03-19 00:22:50.453 +02:00 [INF] Request finished HTTP/2 GET https://localhost:7245/_framework/aspnetcore-browser-refresh.js - 200 13774 application/javascript; charset=utf-8 21.6767ms
2025-03-19 00:22:50.521 +02:00 [INF] Request finished HTTP/2 GET https://localhost:7245/_vs/browserLink - 200 null text/javascript; charset=UTF-8 95.6895ms
2025-03-19 00:22:51.175 +02:00 [INF] Request starting HTTP/2 GET https://localhost:7245/swagger/v1/swagger.json - null null
2025-03-19 00:22:51.374 +02:00 [INF] Request finished HTTP/2 GET https://localhost:7245/swagger/v1/swagger.json - 200 null application/json;charset=utf-8 198.861ms
2025-03-19 00:22:57.355 +02:00 [INF] Request starting HTTP/2 GET https://localhost:7245/api/Trainer - null null
2025-03-19 00:22:57.438 +02:00 [INF] Executing endpoint 'TrainerController.GetAllTrainers (CourseManagementAPI)'
2025-03-19 00:22:57.464 +02:00 [INF] Route matched with {action = "GetAllTrainers", controller = "Trainer"}. Executing controller action with signature System.Threading.Tasks.Task`1[Microsoft.AspNetCore.Mvc.IActionResult] GetAllTrainers() on controller TrainerController (CourseManagementAPI).
2025-03-19 00:22:58.257 +02:00 [WRN] No store type was specified for the decimal property 'Price' on entity type 'Course'. This will cause values to be silently truncated if they do not fit in the default precision and scale. Explicitly specify the SQL server column type that can accommodate all the values in 'OnModelCreating' using 'HasColumnType', specify precision and scale using 'HasPrecision', or configure a value converter using 'HasConversion'.
2025-03-19 00:22:58.260 +02:00 [WRN] No store type was specified for the decimal property 'Amount' on entity type 'Payment'. This will cause values to be silently truncated if they do not fit in the default precision and scale. Explicitly specify the SQL server column type that can accommodate all the values in 'OnModelCreating' using 'HasColumnType', specify precision and scale using 'HasPrecision', or configure a value converter using 'HasConversion'.
2025-03-19 00:22:58.262 +02:00 [WRN] No store type was specified for the decimal property 'RemainingAmount' on entity type 'Payment'. This will cause values to be silently truncated if they do not fit in the default precision and scale. Explicitly specify the SQL server column type that can accommodate all the values in 'OnModelCreating' using 'HasColumnType', specify precision and scale using 'HasPrecision', or configure a value converter using 'HasConversion'.
2025-03-19 00:22:59.065 +02:00 [INF] Executed DbCommand (58ms) [Parameters=[], CommandType='"Text"', CommandTimeout='30']
SELECT [t].[Id], [t].[CreatedAt], [t].[Email], [t].[FullName], [t].[PhoneNumber], [t].[UpdatedAt]
FROM [Trainers] AS [t]
2025-03-19 00:22:59.105 +02:00 [INF] Executing OkObjectResult, writing value of type 'BusinessAccessLayer.DTOS.Response`1[[System.Collections.Generic.IEnumerable`1[[BusinessAccessLayer.DTOS.TrainerDtos.TrainerViewDto, BusinessAccessLayer, Version=1.0.0.0, Culture=neutral, PublicKeyToken=null]], System.Private.CoreLib, Version=8.0.0.0, Culture=neutral, PublicKeyToken=7cec85d7bea7798e]]'.
2025-03-19 00:22:59.128 +02:00 [INF] Executed action TrainerController.GetAllTrainers (CourseManagementAPI) in 1656.7362ms
2025-03-19 00:22:59.130 +02:00 [INF] Executed endpoint 'TrainerController.GetAllTrainers (CourseManagementAPI)'
2025-03-19 00:22:59.139 +02:00 [INF] Request finished HTTP/2 GET https://localhost:7245/api/Trainer - 200 null application/json; charset=utf-8 1785.1263ms
2025-03-19 00:23:07.992 +02:00 [INF] Request starting HTTP/2 PUT https://localhost:7245/api/Trainer/100 - application/json 74
2025-03-19 00:23:07.997 +02:00 [INF] Executing endpoint 'TrainerController.UpdateTrainer (CourseManagementAPI)'
2025-03-19 00:23:08.011 +02:00 [INF] Route matched with {action = "UpdateTrainer", controller = "Trainer"}. Executing controller action with signature System.Threading.Tasks.Task`1[Microsoft.AspNetCore.Mvc.IActionResult] UpdateTrainer(Int32, BusinessAccessLayer.DTOS.TrainerDtos.CreateTrainerDto) on controller TrainerController (CourseManagementAPI).
2025-03-19 00:23:08.279 +02:00 [INF] Executed DbCommand (38ms) [Parameters=[@__id_0='?' (DbType = Int32)], CommandType='"Text"', CommandTimeout='30']
SELECT TOP(1) [t].[Id], [t].[CreatedAt], [t].[Email], [t].[FullName], [t].[PhoneNumber], [t].[UpdatedAt]
FROM [Trainers] AS [t]
WHERE [t].[Id] = @__id_0
2025-03-19 00:23:08.430 +02:00 [INF] Executed action TrainerController.UpdateTrainer (CourseManagementAPI) in 414.3412ms
2025-03-19 00:23:08.432 +02:00 [INF] Executed endpoint 'TrainerController.UpdateTrainer (CourseManagementAPI)'
2025-03-19 00:23:08.438 +02:00 [ERR] An unhandled exception has occurred while executing the request.
BusinessAccessLayer.Exceptions.NotFountException: Trainer is Not Found
   at BusinessAccessLayer.Services.TrainerService.TrainerService.UpdateTrainer(CreateTrainerDto createTrainerDto, Int32 id) in C:\Users\AL-FAJR\Desktop\Course Management API\CourseManagementAPI\BusinessAccessLayer\Services\TrainerService\TrainerService.cs:line 32
   at TrainerController.UpdateTrainer(Int32 id, CreateTrainerDto createTrainerDto) in C:\Users\AL-FAJR\Desktop\Course Management API\CourseManagementAPI\CourseManagementAPI\Controllers\TrainerController.cs:line 30
   at Microsoft.AspNetCore.Mvc.Infrastructure.ActionMethodExecutor.TaskOfIActionResultExecutor.Execute(ActionContext actionContext, IActionResultTypeMapper mapper, ObjectMethodExecutor executor, Object controller, Object[] arguments)
   at Microsoft.AspNetCore.Mvc.Infrastructure.ControllerActionInvoker.<InvokeActionMethodAsync>g__Awaited|12_0(ControllerActionInvoker invoker, ValueTask`1 actionResultValueTask)
   at Microsoft.AspNetCore.Mvc.Infrastructure.ControllerActionInvoker.<InvokeNextActionFilterAsync>g__Awaited|10_0(ControllerActionInvoker invoker, Task lastTask, State next, Scope scope, Object state, Boolean isCompleted)
   at Microsoft.AspNetCore.Mvc.Infrastructure.ControllerActionInvoker.Rethrow(ActionExecutedContextSealed context)
   at Microsoft.AspNetCore.Mvc.Infrastructure.ControllerActionInvoker.Next(State& next, Scope& scope, Object& state, Boolean& isCompleted)
   at Microsoft.AspNetCore.Mvc.Infrastructure.ControllerActionInvoker.<InvokeInnerFilterAsync>g__Awaited|13_0(ControllerActionInvoker invoker, Task lastTask, State next, Scope scope, Object state, Boolean isCompleted)
   at Microsoft.AspNetCore.Mvc.Infrastructure.ResourceInvoker.<InvokeFilterPipelineAsync>g__Awaited|20_0(ResourceInvoker invoker, Task lastTask, State next, Scope scope, Object state, Boolean isCompleted)
   at Microsoft.AspNetCore.Mvc.Infrastructure.ResourceInvoker.<InvokeAsync>g__Logged|17_1(ResourceInvoker invoker)
   at Microsoft.AspNetCore.Mvc.Infrastructure.ResourceInvoker.<InvokeAsync>g__Logged|17_1(ResourceInvoker invoker)
   at Microsoft.AspNetCore.Routing.EndpointMiddleware.<Invoke>g__AwaitRequestTask|7_0(Endpoint endpoint, Task requestTask, ILogger logger)
   at Microsoft.AspNetCore.Authorization.AuthorizationMiddleware.Invoke(HttpContext context)
   at Microsoft.AspNetCore.Authentication.AuthenticationMiddleware.Invoke(HttpContext context)
   at Swashbuckle.AspNetCore.SwaggerUI.SwaggerUIMiddleware.Invoke(HttpContext httpContext)
   at Swashbuckle.AspNetCore.Swagger.SwaggerMiddleware.Invoke(HttpContext httpContext, ISwaggerProvider swaggerProvider)
   at Microsoft.AspNetCore.Diagnostics.DeveloperExceptionPageMiddlewareImpl.Invoke(HttpContext context)
2025-03-19 00:23:08.505 +02:00 [INF] Request finished HTTP/2 PUT https://localhost:7245/api/Trainer/100 - 500 null text/plain; charset=utf-8 513.4557ms
2025-03-19 00:23:50.883 +02:00 [INF] Request starting HTTP/2 PUT https://localhost:7245/api/Trainer/100 - application/json 74
2025-03-19 00:23:50.894 +02:00 [INF] Executing endpoint 'TrainerController.UpdateTrainer (CourseManagementAPI)'
2025-03-19 00:23:50.897 +02:00 [INF] Route matched with {action = "UpdateTrainer", controller = "Trainer"}. Executing controller action with signature System.Threading.Tasks.Task`1[Microsoft.AspNetCore.Mvc.IActionResult] UpdateTrainer(Int32, BusinessAccessLayer.DTOS.TrainerDtos.CreateTrainerDto) on controller TrainerController (CourseManagementAPI).
2025-03-19 00:23:50.940 +02:00 [INF] Executed DbCommand (12ms) [Parameters=[@__id_0='?' (DbType = Int32)], CommandType='"Text"', CommandTimeout='30']
SELECT TOP(1) [t].[Id], [t].[CreatedAt], [t].[Email], [t].[FullName], [t].[PhoneNumber], [t].[UpdatedAt]
FROM [Trainers] AS [t]
WHERE [t].[Id] = @__id_0
2025-03-19 00:24:02.414 +02:00 [INF] Executed action TrainerController.UpdateTrainer (CourseManagementAPI) in 11511.7902ms
2025-03-19 00:24:02.417 +02:00 [INF] Executed endpoint 'TrainerController.UpdateTrainer (CourseManagementAPI)'
2025-03-19 00:24:02.419 +02:00 [ERR] An unhandled exception has occurred while executing the request.
BusinessAccessLayer.Exceptions.NotFountException: Trainer is Not Found
   at BusinessAccessLayer.Services.TrainerService.TrainerService.UpdateTrainer(CreateTrainerDto createTrainerDto, Int32 id) in C:\Users\AL-FAJR\Desktop\Course Management API\CourseManagementAPI\BusinessAccessLayer\Services\TrainerService\TrainerService.cs:line 32
   at TrainerController.UpdateTrainer(Int32 id, CreateTrainerDto createTrainerDto) in C:\Users\AL-FAJR\Desktop\Course Management API\CourseManagementAPI\CourseManagementAPI\Controllers\TrainerController.cs:line 30
   at Microsoft.AspNetCore.Mvc.Infrastructure.ActionMethodExecutor.TaskOfIActionResultExecutor.Execute(ActionContext actionContext, IActionResultTypeMapper mapper, ObjectMethodExecutor executor, Object controller, Object[] arguments)
   at Microsoft.AspNetCore.Mvc.Infrastructure.ControllerActionInvoker.<InvokeActionMethodAsync>g__Awaited|12_0(ControllerActionInvoker invoker, ValueTask`1 actionResultValueTask)
   at Microsoft.AspNetCore.Mvc.Infrastructure.ControllerActionInvoker.<InvokeNextActionFilterAsync>g__Awaited|10_0(ControllerActionInvoker invoker, Task lastTask, State next, Scope scope, Object state, Boolean isCompleted)
   at Microsoft.AspNetCore.Mvc.Infrastructure.ControllerActionInvoker.Rethrow(ActionExecutedContextSealed context)
   at Microsoft.AspNetCore.Mvc.Infrastructure.ControllerActionInvoker.Next(State& next, Scope& scope, Object& state, Boolean& isCompleted)
   at Microsoft.AspNetCore.Mvc.Infrastructure.ControllerActionInvoker.<InvokeInnerFilterAsync>g__Awaited|13_0(ControllerActionInvoker invoker, Task lastTask, State next, Scope scope, Object state, Boolean isCompleted)
   at Microsoft.AspNetCore.Mvc.Infrastructure.ResourceInvoker.<InvokeFilterPipelineAsync>g__Awaited|20_0(ResourceInvoker invoker, Task lastTask, State next, Scope scope, Object state, Boolean isCompleted)
   at Microsoft.AspNetCore.Mvc.Infrastructure.ResourceInvoker.<InvokeAsync>g__Logged|17_1(ResourceInvoker invoker)
   at Microsoft.AspNetCore.Mvc.Infrastructure.ResourceInvoker.<InvokeAsync>g__Logged|17_1(ResourceInvoker invoker)
   at Microsoft.AspNetCore.Routing.EndpointMiddleware.<Invoke>g__AwaitRequestTask|7_0(Endpoint endpoint, Task requestTask, ILogger logger)
   at Microsoft.AspNetCore.Authorization.AuthorizationMiddleware.Invoke(HttpContext context)
   at Microsoft.AspNetCore.Authentication.AuthenticationMiddleware.Invoke(HttpContext context)
   at Swashbuckle.AspNetCore.SwaggerUI.SwaggerUIMiddleware.Invoke(HttpContext httpContext)
   at Swashbuckle.AspNetCore.Swagger.SwaggerMiddleware.Invoke(HttpContext httpContext, ISwaggerProvider swaggerProvider)
   at Microsoft.AspNetCore.Diagnostics.DeveloperExceptionPageMiddlewareImpl.Invoke(HttpContext context)
2025-03-19 00:24:02.433 +02:00 [INF] Request finished HTTP/2 PUT https://localhost:7245/api/Trainer/100 - 500 null text/plain; charset=utf-8 11550.1787ms
2025-03-19 00:24:58.486 +02:00 [INF] User profile is available. Using 'C:\Users\AL-FAJR\AppData\Local\ASP.NET\DataProtection-Keys' as key repository and Windows DPAPI to encrypt keys at rest.
2025-03-19 00:24:59.019 +02:00 [INF] Now listening on: https://localhost:7245
2025-03-19 00:24:59.021 +02:00 [INF] Now listening on: http://localhost:5236
2025-03-19 00:24:59.024 +02:00 [INF] Application started. Press Ctrl+C to shut down.
2025-03-19 00:24:59.025 +02:00 [INF] Hosting environment: Development
2025-03-19 00:24:59.027 +02:00 [INF] Content root path: C:\Users\AL-FAJR\Desktop\Course Management API\CourseManagementAPI\CourseManagementAPI
2025-03-19 00:24:59.726 +02:00 [INF] Request starting HTTP/2 GET https://localhost:7245/swagger/index.html - null null
2025-03-19 00:25:00.230 +02:00 [INF] Request finished HTTP/2 GET https://localhost:7245/swagger/index.html - 200 null text/html;charset=utf-8 515.2882ms
2025-03-19 00:25:00.292 +02:00 [INF] Request starting HTTP/2 GET https://localhost:7245/_framework/aspnetcore-browser-refresh.js - null null
2025-03-19 00:25:00.292 +02:00 [INF] Request starting HTTP/2 GET https://localhost:7245/_vs/browserLink - null null
2025-03-19 00:25:00.324 +02:00 [INF] Request finished HTTP/2 GET https://localhost:7245/_framework/aspnetcore-browser-refresh.js - 200 13774 application/javascript; charset=utf-8 24.4636ms
2025-03-19 00:25:00.380 +02:00 [INF] Request finished HTTP/2 GET https://localhost:7245/_vs/browserLink - 200 null text/javascript; charset=UTF-8 88.4637ms
2025-03-19 00:25:01.046 +02:00 [INF] Request starting HTTP/2 GET https://localhost:7245/swagger/v1/swagger.json - null null
2025-03-19 00:25:01.247 +02:00 [INF] Request finished HTTP/2 GET https://localhost:7245/swagger/v1/swagger.json - 200 null application/json;charset=utf-8 200.7996ms
2025-03-19 00:25:19.878 +02:00 [INF] Request starting HTTP/2 PUT https://localhost:7245/api/Trainer/10 - application/json 74
2025-03-19 00:25:19.892 +02:00 [ERR] An unhandled exception has occurred while executing the request.
System.InvalidOperationException: No service for type 'Restaurant.Api.Middlewares.ErrorHandleMiddleware' has been registered.
   at Microsoft.Extensions.DependencyInjection.ServiceProviderServiceExtensions.GetRequiredService(IServiceProvider provider, Type serviceType)
   at Microsoft.AspNetCore.Http.MiddlewareFactory.Create(Type middlewareType)
   at Microsoft.AspNetCore.Builder.UseMiddlewareExtensions.InterfaceMiddlewareBinder.<>c__DisplayClass2_0.<<CreateMiddleware>b__0>d.MoveNext()
--- End of stack trace from previous location ---
   at Swashbuckle.AspNetCore.SwaggerUI.SwaggerUIMiddleware.Invoke(HttpContext httpContext)
   at Swashbuckle.AspNetCore.Swagger.SwaggerMiddleware.Invoke(HttpContext httpContext, ISwaggerProvider swaggerProvider)
   at Microsoft.AspNetCore.Diagnostics.DeveloperExceptionPageMiddlewareImpl.Invoke(HttpContext context)
2025-03-19 00:25:19.931 +02:00 [INF] Request finished HTTP/2 PUT https://localhost:7245/api/Trainer/10 - 500 null text/plain; charset=utf-8 53.2827ms
2025-03-19 00:25:57.689 +02:00 [INF] Request starting HTTP/2 GET https://localhost:7245/swagger/index.html - null null
2025-03-19 00:25:57.718 +02:00 [INF] Request finished HTTP/2 GET https://localhost:7245/swagger/index.html - 200 null text/html;charset=utf-8 28.9809ms
2025-03-19 00:25:57.830 +02:00 [INF] Request starting HTTP/2 GET https://localhost:7245/_framework/aspnetcore-browser-refresh.js - null null
2025-03-19 00:25:57.836 +02:00 [INF] Request finished HTTP/2 GET https://localhost:7245/_framework/aspnetcore-browser-refresh.js - 200 13774 application/javascript; charset=utf-8 6.1819ms
2025-03-19 00:25:57.849 +02:00 [INF] Request starting HTTP/2 GET https://localhost:7245/_vs/browserLink - null null
2025-03-19 00:25:57.907 +02:00 [INF] Request finished HTTP/2 GET https://localhost:7245/_vs/browserLink - 200 null text/javascript; charset=UTF-8 57.7433ms
2025-03-19 00:25:58.321 +02:00 [INF] Request starting HTTP/2 GET https://localhost:7245/swagger/v1/swagger.json - null null
2025-03-19 00:25:58.341 +02:00 [INF] Request finished HTTP/2 GET https://localhost:7245/swagger/v1/swagger.json - 200 null application/json;charset=utf-8 20.6661ms
2025-03-19 00:26:09.379 +02:00 [INF] Request starting HTTP/2 PUT https://localhost:7245/api/Trainer/1 - application/json 74
2025-03-19 00:26:09.386 +02:00 [ERR] An unhandled exception has occurred while executing the request.
System.InvalidOperationException: No service for type 'Restaurant.Api.Middlewares.ErrorHandleMiddleware' has been registered.
   at Microsoft.Extensions.DependencyInjection.ServiceProviderServiceExtensions.GetRequiredService(IServiceProvider provider, Type serviceType)
   at Microsoft.AspNetCore.Http.MiddlewareFactory.Create(Type middlewareType)
   at Microsoft.AspNetCore.Builder.UseMiddlewareExtensions.InterfaceMiddlewareBinder.<>c__DisplayClass2_0.<<CreateMiddleware>b__0>d.MoveNext()
--- End of stack trace from previous location ---
   at Swashbuckle.AspNetCore.SwaggerUI.SwaggerUIMiddleware.Invoke(HttpContext httpContext)
   at Swashbuckle.AspNetCore.Swagger.SwaggerMiddleware.Invoke(HttpContext httpContext, ISwaggerProvider swaggerProvider)
   at Microsoft.AspNetCore.Diagnostics.DeveloperExceptionPageMiddlewareImpl.Invoke(HttpContext context)
2025-03-19 00:26:09.392 +02:00 [INF] Request finished HTTP/2 PUT https://localhost:7245/api/Trainer/1 - 500 null text/plain; charset=utf-8 14.5411ms
2025-03-19 00:26:25.999 +02:00 [INF] User profile is available. Using 'C:\Users\AL-FAJR\AppData\Local\ASP.NET\DataProtection-Keys' as key repository and Windows DPAPI to encrypt keys at rest.
2025-03-19 00:26:26.448 +02:00 [INF] Now listening on: https://localhost:7245
2025-03-19 00:26:26.450 +02:00 [INF] Now listening on: http://localhost:5236
2025-03-19 00:26:26.453 +02:00 [INF] Application started. Press Ctrl+C to shut down.
2025-03-19 00:26:26.454 +02:00 [INF] Hosting environment: Development
2025-03-19 00:26:26.455 +02:00 [INF] Content root path: C:\Users\AL-FAJR\Desktop\Course Management API\CourseManagementAPI\CourseManagementAPI
2025-03-19 00:26:27.067 +02:00 [INF] Request starting HTTP/2 GET https://localhost:7245/swagger/index.html - null null
2025-03-19 00:26:27.358 +02:00 [INF] Request finished HTTP/2 GET https://localhost:7245/swagger/index.html - 200 null text/html;charset=utf-8 297.9298ms
2025-03-19 00:26:27.398 +02:00 [INF] Request starting HTTP/2 GET https://localhost:7245/_framework/aspnetcore-browser-refresh.js - null null
2025-03-19 00:26:27.405 +02:00 [INF] Request starting HTTP/2 GET https://localhost:7245/_vs/browserLink - null null
2025-03-19 00:26:27.420 +02:00 [INF] Request finished HTTP/2 GET https://localhost:7245/_framework/aspnetcore-browser-refresh.js - 200 13774 application/javascript; charset=utf-8 22.0481ms
2025-03-19 00:26:27.507 +02:00 [INF] Request finished HTTP/2 GET https://localhost:7245/_vs/browserLink - 200 null text/javascript; charset=UTF-8 102.3167ms
2025-03-19 00:26:27.968 +02:00 [INF] Request starting HTTP/2 GET https://localhost:7245/swagger/v1/swagger.json - null null
2025-03-19 00:26:28.232 +02:00 [INF] Request finished HTTP/2 GET https://localhost:7245/swagger/v1/swagger.json - 200 null application/json;charset=utf-8 264.0578ms
2025-03-19 00:26:34.504 +02:00 [INF] Request starting HTTP/2 PUT https://localhost:7245/api/Trainer/110 - application/json 74
2025-03-19 00:26:34.604 +02:00 [INF] Executing endpoint 'TrainerController.UpdateTrainer (CourseManagementAPI)'
2025-03-19 00:26:34.635 +02:00 [INF] Route matched with {action = "UpdateTrainer", controller = "Trainer"}. Executing controller action with signature System.Threading.Tasks.Task`1[Microsoft.AspNetCore.Mvc.IActionResult] UpdateTrainer(Int32, BusinessAccessLayer.DTOS.TrainerDtos.CreateTrainerDto) on controller TrainerController (CourseManagementAPI).
2025-03-19 00:26:35.540 +02:00 [WRN] No store type was specified for the decimal property 'Price' on entity type 'Course'. This will cause values to be silently truncated if they do not fit in the default precision and scale. Explicitly specify the SQL server column type that can accommodate all the values in 'OnModelCreating' using 'HasColumnType', specify precision and scale using 'HasPrecision', or configure a value converter using 'HasConversion'.
2025-03-19 00:26:35.542 +02:00 [WRN] No store type was specified for the decimal property 'Amount' on entity type 'Payment'. This will cause values to be silently truncated if they do not fit in the default precision and scale. Explicitly specify the SQL server column type that can accommodate all the values in 'OnModelCreating' using 'HasColumnType', specify precision and scale using 'HasPrecision', or configure a value converter using 'HasConversion'.
2025-03-19 00:26:35.544 +02:00 [WRN] No store type was specified for the decimal property 'RemainingAmount' on entity type 'Payment'. This will cause values to be silently truncated if they do not fit in the default precision and scale. Explicitly specify the SQL server column type that can accommodate all the values in 'OnModelCreating' using 'HasColumnType', specify precision and scale using 'HasPrecision', or configure a value converter using 'HasConversion'.
2025-03-19 00:26:36.343 +02:00 [INF] Executed DbCommand (55ms) [Parameters=[@__id_0='?' (DbType = Int32)], CommandType='"Text"', CommandTimeout='30']
SELECT TOP(1) [t].[Id], [t].[CreatedAt], [t].[Email], [t].[FullName], [t].[PhoneNumber], [t].[UpdatedAt]
FROM [Trainers] AS [t]
WHERE [t].[Id] = @__id_0
2025-03-19 00:26:38.654 +02:00 [INF] Executed action TrainerController.UpdateTrainer (CourseManagementAPI) in 4014.0341ms
2025-03-19 00:26:38.658 +02:00 [INF] Executed endpoint 'TrainerController.UpdateTrainer (CourseManagementAPI)'
2025-03-19 00:26:38.789 +02:00 [INF] Request finished HTTP/2 PUT https://localhost:7245/api/Trainer/110 - 404 null application/json 4285.4185ms
2025-03-19 00:26:59.453 +02:00 [INF] Request starting HTTP/2 POST https://localhost:7245/api/Trainer - application/json 74
2025-03-19 00:26:59.465 +02:00 [INF] Executing endpoint 'TrainerController.AddTrainer (CourseManagementAPI)'
2025-03-19 00:26:59.473 +02:00 [INF] Route matched with {action = "AddTrainer", controller = "Trainer"}. Executing controller action with signature System.Threading.Tasks.Task`1[Microsoft.AspNetCore.Mvc.IActionResult] AddTrainer(BusinessAccessLayer.DTOS.TrainerDtos.CreateTrainerDto) on controller TrainerController (CourseManagementAPI).
2025-03-19 00:26:59.729 +02:00 [INF] Executed DbCommand (11ms) [Parameters=[@p0='?' (DbType = DateTime2), @p1='?' (Size = 4000), @p2='?' (Size = 4000), @p3='?' (Size = 4000), @p4='?' (DbType = DateTime2)], CommandType='"Text"', CommandTimeout='30']
SET IMPLICIT_TRANSACTIONS OFF;
SET NOCOUNT ON;
INSERT INTO [Trainers] ([CreatedAt], [Email], [FullName], [PhoneNumber], [UpdatedAt])
OUTPUT INSERTED.[Id]
VALUES (@p0, @p1, @p2, @p3, @p4);
2025-03-19 00:26:59.771 +02:00 [INF] Executing BadRequestObjectResult, writing value of type 'BusinessAccessLayer.DTOS.Response`1[[System.String, System.Private.CoreLib, Version=8.0.0.0, Culture=neutral, PublicKeyToken=7cec85d7bea7798e]]'.
2025-03-19 00:26:59.775 +02:00 [INF] Executed action TrainerController.AddTrainer (CourseManagementAPI) in 299.3402ms
2025-03-19 00:26:59.778 +02:00 [INF] Executed endpoint 'TrainerController.AddTrainer (CourseManagementAPI)'
2025-03-19 00:26:59.780 +02:00 [INF] Request finished HTTP/2 POST https://localhost:7245/api/Trainer - 400 null application/json; charset=utf-8 326.8985ms
2025-03-19 00:27:19.484 +02:00 [INF] Request starting HTTP/2 POST https://localhost:7245/api/Trainer - application/json 74
2025-03-19 00:27:19.492 +02:00 [INF] Executing endpoint 'TrainerController.AddTrainer (CourseManagementAPI)'
2025-03-19 00:27:19.494 +02:00 [INF] Route matched with {action = "AddTrainer", controller = "Trainer"}. Executing controller action with signature System.Threading.Tasks.Task`1[Microsoft.AspNetCore.Mvc.IActionResult] AddTrainer(BusinessAccessLayer.DTOS.TrainerDtos.CreateTrainerDto) on controller TrainerController (CourseManagementAPI).
2025-03-19 00:27:19.522 +02:00 [INF] Executed DbCommand (2ms) [Parameters=[@p0='?' (DbType = DateTime2), @p1='?' (Size = 4000), @p2='?' (Size = 4000), @p3='?' (Size = 4000), @p4='?' (DbType = DateTime2)], CommandType='"Text"', CommandTimeout='30']
SET IMPLICIT_TRANSACTIONS OFF;
SET NOCOUNT ON;
INSERT INTO [Trainers] ([CreatedAt], [Email], [FullName], [PhoneNumber], [UpdatedAt])
OUTPUT INSERTED.[Id]
VALUES (@p0, @p1, @p2, @p3, @p4);
2025-03-19 00:27:19.527 +02:00 [INF] Executing BadRequestObjectResult, writing value of type 'BusinessAccessLayer.DTOS.Response`1[[System.String, System.Private.CoreLib, Version=8.0.0.0, Culture=neutral, PublicKeyToken=7cec85d7bea7798e]]'.
2025-03-19 00:27:19.530 +02:00 [INF] Executed action TrainerController.AddTrainer (CourseManagementAPI) in 31.5447ms
2025-03-19 00:27:19.532 +02:00 [INF] Executed endpoint 'TrainerController.AddTrainer (CourseManagementAPI)'
2025-03-19 00:27:19.534 +02:00 [INF] Request finished HTTP/2 POST https://localhost:7245/api/Trainer - 400 null application/json; charset=utf-8 50.6294ms
2025-03-19 00:27:35.063 +02:00 [INF] Request starting HTTP/2 POST https://localhost:7245/api/Trainer - application/json 74
2025-03-19 00:27:35.068 +02:00 [INF] Executing endpoint 'TrainerController.AddTrainer (CourseManagementAPI)'
2025-03-19 00:27:35.069 +02:00 [INF] Route matched with {action = "AddTrainer", controller = "Trainer"}. Executing controller action with signature System.Threading.Tasks.Task`1[Microsoft.AspNetCore.Mvc.IActionResult] AddTrainer(BusinessAccessLayer.DTOS.TrainerDtos.CreateTrainerDto) on controller TrainerController (CourseManagementAPI).
2025-03-19 00:27:44.075 +02:00 [INF] Executed DbCommand (2ms) [Parameters=[@p0='?' (DbType = DateTime2), @p1='?' (Size = 4000), @p2='?' (Size = 4000), @p3='?' (Size = 4000), @p4='?' (DbType = DateTime2)], CommandType='"Text"', CommandTimeout='30']
SET IMPLICIT_TRANSACTIONS OFF;
SET NOCOUNT ON;
INSERT INTO [Trainers] ([CreatedAt], [Email], [FullName], [PhoneNumber], [UpdatedAt])
OUTPUT INSERTED.[Id]
VALUES (@p0, @p1, @p2, @p3, @p4);
2025-03-19 00:31:49.817 +02:00 [INF] User profile is available. Using 'C:\Users\AL-FAJR\AppData\Local\ASP.NET\DataProtection-Keys' as key repository and Windows DPAPI to encrypt keys at rest.
2025-03-19 00:31:50.367 +02:00 [INF] Now listening on: https://localhost:7245
2025-03-19 00:31:50.427 +02:00 [INF] Now listening on: http://localhost:5236
2025-03-19 00:31:50.436 +02:00 [INF] Application started. Press Ctrl+C to shut down.
2025-03-19 00:31:50.448 +02:00 [INF] Hosting environment: Development
2025-03-19 00:31:50.456 +02:00 [INF] Content root path: C:\Users\AL-FAJR\Desktop\Course Management API\CourseManagementAPI\CourseManagementAPI
2025-03-19 00:31:51.349 +02:00 [INF] Request starting HTTP/2 GET https://localhost:7245/swagger/index.html - null null
2025-03-19 00:31:51.675 +02:00 [INF] Request finished HTTP/2 GET https://localhost:7245/swagger/index.html - 200 null text/html;charset=utf-8 332.7609ms
2025-03-19 00:31:51.726 +02:00 [INF] Request starting HTTP/2 GET https://localhost:7245/_framework/aspnetcore-browser-refresh.js - null null
2025-03-19 00:31:51.738 +02:00 [INF] Request starting HTTP/2 GET https://localhost:7245/_vs/browserLink - null null
2025-03-19 00:31:51.760 +02:00 [INF] Request finished HTTP/2 GET https://localhost:7245/_framework/aspnetcore-browser-refresh.js - 200 13774 application/javascript; charset=utf-8 34.3846ms
2025-03-19 00:31:51.834 +02:00 [INF] Request finished HTTP/2 GET https://localhost:7245/_vs/browserLink - 200 null text/javascript; charset=UTF-8 95.2338ms
2025-03-19 00:31:52.411 +02:00 [INF] Request starting HTTP/2 GET https://localhost:7245/swagger/v1/swagger.json - null null
2025-03-19 00:31:52.662 +02:00 [INF] Request finished HTTP/2 GET https://localhost:7245/swagger/v1/swagger.json - 200 null application/json;charset=utf-8 251.4309ms
2025-03-19 00:32:01.897 +02:00 [INF] Request starting HTTP/2 POST https://localhost:7245/api/Trainer - application/json 74
2025-03-19 00:32:01.992 +02:00 [INF] Executing endpoint 'TrainerController.AddTrainer (CourseManagementAPI)'
2025-03-19 00:32:02.022 +02:00 [INF] Route matched with {action = "AddTrainer", controller = "Trainer"}. Executing controller action with signature System.Threading.Tasks.Task`1[Microsoft.AspNetCore.Mvc.IActionResult] AddTrainer(BusinessAccessLayer.DTOS.TrainerDtos.CreateTrainerDto) on controller TrainerController (CourseManagementAPI).
2025-03-19 00:32:02.824 +02:00 [WRN] No store type was specified for the decimal property 'Price' on entity type 'Course'. This will cause values to be silently truncated if they do not fit in the default precision and scale. Explicitly specify the SQL server column type that can accommodate all the values in 'OnModelCreating' using 'HasColumnType', specify precision and scale using 'HasPrecision', or configure a value converter using 'HasConversion'.
2025-03-19 00:32:02.826 +02:00 [WRN] No store type was specified for the decimal property 'Amount' on entity type 'Payment'. This will cause values to be silently truncated if they do not fit in the default precision and scale. Explicitly specify the SQL server column type that can accommodate all the values in 'OnModelCreating' using 'HasColumnType', specify precision and scale using 'HasPrecision', or configure a value converter using 'HasConversion'.
2025-03-19 00:32:02.829 +02:00 [WRN] No store type was specified for the decimal property 'RemainingAmount' on entity type 'Payment'. This will cause values to be silently truncated if they do not fit in the default precision and scale. Explicitly specify the SQL server column type that can accommodate all the values in 'OnModelCreating' using 'HasColumnType', specify precision and scale using 'HasPrecision', or configure a value converter using 'HasConversion'.
2025-03-19 00:32:03.538 +02:00 [INF] Executed DbCommand (64ms) [Parameters=[@p0='?' (DbType = DateTime2), @p1='?' (Size = 4000), @p2='?' (Size = 4000), @p3='?' (Size = 4000), @p4='?' (DbType = DateTime2)], CommandType='"Text"', CommandTimeout='30']
SET IMPLICIT_TRANSACTIONS OFF;
SET NOCOUNT ON;
INSERT INTO [Trainers] ([CreatedAt], [Email], [FullName], [PhoneNumber], [UpdatedAt])
OUTPUT INSERTED.[Id]
VALUES (@p0, @p1, @p2, @p3, @p4);
2025-03-19 00:32:03.602 +02:00 [INF] Executing BadRequestObjectResult, writing value of type 'BusinessAccessLayer.DTOS.Response`1[[System.String, System.Private.CoreLib, Version=8.0.0.0, Culture=neutral, PublicKeyToken=7cec85d7bea7798e]]'.
2025-03-19 00:32:03.612 +02:00 [INF] Executed action TrainerController.AddTrainer (CourseManagementAPI) in 1583.5222ms
2025-03-19 00:32:03.615 +02:00 [INF] Executed endpoint 'TrainerController.AddTrainer (CourseManagementAPI)'
2025-03-19 00:32:03.625 +02:00 [INF] Request finished HTTP/2 POST https://localhost:7245/api/Trainer - 400 null application/json; charset=utf-8 1728.3282ms
2025-03-19 00:32:15.621 +02:00 [INF] Request starting HTTP/2 POST https://localhost:7245/api/Trainer - application/json 74
2025-03-19 00:32:15.628 +02:00 [INF] Executing endpoint 'TrainerController.AddTrainer (CourseManagementAPI)'
2025-03-19 00:32:15.631 +02:00 [INF] Route matched with {action = "AddTrainer", controller = "Trainer"}. Executing controller action with signature System.Threading.Tasks.Task`1[Microsoft.AspNetCore.Mvc.IActionResult] AddTrainer(BusinessAccessLayer.DTOS.TrainerDtos.CreateTrainerDto) on controller TrainerController (CourseManagementAPI).
2025-03-19 00:32:18.109 +02:00 [INF] Executed DbCommand (4ms) [Parameters=[@p0='?' (DbType = DateTime2), @p1='?' (Size = 4000), @p2='?' (Size = 4000), @p3='?' (Size = 4000), @p4='?' (DbType = DateTime2)], CommandType='"Text"', CommandTimeout='30']
SET IMPLICIT_TRANSACTIONS OFF;
SET NOCOUNT ON;
INSERT INTO [Trainers] ([CreatedAt], [Email], [FullName], [PhoneNumber], [UpdatedAt])
OUTPUT INSERTED.[Id]
VALUES (@p0, @p1, @p2, @p3, @p4);
2025-03-19 00:34:07.242 +02:00 [INF] User profile is available. Using 'C:\Users\AL-FAJR\AppData\Local\ASP.NET\DataProtection-Keys' as key repository and Windows DPAPI to encrypt keys at rest.
2025-03-19 00:34:07.622 +02:00 [INF] Now listening on: https://localhost:7245
2025-03-19 00:34:07.624 +02:00 [INF] Now listening on: http://localhost:5236
2025-03-19 00:34:07.627 +02:00 [INF] Application started. Press Ctrl+C to shut down.
2025-03-19 00:34:07.628 +02:00 [INF] Hosting environment: Development
2025-03-19 00:34:07.630 +02:00 [INF] Content root path: C:\Users\AL-FAJR\Desktop\Course Management API\CourseManagementAPI\CourseManagementAPI
2025-03-19 00:34:08.326 +02:00 [INF] Request starting HTTP/2 GET https://localhost:7245/swagger/index.html - null null
2025-03-19 00:34:08.674 +02:00 [INF] Request finished HTTP/2 GET https://localhost:7245/swagger/index.html - 200 null text/html;charset=utf-8 358.4912ms
2025-03-19 00:34:08.723 +02:00 [INF] Request starting HTTP/2 GET https://localhost:7245/_framework/aspnetcore-browser-refresh.js - null null
2025-03-19 00:34:08.727 +02:00 [INF] Request starting HTTP/2 GET https://localhost:7245/_vs/browserLink - null null
2025-03-19 00:34:08.767 +02:00 [INF] Request finished HTTP/2 GET https://localhost:7245/_framework/aspnetcore-browser-refresh.js - 200 13774 application/javascript; charset=utf-8 43.7624ms
2025-03-19 00:34:08.841 +02:00 [INF] Request finished HTTP/2 GET https://localhost:7245/_vs/browserLink - 200 null text/javascript; charset=UTF-8 112.8991ms
2025-03-19 00:34:09.493 +02:00 [INF] Request starting HTTP/2 GET https://localhost:7245/swagger/v1/swagger.json - null null
2025-03-19 00:34:09.778 +02:00 [INF] Request finished HTTP/2 GET https://localhost:7245/swagger/v1/swagger.json - 200 null application/json;charset=utf-8 284.9602ms
2025-03-19 00:34:17.651 +02:00 [INF] Request starting HTTP/2 POST https://localhost:7245/api/Trainer - application/json 74
2025-03-19 00:34:17.741 +02:00 [INF] Executing endpoint 'TrainerController.AddTrainer (CourseManagementAPI)'
2025-03-19 00:34:17.766 +02:00 [INF] Route matched with {action = "AddTrainer", controller = "Trainer"}. Executing controller action with signature System.Threading.Tasks.Task`1[Microsoft.AspNetCore.Mvc.IActionResult] AddTrainer(BusinessAccessLayer.DTOS.TrainerDtos.CreateTrainerDto) on controller TrainerController (CourseManagementAPI).
2025-03-19 00:34:18.610 +02:00 [WRN] No store type was specified for the decimal property 'Price' on entity type 'Course'. This will cause values to be silently truncated if they do not fit in the default precision and scale. Explicitly specify the SQL server column type that can accommodate all the values in 'OnModelCreating' using 'HasColumnType', specify precision and scale using 'HasPrecision', or configure a value converter using 'HasConversion'.
2025-03-19 00:34:18.613 +02:00 [WRN] No store type was specified for the decimal property 'Amount' on entity type 'Payment'. This will cause values to be silently truncated if they do not fit in the default precision and scale. Explicitly specify the SQL server column type that can accommodate all the values in 'OnModelCreating' using 'HasColumnType', specify precision and scale using 'HasPrecision', or configure a value converter using 'HasConversion'.
2025-03-19 00:34:18.615 +02:00 [WRN] No store type was specified for the decimal property 'RemainingAmount' on entity type 'Payment'. This will cause values to be silently truncated if they do not fit in the default precision and scale. Explicitly specify the SQL server column type that can accommodate all the values in 'OnModelCreating' using 'HasColumnType', specify precision and scale using 'HasPrecision', or configure a value converter using 'HasConversion'.
2025-03-19 00:34:19.335 +02:00 [INF] Executed DbCommand (53ms) [Parameters=[@p0='?' (DbType = DateTime2), @p1='?' (Size = 4000), @p2='?' (Size = 4000), @p3='?' (Size = 4000), @p4='?' (DbType = DateTime2)], CommandType='"Text"', CommandTimeout='30']
SET IMPLICIT_TRANSACTIONS OFF;
SET NOCOUNT ON;
INSERT INTO [Trainers] ([CreatedAt], [Email], [FullName], [PhoneNumber], [UpdatedAt])
OUTPUT INSERTED.[Id]
VALUES (@p0, @p1, @p2, @p3, @p4);
2025-03-19 00:34:19.394 +02:00 [INF] Executing BadRequestObjectResult, writing value of type 'BusinessAccessLayer.DTOS.Response`1[[System.String, System.Private.CoreLib, Version=8.0.0.0, Culture=neutral, PublicKeyToken=7cec85d7bea7798e]]'.
2025-03-19 00:34:19.404 +02:00 [INF] Executed action TrainerController.AddTrainer (CourseManagementAPI) in 1632.1615ms
2025-03-19 00:34:19.408 +02:00 [INF] Executed endpoint 'TrainerController.AddTrainer (CourseManagementAPI)'
2025-03-19 00:34:19.422 +02:00 [INF] Request finished HTTP/2 POST https://localhost:7245/api/Trainer - 400 null application/json; charset=utf-8 1770.5208ms
2025-03-19 00:34:43.453 +02:00 [INF] Request starting HTTP/2 POST https://localhost:7245/api/Trainer - application/json 74
2025-03-19 00:34:43.467 +02:00 [INF] Executing endpoint 'TrainerController.AddTrainer (CourseManagementAPI)'
2025-03-19 00:34:43.469 +02:00 [INF] Route matched with {action = "AddTrainer", controller = "Trainer"}. Executing controller action with signature System.Threading.Tasks.Task`1[Microsoft.AspNetCore.Mvc.IActionResult] AddTrainer(BusinessAccessLayer.DTOS.TrainerDtos.CreateTrainerDto) on controller TrainerController (CourseManagementAPI).
2025-03-19 00:34:47.400 +02:00 [INF] Executed DbCommand (28ms) [Parameters=[@p0='?' (DbType = DateTime2), @p1='?' (Size = 4000), @p2='?' (Size = 4000), @p3='?' (Size = 4000), @p4='?' (DbType = DateTime2)], CommandType='"Text"', CommandTimeout='30']
SET IMPLICIT_TRANSACTIONS OFF;
SET NOCOUNT ON;
INSERT INTO [Trainers] ([CreatedAt], [Email], [FullName], [PhoneNumber], [UpdatedAt])
OUTPUT INSERTED.[Id]
VALUES (@p0, @p1, @p2, @p3, @p4);
2025-03-19 00:35:28.726 +02:00 [INF] User profile is available. Using 'C:\Users\AL-FAJR\AppData\Local\ASP.NET\DataProtection-Keys' as key repository and Windows DPAPI to encrypt keys at rest.
2025-03-19 00:35:29.149 +02:00 [INF] Now listening on: https://localhost:7245
2025-03-19 00:35:29.150 +02:00 [INF] Now listening on: http://localhost:5236
2025-03-19 00:35:29.153 +02:00 [INF] Application started. Press Ctrl+C to shut down.
2025-03-19 00:35:29.155 +02:00 [INF] Hosting environment: Development
2025-03-19 00:35:29.156 +02:00 [INF] Content root path: C:\Users\AL-FAJR\Desktop\Course Management API\CourseManagementAPI\CourseManagementAPI
2025-03-19 00:35:30.031 +02:00 [INF] Request starting HTTP/2 GET https://localhost:7245/swagger/index.html - null null
2025-03-19 00:35:30.339 +02:00 [INF] Request finished HTTP/2 GET https://localhost:7245/swagger/index.html - 200 null text/html;charset=utf-8 314.242ms
2025-03-19 00:35:30.398 +02:00 [INF] Request starting HTTP/2 GET https://localhost:7245/_framework/aspnetcore-browser-refresh.js - null null
2025-03-19 00:35:30.412 +02:00 [INF] Request starting HTTP/2 GET https://localhost:7245/_vs/browserLink - null null
2025-03-19 00:35:30.433 +02:00 [INF] Request finished HTTP/2 GET https://localhost:7245/_framework/aspnetcore-browser-refresh.js - 200 13774 application/javascript; charset=utf-8 35.2775ms
2025-03-19 00:35:30.566 +02:00 [INF] Request finished HTTP/2 GET https://localhost:7245/_vs/browserLink - 200 null text/javascript; charset=UTF-8 155.6851ms
2025-03-19 00:35:31.030 +02:00 [INF] Request starting HTTP/2 GET https://localhost:7245/swagger/v1/swagger.json - null null
2025-03-19 00:35:31.234 +02:00 [INF] Request finished HTTP/2 GET https://localhost:7245/swagger/v1/swagger.json - 200 null application/json;charset=utf-8 204.6431ms
2025-03-19 00:35:38.652 +02:00 [INF] Request starting HTTP/2 POST https://localhost:7245/api/Trainer - application/json 74
2025-03-19 00:35:38.755 +02:00 [INF] Executing endpoint 'TrainerController.AddTrainer (CourseManagementAPI)'
2025-03-19 00:35:38.789 +02:00 [INF] Route matched with {action = "AddTrainer", controller = "Trainer"}. Executing controller action with signature System.Threading.Tasks.Task`1[Microsoft.AspNetCore.Mvc.IActionResult] AddTrainer(BusinessAccessLayer.DTOS.TrainerDtos.CreateTrainerDto) on controller TrainerController (CourseManagementAPI).
2025-03-19 00:35:41.173 +02:00 [WRN] No store type was specified for the decimal property 'Price' on entity type 'Course'. This will cause values to be silently truncated if they do not fit in the default precision and scale. Explicitly specify the SQL server column type that can accommodate all the values in 'OnModelCreating' using 'HasColumnType', specify precision and scale using 'HasPrecision', or configure a value converter using 'HasConversion'.
2025-03-19 00:35:41.175 +02:00 [WRN] No store type was specified for the decimal property 'Amount' on entity type 'Payment'. This will cause values to be silently truncated if they do not fit in the default precision and scale. Explicitly specify the SQL server column type that can accommodate all the values in 'OnModelCreating' using 'HasColumnType', specify precision and scale using 'HasPrecision', or configure a value converter using 'HasConversion'.
2025-03-19 00:35:41.178 +02:00 [WRN] No store type was specified for the decimal property 'RemainingAmount' on entity type 'Payment'. This will cause values to be silently truncated if they do not fit in the default precision and scale. Explicitly specify the SQL server column type that can accommodate all the values in 'OnModelCreating' using 'HasColumnType', specify precision and scale using 'HasPrecision', or configure a value converter using 'HasConversion'.
2025-03-19 00:35:41.973 +02:00 [INF] Executed DbCommand (59ms) [Parameters=[@p0='?' (DbType = DateTime2), @p1='?' (Size = 4000), @p2='?' (Size = 4000), @p3='?' (Size = 4000), @p4='?' (DbType = DateTime2)], CommandType='"Text"', CommandTimeout='30']
SET IMPLICIT_TRANSACTIONS OFF;
SET NOCOUNT ON;
INSERT INTO [Trainers] ([CreatedAt], [Email], [FullName], [PhoneNumber], [UpdatedAt])
OUTPUT INSERTED.[Id]
VALUES (@p0, @p1, @p2, @p3, @p4);
2025-03-19 00:35:42.074 +02:00 [INF] Executing BadRequestObjectResult, writing value of type 'BusinessAccessLayer.DTOS.Response`1[[System.String, System.Private.CoreLib, Version=8.0.0.0, Culture=neutral, PublicKeyToken=7cec85d7bea7798e]]'.
2025-03-19 00:35:42.093 +02:00 [INF] Executed action TrainerController.AddTrainer (CourseManagementAPI) in 3291.8451ms
2025-03-19 00:35:42.097 +02:00 [INF] Executed endpoint 'TrainerController.AddTrainer (CourseManagementAPI)'
2025-03-19 00:35:42.120 +02:00 [INF] Request finished HTTP/2 POST https://localhost:7245/api/Trainer - 400 null application/json; charset=utf-8 3467.7079ms
2025-03-19 00:35:46.626 +02:00 [INF] Request starting HTTP/2 POST https://localhost:7245/api/Trainer - application/json 74
2025-03-19 00:35:46.636 +02:00 [INF] Executing endpoint 'TrainerController.AddTrainer (CourseManagementAPI)'
2025-03-19 00:35:46.638 +02:00 [INF] Route matched with {action = "AddTrainer", controller = "Trainer"}. Executing controller action with signature System.Threading.Tasks.Task`1[Microsoft.AspNetCore.Mvc.IActionResult] AddTrainer(BusinessAccessLayer.DTOS.TrainerDtos.CreateTrainerDto) on controller TrainerController (CourseManagementAPI).
2025-03-19 00:35:54.855 +02:00 [INF] Executed DbCommand (29ms) [Parameters=[@p0='?' (DbType = DateTime2), @p1='?' (Size = 4000), @p2='?' (Size = 4000), @p3='?' (Size = 4000), @p4='?' (DbType = DateTime2)], CommandType='"Text"', CommandTimeout='30']
SET IMPLICIT_TRANSACTIONS OFF;
SET NOCOUNT ON;
INSERT INTO [Trainers] ([CreatedAt], [Email], [FullName], [PhoneNumber], [UpdatedAt])
OUTPUT INSERTED.[Id]
VALUES (@p0, @p1, @p2, @p3, @p4);
2025-03-19 00:38:51.694 +02:00 [INF] User profile is available. Using 'C:\Users\AL-FAJR\AppData\Local\ASP.NET\DataProtection-Keys' as key repository and Windows DPAPI to encrypt keys at rest.
2025-03-19 00:38:52.268 +02:00 [INF] Now listening on: https://localhost:7245
2025-03-19 00:38:52.276 +02:00 [INF] Now listening on: http://localhost:5236
2025-03-19 00:38:52.283 +02:00 [INF] Application started. Press Ctrl+C to shut down.
2025-03-19 00:38:52.285 +02:00 [INF] Hosting environment: Development
2025-03-19 00:38:52.286 +02:00 [INF] Content root path: C:\Users\AL-FAJR\Desktop\Course Management API\CourseManagementAPI\CourseManagementAPI
2025-03-19 00:38:53.396 +02:00 [INF] Request starting HTTP/2 GET https://localhost:7245/swagger/index.html - null null
2025-03-19 00:38:53.877 +02:00 [INF] Request finished HTTP/2 GET https://localhost:7245/swagger/index.html - 200 null text/html;charset=utf-8 490.2967ms
2025-03-19 00:38:53.907 +02:00 [INF] Request starting HTTP/2 GET https://localhost:7245/_vs/browserLink - null null
2025-03-19 00:38:53.907 +02:00 [INF] Request starting HTTP/2 GET https://localhost:7245/_framework/aspnetcore-browser-refresh.js - null null
2025-03-19 00:38:53.962 +02:00 [INF] Request finished HTTP/2 GET https://localhost:7245/_framework/aspnetcore-browser-refresh.js - 200 13774 application/javascript; charset=utf-8 54.8225ms
2025-03-19 00:38:54.039 +02:00 [INF] Request finished HTTP/2 GET https://localhost:7245/_vs/browserLink - 200 null text/javascript; charset=UTF-8 131.8065ms
2025-03-19 00:38:54.633 +02:00 [INF] Request starting HTTP/2 GET https://localhost:7245/swagger/v1/swagger.json - null null
2025-03-19 00:38:54.953 +02:00 [INF] Request finished HTTP/2 GET https://localhost:7245/swagger/v1/swagger.json - 200 null application/json;charset=utf-8 320.1427ms
2025-03-19 00:38:59.828 +02:00 [INF] Request starting HTTP/2 POST https://localhost:7245/api/Trainer - application/json 74
2025-03-19 00:38:59.911 +02:00 [INF] Executing endpoint 'TrainerController.AddTrainer (CourseManagementAPI)'
2025-03-19 00:38:59.938 +02:00 [INF] Route matched with {action = "AddTrainer", controller = "Trainer"}. Executing controller action with signature System.Threading.Tasks.Task`1[Microsoft.AspNetCore.Mvc.IActionResult] AddTrainer(BusinessAccessLayer.DTOS.TrainerDtos.CreateTrainerDto) on controller TrainerController (CourseManagementAPI).
2025-03-19 00:39:02.912 +02:00 [WRN] No store type was specified for the decimal property 'Price' on entity type 'Course'. This will cause values to be silently truncated if they do not fit in the default precision and scale. Explicitly specify the SQL server column type that can accommodate all the values in 'OnModelCreating' using 'HasColumnType', specify precision and scale using 'HasPrecision', or configure a value converter using 'HasConversion'.
2025-03-19 00:39:02.915 +02:00 [WRN] No store type was specified for the decimal property 'Amount' on entity type 'Payment'. This will cause values to be silently truncated if they do not fit in the default precision and scale. Explicitly specify the SQL server column type that can accommodate all the values in 'OnModelCreating' using 'HasColumnType', specify precision and scale using 'HasPrecision', or configure a value converter using 'HasConversion'.
2025-03-19 00:39:02.916 +02:00 [WRN] No store type was specified for the decimal property 'RemainingAmount' on entity type 'Payment'. This will cause values to be silently truncated if they do not fit in the default precision and scale. Explicitly specify the SQL server column type that can accommodate all the values in 'OnModelCreating' using 'HasColumnType', specify precision and scale using 'HasPrecision', or configure a value converter using 'HasConversion'.
2025-03-19 00:39:03.721 +02:00 [INF] Executed DbCommand (68ms) [Parameters=[@p0='?' (DbType = DateTime2), @p1='?' (Size = 4000), @p2='?' (Size = 4000), @p3='?' (Size = 4000), @p4='?' (DbType = DateTime2)], CommandType='"Text"', CommandTimeout='30']
SET IMPLICIT_TRANSACTIONS OFF;
SET NOCOUNT ON;
INSERT INTO [Trainers] ([CreatedAt], [Email], [FullName], [PhoneNumber], [UpdatedAt])
OUTPUT INSERTED.[Id]
VALUES (@p0, @p1, @p2, @p3, @p4);
2025-03-19 00:40:08.439 +02:00 [INF] Executing BadRequestObjectResult, writing value of type 'BusinessAccessLayer.DTOS.Response`1[[System.String, System.Private.CoreLib, Version=8.0.0.0, Culture=neutral, PublicKeyToken=7cec85d7bea7798e]]'.
2025-03-19 00:40:08.451 +02:00 [INF] Executed action TrainerController.AddTrainer (CourseManagementAPI) in 68505.3748ms
2025-03-19 00:40:08.454 +02:00 [INF] Executed endpoint 'TrainerController.AddTrainer (CourseManagementAPI)'
2025-03-19 00:40:08.465 +02:00 [INF] Request finished HTTP/2 POST https://localhost:7245/api/Trainer - 400 null application/json; charset=utf-8 68637.19ms
2025-03-19 00:40:32.310 +02:00 [INF] User profile is available. Using 'C:\Users\AL-FAJR\AppData\Local\ASP.NET\DataProtection-Keys' as key repository and Windows DPAPI to encrypt keys at rest.
2025-03-19 00:40:32.879 +02:00 [INF] Now listening on: https://localhost:7245
2025-03-19 00:40:32.881 +02:00 [INF] Now listening on: http://localhost:5236
2025-03-19 00:40:32.884 +02:00 [INF] Application started. Press Ctrl+C to shut down.
2025-03-19 00:40:32.885 +02:00 [INF] Hosting environment: Development
2025-03-19 00:40:32.886 +02:00 [INF] Content root path: C:\Users\AL-FAJR\Desktop\Course Management API\CourseManagementAPI\CourseManagementAPI
2025-03-19 00:40:33.719 +02:00 [INF] Request starting HTTP/2 GET https://localhost:7245/swagger/index.html - null null
2025-03-19 00:40:34.049 +02:00 [INF] Request finished HTTP/2 GET https://localhost:7245/swagger/index.html - 200 null text/html;charset=utf-8 334.5955ms
2025-03-19 00:40:34.109 +02:00 [INF] Request starting HTTP/2 GET https://localhost:7245/_framework/aspnetcore-browser-refresh.js - null null
2025-03-19 00:40:34.109 +02:00 [INF] Request starting HTTP/2 GET https://localhost:7245/_vs/browserLink - null null
2025-03-19 00:40:34.126 +02:00 [INF] Request finished HTTP/2 GET https://localhost:7245/_framework/aspnetcore-browser-refresh.js - 200 13774 application/javascript; charset=utf-8 17.9946ms
2025-03-19 00:40:34.190 +02:00 [INF] Request finished HTTP/2 GET https://localhost:7245/_vs/browserLink - 200 null text/javascript; charset=UTF-8 81.0171ms
2025-03-19 00:40:34.675 +02:00 [INF] Request starting HTTP/2 GET https://localhost:7245/swagger/v1/swagger.json - null null
2025-03-19 00:40:34.932 +02:00 [INF] Request finished HTTP/2 GET https://localhost:7245/swagger/v1/swagger.json - 200 null application/json;charset=utf-8 257.3358ms
2025-03-19 00:40:39.184 +02:00 [INF] Request starting HTTP/2 POST https://localhost:7245/api/Trainer - application/json 74
2025-03-19 00:40:39.265 +02:00 [INF] Executing endpoint 'TrainerController.AddTrainer (CourseManagementAPI)'
2025-03-19 00:40:39.293 +02:00 [INF] Route matched with {action = "AddTrainer", controller = "Trainer"}. Executing controller action with signature System.Threading.Tasks.Task`1[Microsoft.AspNetCore.Mvc.IActionResult] AddTrainer(BusinessAccessLayer.DTOS.TrainerDtos.CreateTrainerDto) on controller TrainerController (CourseManagementAPI).
2025-03-19 00:40:43.247 +02:00 [WRN] No store type was specified for the decimal property 'Price' on entity type 'Course'. This will cause values to be silently truncated if they do not fit in the default precision and scale. Explicitly specify the SQL server column type that can accommodate all the values in 'OnModelCreating' using 'HasColumnType', specify precision and scale using 'HasPrecision', or configure a value converter using 'HasConversion'.
2025-03-19 00:40:43.249 +02:00 [WRN] No store type was specified for the decimal property 'Amount' on entity type 'Payment'. This will cause values to be silently truncated if they do not fit in the default precision and scale. Explicitly specify the SQL server column type that can accommodate all the values in 'OnModelCreating' using 'HasColumnType', specify precision and scale using 'HasPrecision', or configure a value converter using 'HasConversion'.
2025-03-19 00:40:43.251 +02:00 [WRN] No store type was specified for the decimal property 'RemainingAmount' on entity type 'Payment'. This will cause values to be silently truncated if they do not fit in the default precision and scale. Explicitly specify the SQL server column type that can accommodate all the values in 'OnModelCreating' using 'HasColumnType', specify precision and scale using 'HasPrecision', or configure a value converter using 'HasConversion'.
2025-03-19 00:40:44.030 +02:00 [INF] Executed DbCommand (54ms) [Parameters=[@p0='?' (DbType = DateTime2), @p1='?' (Size = 4000), @p2='?' (Size = 4000), @p3='?' (Size = 4000), @p4='?' (DbType = DateTime2)], CommandType='"Text"', CommandTimeout='30']
SET IMPLICIT_TRANSACTIONS OFF;
SET NOCOUNT ON;
INSERT INTO [Trainers] ([CreatedAt], [Email], [FullName], [PhoneNumber], [UpdatedAt])
OUTPUT INSERTED.[Id]
VALUES (@p0, @p1, @p2, @p3, @p4);
2025-03-19 00:40:44.092 +02:00 [INF] Executing BadRequestObjectResult, writing value of type 'BusinessAccessLayer.DTOS.Response`1[[System.String, System.Private.CoreLib, Version=8.0.0.0, Culture=neutral, PublicKeyToken=7cec85d7bea7798e]]'.
2025-03-19 00:40:44.101 +02:00 [INF] Executed action TrainerController.AddTrainer (CourseManagementAPI) in 4801.8173ms
2025-03-19 00:40:44.104 +02:00 [INF] Executed endpoint 'TrainerController.AddTrainer (CourseManagementAPI)'
2025-03-19 00:40:44.113 +02:00 [INF] Request finished HTTP/2 POST https://localhost:7245/api/Trainer - 400 null application/json; charset=utf-8 4929.9233ms
2025-03-19 00:40:56.870 +02:00 [INF] Request starting HTTP/2 POST https://localhost:7245/api/Trainer - application/json 74
2025-03-19 00:40:56.876 +02:00 [INF] Executing endpoint 'TrainerController.AddTrainer (CourseManagementAPI)'
2025-03-19 00:40:56.878 +02:00 [INF] Route matched with {action = "AddTrainer", controller = "Trainer"}. Executing controller action with signature System.Threading.Tasks.Task`1[Microsoft.AspNetCore.Mvc.IActionResult] AddTrainer(BusinessAccessLayer.DTOS.TrainerDtos.CreateTrainerDto) on controller TrainerController (CourseManagementAPI).
2025-03-19 00:41:00.448 +02:00 [INF] Executed DbCommand (27ms) [Parameters=[@p0='?' (DbType = DateTime2), @p1='?' (Size = 4000), @p2='?' (Size = 4000), @p3='?' (Size = 4000), @p4='?' (DbType = DateTime2)], CommandType='"Text"', CommandTimeout='30']
SET IMPLICIT_TRANSACTIONS OFF;
SET NOCOUNT ON;
INSERT INTO [Trainers] ([CreatedAt], [Email], [FullName], [PhoneNumber], [UpdatedAt])
OUTPUT INSERTED.[Id]
VALUES (@p0, @p1, @p2, @p3, @p4);
2025-03-19 00:41:23.204 +02:00 [INF] User profile is available. Using 'C:\Users\AL-FAJR\AppData\Local\ASP.NET\DataProtection-Keys' as key repository and Windows DPAPI to encrypt keys at rest.
2025-03-19 00:41:23.655 +02:00 [INF] Now listening on: https://localhost:7245
2025-03-19 00:41:23.657 +02:00 [INF] Now listening on: http://localhost:5236
2025-03-19 00:41:23.660 +02:00 [INF] Application started. Press Ctrl+C to shut down.
2025-03-19 00:41:23.662 +02:00 [INF] Hosting environment: Development
2025-03-19 00:41:23.663 +02:00 [INF] Content root path: C:\Users\AL-FAJR\Desktop\Course Management API\CourseManagementAPI\CourseManagementAPI
2025-03-19 00:41:24.268 +02:00 [INF] Request starting HTTP/2 GET https://localhost:7245/swagger/index.html - null null
2025-03-19 00:41:24.603 +02:00 [INF] Request finished HTTP/2 GET https://localhost:7245/swagger/index.html - 200 null text/html;charset=utf-8 345.551ms
2025-03-19 00:41:24.678 +02:00 [INF] Request starting HTTP/2 GET https://localhost:7245/_vs/browserLink - null null
2025-03-19 00:41:24.678 +02:00 [INF] Request starting HTTP/2 GET https://localhost:7245/_framework/aspnetcore-browser-refresh.js - null null
2025-03-19 00:41:24.713 +02:00 [INF] Request finished HTTP/2 GET https://localhost:7245/_framework/aspnetcore-browser-refresh.js - 200 13774 application/javascript; charset=utf-8 35.9501ms
2025-03-19 00:41:24.804 +02:00 [INF] Request finished HTTP/2 GET https://localhost:7245/_vs/browserLink - 200 null text/javascript; charset=UTF-8 125.2891ms
2025-03-19 00:41:25.247 +02:00 [INF] Request starting HTTP/2 GET https://localhost:7245/swagger/v1/swagger.json - null null
2025-03-19 00:41:25.445 +02:00 [INF] Request finished HTTP/2 GET https://localhost:7245/swagger/v1/swagger.json - 200 null application/json;charset=utf-8 198.4813ms
2025-03-19 00:41:30.310 +02:00 [INF] Request starting HTTP/2 POST https://localhost:7245/api/Trainer - application/json 74
2025-03-19 00:41:30.393 +02:00 [INF] Executing endpoint 'TrainerController.AddTrainer (CourseManagementAPI)'
2025-03-19 00:41:30.418 +02:00 [INF] Route matched with {action = "AddTrainer", controller = "Trainer"}. Executing controller action with signature System.Threading.Tasks.Task`1[Microsoft.AspNetCore.Mvc.IActionResult] AddTrainer(BusinessAccessLayer.DTOS.TrainerDtos.CreateTrainerDto) on controller TrainerController (CourseManagementAPI).
2025-03-19 00:41:34.577 +02:00 [WRN] No store type was specified for the decimal property 'Price' on entity type 'Course'. This will cause values to be silently truncated if they do not fit in the default precision and scale. Explicitly specify the SQL server column type that can accommodate all the values in 'OnModelCreating' using 'HasColumnType', specify precision and scale using 'HasPrecision', or configure a value converter using 'HasConversion'.
2025-03-19 00:41:34.580 +02:00 [WRN] No store type was specified for the decimal property 'Amount' on entity type 'Payment'. This will cause values to be silently truncated if they do not fit in the default precision and scale. Explicitly specify the SQL server column type that can accommodate all the values in 'OnModelCreating' using 'HasColumnType', specify precision and scale using 'HasPrecision', or configure a value converter using 'HasConversion'.
2025-03-19 00:41:34.582 +02:00 [WRN] No store type was specified for the decimal property 'RemainingAmount' on entity type 'Payment'. This will cause values to be silently truncated if they do not fit in the default precision and scale. Explicitly specify the SQL server column type that can accommodate all the values in 'OnModelCreating' using 'HasColumnType', specify precision and scale using 'HasPrecision', or configure a value converter using 'HasConversion'.
2025-03-19 00:41:35.346 +02:00 [INF] Executed DbCommand (57ms) [Parameters=[@p0='?' (DbType = DateTime2), @p1='?' (Size = 4000), @p2='?' (Size = 4000), @p3='?' (Size = 4000), @p4='?' (DbType = DateTime2)], CommandType='"Text"', CommandTimeout='30']
SET IMPLICIT_TRANSACTIONS OFF;
SET NOCOUNT ON;
INSERT INTO [Trainers] ([CreatedAt], [Email], [FullName], [PhoneNumber], [UpdatedAt])
OUTPUT INSERTED.[Id]
VALUES (@p0, @p1, @p2, @p3, @p4);
2025-03-19 00:41:35.404 +02:00 [INF] Executing OkObjectResult, writing value of type 'BusinessAccessLayer.DTOS.Response`1[[System.String, System.Private.CoreLib, Version=8.0.0.0, Culture=neutral, PublicKeyToken=7cec85d7bea7798e]]'.
2025-03-19 00:41:35.414 +02:00 [INF] Executed action TrainerController.AddTrainer (CourseManagementAPI) in 4988.6502ms
2025-03-19 00:41:35.416 +02:00 [INF] Executed endpoint 'TrainerController.AddTrainer (CourseManagementAPI)'
2025-03-19 00:41:35.428 +02:00 [INF] Request finished HTTP/2 POST https://localhost:7245/api/Trainer - 200 null application/json; charset=utf-8 5118.3009ms
2025-03-19 00:41:42.518 +02:00 [INF] Request starting HTTP/2 GET https://localhost:7245/api/Trainer - null null
2025-03-19 00:41:42.528 +02:00 [INF] Executing endpoint 'TrainerController.GetAllTrainers (CourseManagementAPI)'
2025-03-19 00:41:42.536 +02:00 [INF] Route matched with {action = "GetAllTrainers", controller = "Trainer"}. Executing controller action with signature System.Threading.Tasks.Task`1[Microsoft.AspNetCore.Mvc.IActionResult] GetAllTrainers() on controller TrainerController (CourseManagementAPI).
2025-03-19 00:41:42.827 +02:00 [INF] Executed DbCommand (9ms) [Parameters=[], CommandType='"Text"', CommandTimeout='30']
SELECT [t].[Id], [t].[CreatedAt], [t].[Email], [t].[FullName], [t].[PhoneNumber], [t].[UpdatedAt]
FROM [Trainers] AS [t]
2025-03-19 00:41:42.842 +02:00 [INF] Executing OkObjectResult, writing value of type 'BusinessAccessLayer.DTOS.Response`1[[System.Collections.Generic.IEnumerable`1[[BusinessAccessLayer.DTOS.TrainerDtos.TrainerViewDto, BusinessAccessLayer, Version=1.0.0.0, Culture=neutral, PublicKeyToken=null]], System.Private.CoreLib, Version=8.0.0.0, Culture=neutral, PublicKeyToken=7cec85d7bea7798e]]'.
2025-03-19 00:41:42.858 +02:00 [INF] Executed action TrainerController.GetAllTrainers (CourseManagementAPI) in 317.7368ms
2025-03-19 00:41:42.861 +02:00 [INF] Executed endpoint 'TrainerController.GetAllTrainers (CourseManagementAPI)'
2025-03-19 00:41:42.862 +02:00 [INF] Request finished HTTP/2 GET https://localhost:7245/api/Trainer - 200 null application/json; charset=utf-8 344.5438ms
2025-03-19 00:41:53.050 +02:00 [INF] Request starting HTTP/2 PUT https://localhost:7245/api/Trainer/11111 - application/json 74
2025-03-19 00:41:53.058 +02:00 [INF] Executing endpoint 'TrainerController.UpdateTrainer (CourseManagementAPI)'
2025-03-19 00:41:53.071 +02:00 [INF] Route matched with {action = "UpdateTrainer", controller = "Trainer"}. Executing controller action with signature System.Threading.Tasks.Task`1[Microsoft.AspNetCore.Mvc.IActionResult] UpdateTrainer(Int32, BusinessAccessLayer.DTOS.TrainerDtos.CreateTrainerDto) on controller TrainerController (CourseManagementAPI).
2025-03-19 00:41:53.196 +02:00 [INF] Executed DbCommand (4ms) [Parameters=[@__id_0='?' (DbType = Int32)], CommandType='"Text"', CommandTimeout='30']
SELECT TOP(1) [t].[Id], [t].[CreatedAt], [t].[Email], [t].[FullName], [t].[PhoneNumber], [t].[UpdatedAt]
FROM [Trainers] AS [t]
WHERE [t].[Id] = @__id_0
2025-03-19 00:41:53.303 +02:00 [INF] Executed action TrainerController.UpdateTrainer (CourseManagementAPI) in 229.4599ms
2025-03-19 00:41:53.306 +02:00 [INF] Executed endpoint 'TrainerController.UpdateTrainer (CourseManagementAPI)'
2025-03-19 00:41:53.391 +02:00 [INF] Request finished HTTP/2 PUT https://localhost:7245/api/Trainer/11111 - 404 null application/json 341.3447ms
2025-03-19 00:42:02.617 +02:00 [INF] Request starting HTTP/2 PUT https://localhost:7245/api/Trainer/1 - application/json 73
2025-03-19 00:42:02.645 +02:00 [INF] Executing endpoint 'TrainerController.UpdateTrainer (CourseManagementAPI)'
2025-03-19 00:42:02.648 +02:00 [INF] Route matched with {action = "UpdateTrainer", controller = "Trainer"}. Executing controller action with signature System.Threading.Tasks.Task`1[Microsoft.AspNetCore.Mvc.IActionResult] UpdateTrainer(Int32, BusinessAccessLayer.DTOS.TrainerDtos.CreateTrainerDto) on controller TrainerController (CourseManagementAPI).
2025-03-19 00:42:02.666 +02:00 [INF] Executed DbCommand (1ms) [Parameters=[@__id_0='?' (DbType = Int32)], CommandType='"Text"', CommandTimeout='30']
SELECT TOP(1) [t].[Id], [t].[CreatedAt], [t].[Email], [t].[FullName], [t].[PhoneNumber], [t].[UpdatedAt]
FROM [Trainers] AS [t]
WHERE [t].[Id] = @__id_0
2025-03-19 00:42:02.696 +02:00 [INF] Executed DbCommand (6ms) [Parameters=[@p3='?' (DbType = Int32), @p0='?' (Size = 4000), @p1='?' (Size = 4000), @p2='?' (Size = 4000)], CommandType='"Text"', CommandTimeout='30']
SET IMPLICIT_TRANSACTIONS OFF;
SET NOCOUNT ON;
UPDATE [Trainers] SET [Email] = @p0, [FullName] = @p1, [PhoneNumber] = @p2
OUTPUT 1
WHERE [Id] = @p3;
2025-03-19 00:42:02.703 +02:00 [INF] Executing OkObjectResult, writing value of type 'BusinessAccessLayer.DTOS.Response`1[[System.String, System.Private.CoreLib, Version=8.0.0.0, Culture=neutral, PublicKeyToken=7cec85d7bea7798e]]'.
2025-03-19 00:42:02.705 +02:00 [INF] Executed action TrainerController.UpdateTrainer (CourseManagementAPI) in 49.0832ms
2025-03-19 00:42:02.707 +02:00 [INF] Executed endpoint 'TrainerController.UpdateTrainer (CourseManagementAPI)'
2025-03-19 00:42:02.708 +02:00 [INF] Request finished HTTP/2 PUT https://localhost:7245/api/Trainer/1 - 200 null application/json; charset=utf-8 90.7439ms
2025-03-19 00:42:20.650 +02:00 [INF] Request starting HTTP/2 DELETE https://localhost:7245/api/Trainer/100 - null null
2025-03-19 00:42:20.654 +02:00 [INF] Executing endpoint 'TrainerController.DeleteTrainer (CourseManagementAPI)'
2025-03-19 00:42:20.664 +02:00 [INF] Route matched with {action = "DeleteTrainer", controller = "Trainer"}. Executing controller action with signature System.Threading.Tasks.Task`1[Microsoft.AspNetCore.Mvc.IActionResult] DeleteTrainer(Int32) on controller TrainerController (CourseManagementAPI).
2025-03-19 00:42:20.674 +02:00 [INF] Executed DbCommand (3ms) [Parameters=[@__id_0='?' (DbType = Int32)], CommandType='"Text"', CommandTimeout='30']
SELECT TOP(1) [t].[Id], [t].[CreatedAt], [t].[Email], [t].[FullName], [t].[PhoneNumber], [t].[UpdatedAt]
FROM [Trainers] AS [t]
WHERE [t].[Id] = @__id_0
2025-03-19 00:42:20.762 +02:00 [INF] Executed action TrainerController.DeleteTrainer (CourseManagementAPI) in 94.3061ms
2025-03-19 00:42:20.764 +02:00 [INF] Executed endpoint 'TrainerController.DeleteTrainer (CourseManagementAPI)'
2025-03-19 00:42:20.840 +02:00 [INF] Request finished HTTP/2 DELETE https://localhost:7245/api/Trainer/100 - 404 null application/json 190.562ms
2025-03-19 00:42:26.447 +02:00 [INF] Request starting HTTP/2 DELETE https://localhost:7245/api/Trainer/1 - null null
2025-03-19 00:42:26.451 +02:00 [INF] Executing endpoint 'TrainerController.DeleteTrainer (CourseManagementAPI)'
2025-03-19 00:42:26.453 +02:00 [INF] Route matched with {action = "DeleteTrainer", controller = "Trainer"}. Executing controller action with signature System.Threading.Tasks.Task`1[Microsoft.AspNetCore.Mvc.IActionResult] DeleteTrainer(Int32) on controller TrainerController (CourseManagementAPI).
2025-03-19 00:42:26.461 +02:00 [INF] Executed DbCommand (1ms) [Parameters=[@__id_0='?' (DbType = Int32)], CommandType='"Text"', CommandTimeout='30']
SELECT TOP(1) [t].[Id], [t].[CreatedAt], [t].[Email], [t].[FullName], [t].[PhoneNumber], [t].[UpdatedAt]
FROM [Trainers] AS [t]
WHERE [t].[Id] = @__id_0
2025-03-19 00:42:26.485 +02:00 [INF] Executed DbCommand (10ms) [Parameters=[@p0='?' (DbType = Int32)], CommandType='"Text"', CommandTimeout='30']
SET IMPLICIT_TRANSACTIONS OFF;
SET NOCOUNT ON;
DELETE FROM [Trainers]
OUTPUT 1
WHERE [Id] = @p0;
2025-03-19 00:42:26.491 +02:00 [INF] Executing OkObjectResult, writing value of type 'BusinessAccessLayer.DTOS.Response`1[[System.String, System.Private.CoreLib, Version=8.0.0.0, Culture=neutral, PublicKeyToken=7cec85d7bea7798e]]'.
2025-03-19 00:42:26.494 +02:00 [INF] Executed action TrainerController.DeleteTrainer (CourseManagementAPI) in 36.7182ms
2025-03-19 00:42:26.496 +02:00 [INF] Executed endpoint 'TrainerController.DeleteTrainer (CourseManagementAPI)'
2025-03-19 00:42:26.497 +02:00 [INF] Request finished HTTP/2 DELETE https://localhost:7245/api/Trainer/1 - 200 null application/json; charset=utf-8 50.6721ms
2025-03-19 00:42:33.391 +02:00 [INF] Request starting HTTP/2 GET https://localhost:7245/api/Trainer/1 - null null
2025-03-19 00:42:33.397 +02:00 [INF] Executing endpoint 'TrainerController.ViewTrainer (CourseManagementAPI)'
2025-03-19 00:42:33.406 +02:00 [INF] Route matched with {action = "ViewTrainer", controller = "Trainer"}. Executing controller action with signature System.Threading.Tasks.Task`1[Microsoft.AspNetCore.Mvc.IActionResult] ViewTrainer(Int32) on controller TrainerController (CourseManagementAPI).
2025-03-19 00:42:33.414 +02:00 [INF] Executed DbCommand (1ms) [Parameters=[@__id_0='?' (DbType = Int32)], CommandType='"Text"', CommandTimeout='30']
SELECT TOP(1) [t].[Id], [t].[CreatedAt], [t].[Email], [t].[FullName], [t].[PhoneNumber], [t].[UpdatedAt]
FROM [Trainers] AS [t]
WHERE [t].[Id] = @__id_0
2025-03-19 00:42:33.496 +02:00 [INF] Executed action TrainerController.ViewTrainer (CourseManagementAPI) in 86.6401ms
2025-03-19 00:42:33.499 +02:00 [INF] Executed endpoint 'TrainerController.ViewTrainer (CourseManagementAPI)'
2025-03-19 00:42:33.578 +02:00 [INF] Request finished HTTP/2 GET https://localhost:7245/api/Trainer/1 - 404 null application/json 187.3637ms
2025-03-19 00:42:37.304 +02:00 [INF] Request starting HTTP/2 GET https://localhost:7245/api/Trainer/10 - null null
2025-03-19 00:42:37.308 +02:00 [INF] Executing endpoint 'TrainerController.ViewTrainer (CourseManagementAPI)'
2025-03-19 00:42:37.310 +02:00 [INF] Route matched with {action = "ViewTrainer", controller = "Trainer"}. Executing controller action with signature System.Threading.Tasks.Task`1[Microsoft.AspNetCore.Mvc.IActionResult] ViewTrainer(Int32) on controller TrainerController (CourseManagementAPI).
2025-03-19 00:42:37.317 +02:00 [INF] Executed DbCommand (1ms) [Parameters=[@__id_0='?' (DbType = Int32)], CommandType='"Text"', CommandTimeout='30']
SELECT TOP(1) [t].[Id], [t].[CreatedAt], [t].[Email], [t].[FullName], [t].[PhoneNumber], [t].[UpdatedAt]
FROM [Trainers] AS [t]
WHERE [t].[Id] = @__id_0
2025-03-19 00:42:37.322 +02:00 [INF] Executing OkObjectResult, writing value of type 'BusinessAccessLayer.DTOS.Response`1[[BusinessAccessLayer.DTOS.TrainerDtos.TrainerViewDto, BusinessAccessLayer, Version=1.0.0.0, Culture=neutral, PublicKeyToken=null]]'.
2025-03-19 00:42:37.325 +02:00 [INF] Executed action TrainerController.ViewTrainer (CourseManagementAPI) in 12.1683ms
2025-03-19 00:42:37.328 +02:00 [INF] Executed endpoint 'TrainerController.ViewTrainer (CourseManagementAPI)'
2025-03-19 00:42:37.330 +02:00 [INF] Request finished HTTP/2 GET https://localhost:7245/api/Trainer/10 - 200 null application/json; charset=utf-8 25.8016ms
