2025-03-21 00:50:03.869 +02:00 [INF] User profile is available. Using 'C:\Users\AL-FAJR\AppData\Local\ASP.NET\DataProtection-Keys' as key repository and Windows DPAPI to encrypt keys at rest.
2025-03-21 00:50:04.344 +02:00 [INF] Now listening on: https://localhost:7245
2025-03-21 00:50:04.345 +02:00 [INF] Now listening on: http://localhost:5236
2025-03-21 00:50:04.349 +02:00 [INF] Application started. Press Ctrl+C to shut down.
2025-03-21 00:50:04.351 +02:00 [INF] Hosting environment: Development
2025-03-21 00:50:04.352 +02:00 [INF] Content root path: C:\Users\AL-FAJR\Desktop\Course Management API\CourseManagementAPI\CourseManagementAPI
2025-03-21 00:50:05.268 +02:00 [INF] Request starting HTTP/2 GET https://localhost:7245/swagger/index.html - null null
2025-03-21 00:50:05.701 +02:00 [INF] Request finished HTTP/2 GET https://localhost:7245/swagger/index.html - 200 null text/html;charset=utf-8 440.9623ms
2025-03-21 00:50:05.766 +02:00 [INF] Request starting HTTP/2 GET https://localhost:7245/_framework/aspnetcore-browser-refresh.js - null null
2025-03-21 00:50:05.766 +02:00 [INF] Request starting HTTP/2 GET https://localhost:7245/_vs/browserLink - null null
2025-03-21 00:50:05.787 +02:00 [INF] Request finished HTTP/2 GET https://localhost:7245/_framework/aspnetcore-browser-refresh.js - 200 13774 application/javascript; charset=utf-8 15.6119ms
2025-03-21 00:50:05.892 +02:00 [INF] Request finished HTTP/2 GET https://localhost:7245/_vs/browserLink - 200 null text/javascript; charset=UTF-8 125.6696ms
2025-03-21 00:50:06.469 +02:00 [INF] Request starting HTTP/2 GET https://localhost:7245/swagger/v1/swagger.json - null null
2025-03-21 00:50:06.683 +02:00 [INF] Request finished HTTP/2 GET https://localhost:7245/swagger/v1/swagger.json - 200 null application/json;charset=utf-8 213.677ms
2025-03-21 00:50:14.795 +02:00 [INF] Request starting HTTP/2 GET https://localhost:7245/api/TrainerCourse/export-pdf - null null
2025-03-21 00:50:14.940 +02:00 [INF] Executing endpoint 'CourseManagementAPI.Controllers.TrainerCourseController.GetCourseTrainersWithPaymentsReport1 (CourseManagementAPI)'
2025-03-21 00:50:14.959 +02:00 [INF] Route matched with {action = "GetCourseTrainersWithPaymentsReport1", controller = "TrainerCourse"}. Executing controller action with signature System.Threading.Tasks.Task`1[Microsoft.AspNetCore.Mvc.IActionResult] GetCourseTrainersWithPaymentsReport1() on controller CourseManagementAPI.Controllers.TrainerCourseController (CourseManagementAPI).
2025-03-21 00:50:16.039 +02:00 [WRN] No store type was specified for the decimal property 'Price' on entity type 'Course'. This will cause values to be silently truncated if they do not fit in the default precision and scale. Explicitly specify the SQL server column type that can accommodate all the values in 'OnModelCreating' using 'HasColumnType', specify precision and scale using 'HasPrecision', or configure a value converter using 'HasConversion'.
2025-03-21 00:50:16.041 +02:00 [WRN] No store type was specified for the decimal property 'Amount' on entity type 'Payment'. This will cause values to be silently truncated if they do not fit in the default precision and scale. Explicitly specify the SQL server column type that can accommodate all the values in 'OnModelCreating' using 'HasColumnType', specify precision and scale using 'HasPrecision', or configure a value converter using 'HasConversion'.
2025-03-21 00:50:16.043 +02:00 [WRN] No store type was specified for the decimal property 'RemainingAmount' on entity type 'Payment'. This will cause values to be silently truncated if they do not fit in the default precision and scale. Explicitly specify the SQL server column type that can accommodate all the values in 'OnModelCreating' using 'HasColumnType', specify precision and scale using 'HasPrecision', or configure a value converter using 'HasConversion'.
2025-03-21 00:50:16.994 +02:00 [INF] Executed DbCommand (56ms) [Parameters=[], CommandType='"Text"', CommandTimeout='30']
SELECT [c].[CourseId], [c].[TrainerId], [c0].[Id], [c0].[CreatedAt], [c0].[Description], [c0].[Price], [c0].[Title], [c0].[UpdatedAt], [t].[Id], [t].[CreatedAt], [t].[Email], [t].[FullName], [t].[PhoneNumber], [t].[UpdatedAt], [p].[Id], [p].[Amount], [p].[CourseId], [p].[CreatedAt], [p].[PaymentStatusForCourse], [p].[RemainingAmount], [p].[TrainerId], [p].[UpdatedAt]
FROM [CourseTrainers] AS [c]
INNER JOIN [Trainers] AS [t] ON [c].[TrainerId] = [t].[Id]
INNER JOIN [Courses] AS [c0] ON [c].[CourseId] = [c0].[Id]
LEFT JOIN [Payments] AS [p] ON [c].[CourseId] = [p].[CourseId] AND [c].[TrainerId] = [p].[TrainerId]
ORDER BY [t].[FullName], [c].[CourseId], [c].[TrainerId], [t].[Id], [c0].[Id]
2025-03-21 00:50:17.291 +02:00 [INF] Executing FileContentResult, sending file with download name 'CourseTrainersWithPaymentsReport.pdf' ...
2025-03-21 00:50:17.306 +02:00 [INF] Executed action CourseManagementAPI.Controllers.TrainerCourseController.GetCourseTrainersWithPaymentsReport1 (CourseManagementAPI) in 2339.6799ms
2025-03-21 00:50:17.309 +02:00 [INF] Executed endpoint 'CourseManagementAPI.Controllers.TrainerCourseController.GetCourseTrainersWithPaymentsReport1 (CourseManagementAPI)'
2025-03-21 00:50:17.323 +02:00 [INF] Request finished HTTP/2 GET https://localhost:7245/api/TrainerCourse/export-pdf - 200 1458 application/pdf 2528.02ms
2025-03-21 00:50:32.896 +02:00 [INF] Request starting HTTP/2 GET https://localhost:7245/api/TrainerCourse/export-pdf - null null
2025-03-21 00:50:32.907 +02:00 [INF] Executing endpoint 'CourseManagementAPI.Controllers.TrainerCourseController.GetCourseTrainersWithPaymentsReport1 (CourseManagementAPI)'
2025-03-21 00:50:32.909 +02:00 [INF] Route matched with {action = "GetCourseTrainersWithPaymentsReport1", controller = "TrainerCourse"}. Executing controller action with signature System.Threading.Tasks.Task`1[Microsoft.AspNetCore.Mvc.IActionResult] GetCourseTrainersWithPaymentsReport1() on controller CourseManagementAPI.Controllers.TrainerCourseController (CourseManagementAPI).
2025-03-21 00:50:32.937 +02:00 [INF] Executed DbCommand (4ms) [Parameters=[], CommandType='"Text"', CommandTimeout='30']
SELECT [c].[CourseId], [c].[TrainerId], [c0].[Id], [c0].[CreatedAt], [c0].[Description], [c0].[Price], [c0].[Title], [c0].[UpdatedAt], [t].[Id], [t].[CreatedAt], [t].[Email], [t].[FullName], [t].[PhoneNumber], [t].[UpdatedAt], [p].[Id], [p].[Amount], [p].[CourseId], [p].[CreatedAt], [p].[PaymentStatusForCourse], [p].[RemainingAmount], [p].[TrainerId], [p].[UpdatedAt]
FROM [CourseTrainers] AS [c]
INNER JOIN [Trainers] AS [t] ON [c].[TrainerId] = [t].[Id]
INNER JOIN [Courses] AS [c0] ON [c].[CourseId] = [c0].[Id]
LEFT JOIN [Payments] AS [p] ON [c].[CourseId] = [p].[CourseId] AND [c].[TrainerId] = [p].[TrainerId]
ORDER BY [t].[FullName], [c].[CourseId], [c].[TrainerId], [t].[Id], [c0].[Id]
2025-03-21 00:50:32.942 +02:00 [INF] Executing FileContentResult, sending file with download name 'CourseTrainersWithPaymentsReport.pdf' ...
2025-03-21 00:50:32.943 +02:00 [INF] Executed action CourseManagementAPI.Controllers.TrainerCourseController.GetCourseTrainersWithPaymentsReport1 (CourseManagementAPI) in 31.6628ms
2025-03-21 00:50:32.945 +02:00 [INF] Executed endpoint 'CourseManagementAPI.Controllers.TrainerCourseController.GetCourseTrainersWithPaymentsReport1 (CourseManagementAPI)'
2025-03-21 00:50:32.948 +02:00 [INF] Request finished HTTP/2 GET https://localhost:7245/api/TrainerCourse/export-pdf - 200 1458 application/pdf 52.2337ms
2025-03-21 00:52:37.994 +02:00 [INF] Request starting HTTP/2 GET https://localhost:7245/api/TrainerCourse/export-pdf - null null
2025-03-21 00:52:38.013 +02:00 [INF] Executing endpoint 'CourseManagementAPI.Controllers.TrainerCourseController.GetCourseTrainersWithPaymentsReport1 (CourseManagementAPI)'
2025-03-21 00:52:38.015 +02:00 [INF] Route matched with {action = "GetCourseTrainersWithPaymentsReport1", controller = "TrainerCourse"}. Executing controller action with signature System.Threading.Tasks.Task`1[Microsoft.AspNetCore.Mvc.IActionResult] GetCourseTrainersWithPaymentsReport1() on controller CourseManagementAPI.Controllers.TrainerCourseController (CourseManagementAPI).
2025-03-21 00:52:38.118 +02:00 [INF] Executed DbCommand (11ms) [Parameters=[], CommandType='"Text"', CommandTimeout='30']
SELECT [c].[CourseId], [c].[TrainerId], [c0].[Id], [c0].[CreatedAt], [c0].[Description], [c0].[Price], [c0].[Title], [c0].[UpdatedAt], [t].[Id], [t].[CreatedAt], [t].[Email], [t].[FullName], [t].[PhoneNumber], [t].[UpdatedAt], [p].[Id], [p].[Amount], [p].[CourseId], [p].[CreatedAt], [p].[PaymentStatusForCourse], [p].[RemainingAmount], [p].[TrainerId], [p].[UpdatedAt]
FROM [CourseTrainers] AS [c]
INNER JOIN [Trainers] AS [t] ON [c].[TrainerId] = [t].[Id]
INNER JOIN [Courses] AS [c0] ON [c].[CourseId] = [c0].[Id]
LEFT JOIN [Payments] AS [p] ON [c].[CourseId] = [p].[CourseId] AND [c].[TrainerId] = [p].[TrainerId]
ORDER BY [t].[FullName], [c].[CourseId], [c].[TrainerId], [t].[Id], [c0].[Id]
2025-03-21 00:52:38.123 +02:00 [INF] Executing FileContentResult, sending file with download name 'CourseTrainersWithPaymentsReport.pdf' ...
2025-03-21 00:52:38.125 +02:00 [INF] Executed action CourseManagementAPI.Controllers.TrainerCourseController.GetCourseTrainersWithPaymentsReport1 (CourseManagementAPI) in 107.3381ms
2025-03-21 00:52:38.127 +02:00 [INF] Executed endpoint 'CourseManagementAPI.Controllers.TrainerCourseController.GetCourseTrainersWithPaymentsReport1 (CourseManagementAPI)'
2025-03-21 00:52:38.131 +02:00 [INF] Request finished HTTP/2 GET https://localhost:7245/api/TrainerCourse/export-pdf - 200 1458 application/pdf 137.1077ms
2025-03-21 00:52:38.352 +02:00 [INF] Request starting HTTP/1.1 GET https://localhost:7245/api/TrainerCourse/export-pdf - null null
2025-03-21 00:52:38.355 +02:00 [INF] Executing endpoint 'CourseManagementAPI.Controllers.TrainerCourseController.GetCourseTrainersWithPaymentsReport1 (CourseManagementAPI)'
2025-03-21 00:52:38.356 +02:00 [INF] Route matched with {action = "GetCourseTrainersWithPaymentsReport1", controller = "TrainerCourse"}. Executing controller action with signature System.Threading.Tasks.Task`1[Microsoft.AspNetCore.Mvc.IActionResult] GetCourseTrainersWithPaymentsReport1() on controller CourseManagementAPI.Controllers.TrainerCourseController (CourseManagementAPI).
2025-03-21 00:52:38.361 +02:00 [INF] Executed DbCommand (1ms) [Parameters=[], CommandType='"Text"', CommandTimeout='30']
SELECT [c].[CourseId], [c].[TrainerId], [c0].[Id], [c0].[CreatedAt], [c0].[Description], [c0].[Price], [c0].[Title], [c0].[UpdatedAt], [t].[Id], [t].[CreatedAt], [t].[Email], [t].[FullName], [t].[PhoneNumber], [t].[UpdatedAt], [p].[Id], [p].[Amount], [p].[CourseId], [p].[CreatedAt], [p].[PaymentStatusForCourse], [p].[RemainingAmount], [p].[TrainerId], [p].[UpdatedAt]
FROM [CourseTrainers] AS [c]
INNER JOIN [Trainers] AS [t] ON [c].[TrainerId] = [t].[Id]
INNER JOIN [Courses] AS [c0] ON [c].[CourseId] = [c0].[Id]
LEFT JOIN [Payments] AS [p] ON [c].[CourseId] = [p].[CourseId] AND [c].[TrainerId] = [p].[TrainerId]
ORDER BY [t].[FullName], [c].[CourseId], [c].[TrainerId], [t].[Id], [c0].[Id]
2025-03-21 00:52:38.367 +02:00 [INF] Executing FileContentResult, sending file with download name 'CourseTrainersWithPaymentsReport.pdf' ...
2025-03-21 00:52:38.377 +02:00 [INF] Executed action CourseManagementAPI.Controllers.TrainerCourseController.GetCourseTrainersWithPaymentsReport1 (CourseManagementAPI) in 18.5787ms
2025-03-21 00:52:38.379 +02:00 [INF] Executed endpoint 'CourseManagementAPI.Controllers.TrainerCourseController.GetCourseTrainersWithPaymentsReport1 (CourseManagementAPI)'
2025-03-21 00:52:38.381 +02:00 [INF] Request finished HTTP/1.1 GET https://localhost:7245/api/TrainerCourse/export-pdf - 200 1458 application/pdf 29.8707ms
2025-03-21 00:53:46.833 +02:00 [INF] Request starting HTTP/2 GET https://localhost:7245/api/TrainerCourse - null null
2025-03-21 00:53:46.842 +02:00 [INF] Executing endpoint 'CourseManagementAPI.Controllers.TrainerCourseController.GetCourseToTrainer (CourseManagementAPI)'
2025-03-21 00:53:46.851 +02:00 [INF] Route matched with {action = "GetCourseToTrainer", controller = "TrainerCourse"}. Executing controller action with signature System.Threading.Tasks.Task`1[Microsoft.AspNetCore.Mvc.IActionResult] GetCourseToTrainer() on controller CourseManagementAPI.Controllers.TrainerCourseController (CourseManagementAPI).
2025-03-21 00:53:46.866 +02:00 [INF] Executed DbCommand (9ms) [Parameters=[], CommandType='"Text"', CommandTimeout='30']
SELECT [c].[CourseId], [c].[TrainerId], [c0].[Id], [c0].[CreatedAt], [c0].[Description], [c0].[Price], [c0].[Title], [c0].[UpdatedAt], [t].[Id], [t].[CreatedAt], [t].[Email], [t].[FullName], [t].[PhoneNumber], [t].[UpdatedAt], [p].[Id], [p].[Amount], [p].[CourseId], [p].[CreatedAt], [p].[PaymentStatusForCourse], [p].[RemainingAmount], [p].[TrainerId], [p].[UpdatedAt]
FROM [CourseTrainers] AS [c]
INNER JOIN [Trainers] AS [t] ON [c].[TrainerId] = [t].[Id]
INNER JOIN [Courses] AS [c0] ON [c].[CourseId] = [c0].[Id]
LEFT JOIN [Payments] AS [p] ON [c].[CourseId] = [p].[CourseId] AND [c].[TrainerId] = [p].[TrainerId]
ORDER BY [t].[FullName], [c].[CourseId], [c].[TrainerId], [t].[Id], [c0].[Id]
2025-03-21 00:53:46.877 +02:00 [INF] Executing OkObjectResult, writing value of type 'BusinessAccessLayer.DTOS.Response`1[[System.Collections.Generic.IEnumerable`1[[BusinessAccessLayer.DTOS.TrainerCourseDtos.CourseTrainersWithPaymentsView, BusinessAccessLayer, Version=1.0.0.0, Culture=neutral, PublicKeyToken=null]], System.Private.CoreLib, Version=8.0.0.0, Culture=neutral, PublicKeyToken=7cec85d7bea7798e]]'.
2025-03-21 00:53:46.912 +02:00 [INF] Executed action CourseManagementAPI.Controllers.TrainerCourseController.GetCourseToTrainer (CourseManagementAPI) in 57.3552ms
2025-03-21 00:53:46.915 +02:00 [INF] Executed endpoint 'CourseManagementAPI.Controllers.TrainerCourseController.GetCourseToTrainer (CourseManagementAPI)'
2025-03-21 00:53:46.917 +02:00 [INF] Request finished HTTP/2 GET https://localhost:7245/api/TrainerCourse - 200 null application/json; charset=utf-8 84.8198ms
2025-03-21 01:07:35.462 +02:00 [INF] User profile is available. Using 'C:\Users\AL-FAJR\AppData\Local\ASP.NET\DataProtection-Keys' as key repository and Windows DPAPI to encrypt keys at rest.
2025-03-21 01:07:35.871 +02:00 [INF] Now listening on: https://localhost:7245
2025-03-21 01:07:35.872 +02:00 [INF] Now listening on: http://localhost:5236
2025-03-21 01:07:35.875 +02:00 [INF] Application started. Press Ctrl+C to shut down.
2025-03-21 01:07:35.876 +02:00 [INF] Hosting environment: Development
2025-03-21 01:07:35.877 +02:00 [INF] Content root path: C:\Users\AL-FAJR\Desktop\Course Management API\CourseManagementAPI\CourseManagementAPI
2025-03-21 01:07:37.283 +02:00 [INF] Request starting HTTP/2 GET https://localhost:7245/swagger/index.html - null null
2025-03-21 01:07:37.555 +02:00 [INF] Request finished HTTP/2 GET https://localhost:7245/swagger/index.html - 200 null text/html;charset=utf-8 278.2141ms
2025-03-21 01:07:37.605 +02:00 [INF] Request starting HTTP/2 GET https://localhost:7245/_framework/aspnetcore-browser-refresh.js - null null
2025-03-21 01:07:37.605 +02:00 [INF] Request starting HTTP/2 GET https://localhost:7245/_vs/browserLink - null null
2025-03-21 01:07:37.626 +02:00 [INF] Request finished HTTP/2 GET https://localhost:7245/_framework/aspnetcore-browser-refresh.js - 200 13774 application/javascript; charset=utf-8 19.6103ms
2025-03-21 01:07:37.702 +02:00 [INF] Request finished HTTP/2 GET https://localhost:7245/_vs/browserLink - 200 null text/javascript; charset=UTF-8 96.4189ms
2025-03-21 01:07:38.202 +02:00 [INF] Request starting HTTP/2 GET https://localhost:7245/swagger/v1/swagger.json - null null
2025-03-21 01:07:38.378 +02:00 [INF] Request finished HTTP/2 GET https://localhost:7245/swagger/v1/swagger.json - 200 null application/json;charset=utf-8 176.0815ms
2025-03-21 01:08:00.865 +02:00 [INF] Request starting HTTP/2 GET https://localhost:7245/api/TrainerCourse/export-pdf - null null
2025-03-21 01:08:00.957 +02:00 [INF] Executing endpoint 'CourseManagementAPI.Controllers.TrainerCourseController.GetCourseTrainersWithPaymentsReport1 (CourseManagementAPI)'
2025-03-21 01:08:00.979 +02:00 [INF] Route matched with {action = "GetCourseTrainersWithPaymentsReport1", controller = "TrainerCourse"}. Executing controller action with signature System.Threading.Tasks.Task`1[Microsoft.AspNetCore.Mvc.IActionResult] GetCourseTrainersWithPaymentsReport1() on controller CourseManagementAPI.Controllers.TrainerCourseController (CourseManagementAPI).
2025-03-21 01:08:02.074 +02:00 [WRN] No store type was specified for the decimal property 'Price' on entity type 'Course'. This will cause values to be silently truncated if they do not fit in the default precision and scale. Explicitly specify the SQL server column type that can accommodate all the values in 'OnModelCreating' using 'HasColumnType', specify precision and scale using 'HasPrecision', or configure a value converter using 'HasConversion'.
2025-03-21 01:08:02.076 +02:00 [WRN] No store type was specified for the decimal property 'Amount' on entity type 'Payment'. This will cause values to be silently truncated if they do not fit in the default precision and scale. Explicitly specify the SQL server column type that can accommodate all the values in 'OnModelCreating' using 'HasColumnType', specify precision and scale using 'HasPrecision', or configure a value converter using 'HasConversion'.
2025-03-21 01:08:02.079 +02:00 [WRN] No store type was specified for the decimal property 'RemainingAmount' on entity type 'Payment'. This will cause values to be silently truncated if they do not fit in the default precision and scale. Explicitly specify the SQL server column type that can accommodate all the values in 'OnModelCreating' using 'HasColumnType', specify precision and scale using 'HasPrecision', or configure a value converter using 'HasConversion'.
2025-03-21 01:08:03.026 +02:00 [INF] Executed DbCommand (73ms) [Parameters=[], CommandType='"Text"', CommandTimeout='30']
SELECT [c].[CourseId], [c].[TrainerId], [c0].[Id], [c0].[CreatedAt], [c0].[Description], [c0].[Price], [c0].[Title], [c0].[UpdatedAt], [t].[Id], [t].[CreatedAt], [t].[Email], [t].[FullName], [t].[PhoneNumber], [t].[UpdatedAt], [p].[Id], [p].[Amount], [p].[CourseId], [p].[CreatedAt], [p].[PaymentStatusForCourse], [p].[RemainingAmount], [p].[TrainerId], [p].[UpdatedAt]
FROM [CourseTrainers] AS [c]
INNER JOIN [Trainers] AS [t] ON [c].[TrainerId] = [t].[Id]
INNER JOIN [Courses] AS [c0] ON [c].[CourseId] = [c0].[Id]
LEFT JOIN [Payments] AS [p] ON [c].[CourseId] = [p].[CourseId] AND [c].[TrainerId] = [p].[TrainerId]
ORDER BY [t].[FullName], [c].[CourseId], [c].[TrainerId], [t].[Id], [c0].[Id]
2025-03-21 01:08:03.260 +02:00 [INF] Executing FileContentResult, sending file with download name 'CourseTrainersWithPaymentsReport.pdf' ...
2025-03-21 01:08:03.270 +02:00 [INF] Executed action CourseManagementAPI.Controllers.TrainerCourseController.GetCourseTrainersWithPaymentsReport1 (CourseManagementAPI) in 2284.228ms
2025-03-21 01:08:03.272 +02:00 [INF] Executed endpoint 'CourseManagementAPI.Controllers.TrainerCourseController.GetCourseTrainersWithPaymentsReport1 (CourseManagementAPI)'
2025-03-21 01:08:03.284 +02:00 [INF] Request finished HTTP/2 GET https://localhost:7245/api/TrainerCourse/export-pdf - 200 1448 application/pdf 2420.1518ms
2025-03-21 01:08:13.497 +02:00 [INF] Request starting HTTP/1.1 GET https://localhost:7245/api/TrainerCourse/export-pdf - null null
2025-03-21 01:08:13.502 +02:00 [INF] Executing endpoint 'CourseManagementAPI.Controllers.TrainerCourseController.GetCourseTrainersWithPaymentsReport1 (CourseManagementAPI)'
2025-03-21 01:08:13.505 +02:00 [INF] Route matched with {action = "GetCourseTrainersWithPaymentsReport1", controller = "TrainerCourse"}. Executing controller action with signature System.Threading.Tasks.Task`1[Microsoft.AspNetCore.Mvc.IActionResult] GetCourseTrainersWithPaymentsReport1() on controller CourseManagementAPI.Controllers.TrainerCourseController (CourseManagementAPI).
2025-03-21 01:08:13.542 +02:00 [INF] Executed DbCommand (5ms) [Parameters=[], CommandType='"Text"', CommandTimeout='30']
SELECT [c].[CourseId], [c].[TrainerId], [c0].[Id], [c0].[CreatedAt], [c0].[Description], [c0].[Price], [c0].[Title], [c0].[UpdatedAt], [t].[Id], [t].[CreatedAt], [t].[Email], [t].[FullName], [t].[PhoneNumber], [t].[UpdatedAt], [p].[Id], [p].[Amount], [p].[CourseId], [p].[CreatedAt], [p].[PaymentStatusForCourse], [p].[RemainingAmount], [p].[TrainerId], [p].[UpdatedAt]
FROM [CourseTrainers] AS [c]
INNER JOIN [Trainers] AS [t] ON [c].[TrainerId] = [t].[Id]
INNER JOIN [Courses] AS [c0] ON [c].[CourseId] = [c0].[Id]
LEFT JOIN [Payments] AS [p] ON [c].[CourseId] = [p].[CourseId] AND [c].[TrainerId] = [p].[TrainerId]
ORDER BY [t].[FullName], [c].[CourseId], [c].[TrainerId], [t].[Id], [c0].[Id]
2025-03-21 01:08:13.549 +02:00 [INF] Executing FileContentResult, sending file with download name 'CourseTrainersWithPaymentsReport.pdf' ...
2025-03-21 01:08:13.562 +02:00 [INF] Executed action CourseManagementAPI.Controllers.TrainerCourseController.GetCourseTrainersWithPaymentsReport1 (CourseManagementAPI) in 53.6658ms
2025-03-21 01:08:13.565 +02:00 [INF] Executed endpoint 'CourseManagementAPI.Controllers.TrainerCourseController.GetCourseTrainersWithPaymentsReport1 (CourseManagementAPI)'
2025-03-21 01:08:13.569 +02:00 [INF] Request finished HTTP/1.1 GET https://localhost:7245/api/TrainerCourse/export-pdf - 200 1448 application/pdf 72.1896ms
2025-03-21 01:09:43.918 +02:00 [INF] User profile is available. Using 'C:\Users\AL-FAJR\AppData\Local\ASP.NET\DataProtection-Keys' as key repository and Windows DPAPI to encrypt keys at rest.
2025-03-21 01:09:44.317 +02:00 [INF] Now listening on: https://localhost:7245
2025-03-21 01:09:44.319 +02:00 [INF] Now listening on: http://localhost:5236
2025-03-21 01:09:44.323 +02:00 [INF] Application started. Press Ctrl+C to shut down.
2025-03-21 01:09:44.325 +02:00 [INF] Hosting environment: Development
2025-03-21 01:09:44.326 +02:00 [INF] Content root path: C:\Users\AL-FAJR\Desktop\Course Management API\CourseManagementAPI\CourseManagementAPI
2025-03-21 01:09:44.728 +02:00 [INF] Request starting HTTP/2 GET https://localhost:7245/swagger/index.html - null null
2025-03-21 01:09:45.001 +02:00 [INF] Request finished HTTP/2 GET https://localhost:7245/swagger/index.html - 200 null text/html;charset=utf-8 283.37ms
2025-03-21 01:09:45.064 +02:00 [INF] Request starting HTTP/2 GET https://localhost:7245/_framework/aspnetcore-browser-refresh.js - null null
2025-03-21 01:09:45.064 +02:00 [INF] Request starting HTTP/2 GET https://localhost:7245/_vs/browserLink - null null
2025-03-21 01:09:45.090 +02:00 [INF] Request finished HTTP/2 GET https://localhost:7245/_framework/aspnetcore-browser-refresh.js - 200 13774 application/javascript; charset=utf-8 22.4555ms
2025-03-21 01:09:45.166 +02:00 [INF] Request finished HTTP/2 GET https://localhost:7245/_vs/browserLink - 200 null text/javascript; charset=UTF-8 101.8815ms
2025-03-21 01:09:45.639 +02:00 [INF] Request starting HTTP/2 GET https://localhost:7245/swagger/v1/swagger.json - null null
2025-03-21 01:09:45.857 +02:00 [INF] Request finished HTTP/2 GET https://localhost:7245/swagger/v1/swagger.json - 200 null application/json;charset=utf-8 221.2657ms
2025-03-21 01:09:49.422 +02:00 [INF] Request starting HTTP/2 GET https://localhost:7245/api/TrainerCourse/export-pdf - null null
2025-03-21 01:09:49.524 +02:00 [INF] Executing endpoint 'CourseManagementAPI.Controllers.TrainerCourseController.GetCourseTrainersWithPaymentsReport1 (CourseManagementAPI)'
2025-03-21 01:09:49.550 +02:00 [INF] Route matched with {action = "GetCourseTrainersWithPaymentsReport1", controller = "TrainerCourse"}. Executing controller action with signature System.Threading.Tasks.Task`1[Microsoft.AspNetCore.Mvc.IActionResult] GetCourseTrainersWithPaymentsReport1() on controller CourseManagementAPI.Controllers.TrainerCourseController (CourseManagementAPI).
2025-03-21 01:09:50.398 +02:00 [WRN] No store type was specified for the decimal property 'Price' on entity type 'Course'. This will cause values to be silently truncated if they do not fit in the default precision and scale. Explicitly specify the SQL server column type that can accommodate all the values in 'OnModelCreating' using 'HasColumnType', specify precision and scale using 'HasPrecision', or configure a value converter using 'HasConversion'.
2025-03-21 01:09:50.401 +02:00 [WRN] No store type was specified for the decimal property 'Amount' on entity type 'Payment'. This will cause values to be silently truncated if they do not fit in the default precision and scale. Explicitly specify the SQL server column type that can accommodate all the values in 'OnModelCreating' using 'HasColumnType', specify precision and scale using 'HasPrecision', or configure a value converter using 'HasConversion'.
2025-03-21 01:09:50.403 +02:00 [WRN] No store type was specified for the decimal property 'RemainingAmount' on entity type 'Payment'. This will cause values to be silently truncated if they do not fit in the default precision and scale. Explicitly specify the SQL server column type that can accommodate all the values in 'OnModelCreating' using 'HasColumnType', specify precision and scale using 'HasPrecision', or configure a value converter using 'HasConversion'.
2025-03-21 01:09:51.329 +02:00 [INF] Executed DbCommand (41ms) [Parameters=[], CommandType='"Text"', CommandTimeout='30']
SELECT [c].[CourseId], [c].[TrainerId], [c0].[Id], [c0].[CreatedAt], [c0].[Description], [c0].[Price], [c0].[Title], [c0].[UpdatedAt], [t].[Id], [t].[CreatedAt], [t].[Email], [t].[FullName], [t].[PhoneNumber], [t].[UpdatedAt], [p].[Id], [p].[Amount], [p].[CourseId], [p].[CreatedAt], [p].[PaymentStatusForCourse], [p].[RemainingAmount], [p].[TrainerId], [p].[UpdatedAt]
FROM [CourseTrainers] AS [c]
INNER JOIN [Trainers] AS [t] ON [c].[TrainerId] = [t].[Id]
INNER JOIN [Courses] AS [c0] ON [c].[CourseId] = [c0].[Id]
LEFT JOIN [Payments] AS [p] ON [c].[CourseId] = [p].[CourseId] AND [c].[TrainerId] = [p].[TrainerId]
ORDER BY [t].[FullName], [c].[CourseId], [c].[TrainerId], [t].[Id], [c0].[Id]
2025-03-21 01:09:51.566 +02:00 [INF] Executing FileContentResult, sending file with download name 'CourseTrainersWithPaymentsReport.pdf' ...
2025-03-21 01:09:51.578 +02:00 [INF] Executed action CourseManagementAPI.Controllers.TrainerCourseController.GetCourseTrainersWithPaymentsReport1 (CourseManagementAPI) in 2021.9976ms
2025-03-21 01:09:51.582 +02:00 [INF] Executed endpoint 'CourseManagementAPI.Controllers.TrainerCourseController.GetCourseTrainersWithPaymentsReport1 (CourseManagementAPI)'
2025-03-21 01:09:51.597 +02:00 [INF] Request finished HTTP/2 GET https://localhost:7245/api/TrainerCourse/export-pdf - 200 1453 application/pdf 2175.7441ms
2025-03-21 01:09:53.139 +02:00 [INF] Request starting HTTP/1.1 GET https://localhost:7245/api/TrainerCourse/export-pdf - null null
2025-03-21 01:09:53.146 +02:00 [INF] Executing endpoint 'CourseManagementAPI.Controllers.TrainerCourseController.GetCourseTrainersWithPaymentsReport1 (CourseManagementAPI)'
2025-03-21 01:09:53.148 +02:00 [INF] Route matched with {action = "GetCourseTrainersWithPaymentsReport1", controller = "TrainerCourse"}. Executing controller action with signature System.Threading.Tasks.Task`1[Microsoft.AspNetCore.Mvc.IActionResult] GetCourseTrainersWithPaymentsReport1() on controller CourseManagementAPI.Controllers.TrainerCourseController (CourseManagementAPI).
2025-03-21 01:09:53.180 +02:00 [INF] Executed DbCommand (4ms) [Parameters=[], CommandType='"Text"', CommandTimeout='30']
SELECT [c].[CourseId], [c].[TrainerId], [c0].[Id], [c0].[CreatedAt], [c0].[Description], [c0].[Price], [c0].[Title], [c0].[UpdatedAt], [t].[Id], [t].[CreatedAt], [t].[Email], [t].[FullName], [t].[PhoneNumber], [t].[UpdatedAt], [p].[Id], [p].[Amount], [p].[CourseId], [p].[CreatedAt], [p].[PaymentStatusForCourse], [p].[RemainingAmount], [p].[TrainerId], [p].[UpdatedAt]
FROM [CourseTrainers] AS [c]
INNER JOIN [Trainers] AS [t] ON [c].[TrainerId] = [t].[Id]
INNER JOIN [Courses] AS [c0] ON [c].[CourseId] = [c0].[Id]
LEFT JOIN [Payments] AS [p] ON [c].[CourseId] = [p].[CourseId] AND [c].[TrainerId] = [p].[TrainerId]
ORDER BY [t].[FullName], [c].[CourseId], [c].[TrainerId], [t].[Id], [c0].[Id]
2025-03-21 01:09:53.187 +02:00 [INF] Executing FileContentResult, sending file with download name 'CourseTrainersWithPaymentsReport.pdf' ...
2025-03-21 01:09:53.198 +02:00 [INF] Executed action CourseManagementAPI.Controllers.TrainerCourseController.GetCourseTrainersWithPaymentsReport1 (CourseManagementAPI) in 47.5217ms
2025-03-21 01:09:53.201 +02:00 [INF] Executed endpoint 'CourseManagementAPI.Controllers.TrainerCourseController.GetCourseTrainersWithPaymentsReport1 (CourseManagementAPI)'
2025-03-21 01:09:53.204 +02:00 [INF] Request finished HTTP/1.1 GET https://localhost:7245/api/TrainerCourse/export-pdf - 200 1453 application/pdf 64.6125ms
2025-03-21 01:11:11.861 +02:00 [INF] Request starting HTTP/2 POST https://localhost:7245/api/TrainerCourse - application/json 53
2025-03-21 01:11:11.898 +02:00 [INF] Executing endpoint 'CourseManagementAPI.Controllers.TrainerCourseController.AddCourseToTrainer (CourseManagementAPI)'
2025-03-21 01:11:11.910 +02:00 [INF] Route matched with {action = "AddCourseToTrainer", controller = "TrainerCourse"}. Executing controller action with signature System.Threading.Tasks.Task`1[Microsoft.AspNetCore.Mvc.IActionResult] AddCourseToTrainer(BusinessAccessLayer.DTOS.TrainerCourseDtos.AddCourseToTrainerDto) on controller CourseManagementAPI.Controllers.TrainerCourseController (CourseManagementAPI).
2025-03-21 01:11:12.075 +02:00 [INF] Executed DbCommand (33ms) [Parameters=[@__id_0='?' (DbType = Int32)], CommandType='"Text"', CommandTimeout='30']
SELECT TOP(1) [c].[Id], [c].[CreatedAt], [c].[Description], [c].[Price], [c].[Title], [c].[UpdatedAt]
FROM [Courses] AS [c]
WHERE [c].[Id] = @__id_0
2025-03-21 01:11:12.142 +02:00 [INF] Executed DbCommand (2ms) [Parameters=[@__id_0='?' (DbType = Int32)], CommandType='"Text"', CommandTimeout='30']
SELECT TOP(1) [t].[Id], [t].[CreatedAt], [t].[Email], [t].[FullName], [t].[PhoneNumber], [t].[UpdatedAt]
FROM [Trainers] AS [t]
WHERE [t].[Id] = @__id_0
2025-03-21 01:11:12.171 +02:00 [INF] Executed DbCommand (3ms) [Parameters=[@__TrainerId_0='?' (DbType = Int32), @__CourseId_1='?' (DbType = Int32)], CommandType='"Text"', CommandTimeout='30']
SELECT TOP(1) [c].[CourseId], [c].[TrainerId]
FROM [CourseTrainers] AS [c]
WHERE [c].[TrainerId] = @__TrainerId_0 AND [c].[CourseId] = @__CourseId_1
2025-03-21 01:11:12.417 +02:00 [INF] Executed DbCommand (7ms) [Parameters=[@p0='?' (DbType = Int32), @p1='?' (DbType = Int32), @p2='?' (Precision = 18) (Scale = 2) (DbType = Decimal), @p3='?' (DbType = Int32), @p4='?' (DbType = DateTime2), @p5='?' (DbType = Int32), @p6='?' (Precision = 18) (Scale = 2) (DbType = Decimal), @p7='?' (DbType = Int32), @p8='?' (DbType = DateTime2)], CommandType='"Text"', CommandTimeout='30']
SET NOCOUNT ON;
INSERT INTO [CourseTrainers] ([CourseId], [TrainerId])
VALUES (@p0, @p1);
INSERT INTO [Payments] ([Amount], [CourseId], [CreatedAt], [PaymentStatusForCourse], [RemainingAmount], [TrainerId], [UpdatedAt])
OUTPUT INSERTED.[Id]
VALUES (@p2, @p3, @p4, @p5, @p6, @p7, @p8);
2025-03-21 01:11:12.458 +02:00 [INF] Executing OkObjectResult, writing value of type 'BusinessAccessLayer.DTOS.Response`1[[System.String, System.Private.CoreLib, Version=8.0.0.0, Culture=neutral, PublicKeyToken=7cec85d7bea7798e]]'.
2025-03-21 01:11:12.466 +02:00 [INF] Executed action CourseManagementAPI.Controllers.TrainerCourseController.AddCourseToTrainer (CourseManagementAPI) in 553.031ms
2025-03-21 01:11:12.469 +02:00 [INF] Executed endpoint 'CourseManagementAPI.Controllers.TrainerCourseController.AddCourseToTrainer (CourseManagementAPI)'
2025-03-21 01:11:12.472 +02:00 [INF] Request finished HTTP/2 POST https://localhost:7245/api/TrainerCourse - 200 null application/json; charset=utf-8 610.8542ms
2025-03-21 01:11:31.171 +02:00 [INF] Request starting HTTP/2 POST https://localhost:7245/api/Payment - application/json 53
2025-03-21 01:11:31.178 +02:00 [INF] Executing endpoint 'CourseManagementAPI.Controllers.PaymentController.AddPayment (CourseManagementAPI)'
2025-03-21 01:11:31.186 +02:00 [INF] Route matched with {action = "AddPayment", controller = "Payment"}. Executing controller action with signature System.Threading.Tasks.Task`1[Microsoft.AspNetCore.Mvc.IActionResult] AddPayment(BusinessAccessLayer.DTOS.TrainerCourseDtos.AddCourseToTrainerDto) on controller CourseManagementAPI.Controllers.PaymentController (CourseManagementAPI).
2025-03-21 01:11:31.200 +02:00 [INF] Executed DbCommand (1ms) [Parameters=[@__id_0='?' (DbType = Int32)], CommandType='"Text"', CommandTimeout='30']
SELECT TOP(1) [c].[Id], [c].[CreatedAt], [c].[Description], [c].[Price], [c].[Title], [c].[UpdatedAt]
FROM [Courses] AS [c]
WHERE [c].[Id] = @__id_0
2025-03-21 01:11:31.206 +02:00 [INF] Executed DbCommand (1ms) [Parameters=[@__id_0='?' (DbType = Int32)], CommandType='"Text"', CommandTimeout='30']
SELECT TOP(1) [t].[Id], [t].[CreatedAt], [t].[Email], [t].[FullName], [t].[PhoneNumber], [t].[UpdatedAt]
FROM [Trainers] AS [t]
WHERE [t].[Id] = @__id_0
2025-03-21 01:11:31.211 +02:00 [INF] Executed DbCommand (1ms) [Parameters=[@__TrainerId_0='?' (DbType = Int32), @__CourseId_1='?' (DbType = Int32)], CommandType='"Text"', CommandTimeout='30']
SELECT TOP(1) [c].[CourseId], [c].[TrainerId]
FROM [CourseTrainers] AS [c]
WHERE [c].[TrainerId] = @__TrainerId_0 AND [c].[CourseId] = @__CourseId_1
2025-03-21 01:11:31.228 +02:00 [INF] Executed DbCommand (3ms) [Parameters=[@__TrainerId_0='?' (DbType = Int32), @__CourseId_1='?' (DbType = Int32)], CommandType='"Text"', CommandTimeout='30']
SELECT TOP(1) [p].[Id], [p].[Amount], [p].[CourseId], [p].[CreatedAt], [p].[PaymentStatusForCourse], [p].[RemainingAmount], [p].[TrainerId], [p].[UpdatedAt]
FROM [Payments] AS [p]
WHERE [p].[TrainerId] = @__TrainerId_0 AND [p].[CourseId] = @__CourseId_1
ORDER BY [p].[CreatedAt] DESC
2025-03-21 01:11:31.240 +02:00 [INF] Executed DbCommand (3ms) [Parameters=[@p0='?' (Precision = 18) (Scale = 2) (DbType = Decimal), @p1='?' (DbType = Int32), @p2='?' (DbType = DateTime2), @p3='?' (DbType = Int32), @p4='?' (Precision = 18) (Scale = 2) (DbType = Decimal), @p5='?' (DbType = Int32), @p6='?' (DbType = DateTime2)], CommandType='"Text"', CommandTimeout='30']
SET IMPLICIT_TRANSACTIONS OFF;
SET NOCOUNT ON;
INSERT INTO [Payments] ([Amount], [CourseId], [CreatedAt], [PaymentStatusForCourse], [RemainingAmount], [TrainerId], [UpdatedAt])
OUTPUT INSERTED.[Id]
VALUES (@p0, @p1, @p2, @p3, @p4, @p5, @p6);
2025-03-21 01:11:31.245 +02:00 [INF] Executing OkObjectResult, writing value of type '<>f__AnonymousType0`1[[System.String, System.Private.CoreLib, Version=8.0.0.0, Culture=neutral, PublicKeyToken=7cec85d7bea7798e]]'.
2025-03-21 01:11:31.250 +02:00 [INF] Executed action CourseManagementAPI.Controllers.PaymentController.AddPayment (CourseManagementAPI) in 61.2872ms
2025-03-21 01:11:31.253 +02:00 [INF] Executed endpoint 'CourseManagementAPI.Controllers.PaymentController.AddPayment (CourseManagementAPI)'
2025-03-21 01:11:31.255 +02:00 [INF] Request finished HTTP/2 POST https://localhost:7245/api/Payment - 200 null application/json; charset=utf-8 83.6487ms
2025-03-21 01:11:43.087 +02:00 [INF] Request starting HTTP/2 GET https://localhost:7245/api/TrainerCourse/export-pdf - null null
2025-03-21 01:11:43.091 +02:00 [INF] Executing endpoint 'CourseManagementAPI.Controllers.TrainerCourseController.GetCourseTrainersWithPaymentsReport1 (CourseManagementAPI)'
2025-03-21 01:11:43.092 +02:00 [INF] Route matched with {action = "GetCourseTrainersWithPaymentsReport1", controller = "TrainerCourse"}. Executing controller action with signature System.Threading.Tasks.Task`1[Microsoft.AspNetCore.Mvc.IActionResult] GetCourseTrainersWithPaymentsReport1() on controller CourseManagementAPI.Controllers.TrainerCourseController (CourseManagementAPI).
2025-03-21 01:11:43.102 +02:00 [INF] Executed DbCommand (6ms) [Parameters=[], CommandType='"Text"', CommandTimeout='30']
SELECT [c].[CourseId], [c].[TrainerId], [c0].[Id], [c0].[CreatedAt], [c0].[Description], [c0].[Price], [c0].[Title], [c0].[UpdatedAt], [t].[Id], [t].[CreatedAt], [t].[Email], [t].[FullName], [t].[PhoneNumber], [t].[UpdatedAt], [p].[Id], [p].[Amount], [p].[CourseId], [p].[CreatedAt], [p].[PaymentStatusForCourse], [p].[RemainingAmount], [p].[TrainerId], [p].[UpdatedAt]
FROM [CourseTrainers] AS [c]
INNER JOIN [Trainers] AS [t] ON [c].[TrainerId] = [t].[Id]
INNER JOIN [Courses] AS [c0] ON [c].[CourseId] = [c0].[Id]
LEFT JOIN [Payments] AS [p] ON [c].[CourseId] = [p].[CourseId] AND [c].[TrainerId] = [p].[TrainerId]
ORDER BY [t].[FullName], [c].[CourseId], [c].[TrainerId], [t].[Id], [c0].[Id]
2025-03-21 01:11:43.108 +02:00 [INF] Executing FileContentResult, sending file with download name 'CourseTrainersWithPaymentsReport.pdf' ...
2025-03-21 01:11:43.110 +02:00 [INF] Executed action CourseManagementAPI.Controllers.TrainerCourseController.GetCourseTrainersWithPaymentsReport1 (CourseManagementAPI) in 15.7273ms
2025-03-21 01:11:43.113 +02:00 [INF] Executed endpoint 'CourseManagementAPI.Controllers.TrainerCourseController.GetCourseTrainersWithPaymentsReport1 (CourseManagementAPI)'
2025-03-21 01:11:43.116 +02:00 [INF] Request finished HTTP/2 GET https://localhost:7245/api/TrainerCourse/export-pdf - 200 1560 application/pdf 29.4969ms
2025-03-21 01:11:44.161 +02:00 [INF] Request starting HTTP/1.1 GET https://localhost:7245/api/TrainerCourse/export-pdf - null null
2025-03-21 01:11:44.164 +02:00 [INF] Executing endpoint 'CourseManagementAPI.Controllers.TrainerCourseController.GetCourseTrainersWithPaymentsReport1 (CourseManagementAPI)'
2025-03-21 01:11:44.165 +02:00 [INF] Route matched with {action = "GetCourseTrainersWithPaymentsReport1", controller = "TrainerCourse"}. Executing controller action with signature System.Threading.Tasks.Task`1[Microsoft.AspNetCore.Mvc.IActionResult] GetCourseTrainersWithPaymentsReport1() on controller CourseManagementAPI.Controllers.TrainerCourseController (CourseManagementAPI).
2025-03-21 01:11:44.171 +02:00 [INF] Executed DbCommand (2ms) [Parameters=[], CommandType='"Text"', CommandTimeout='30']
SELECT [c].[CourseId], [c].[TrainerId], [c0].[Id], [c0].[CreatedAt], [c0].[Description], [c0].[Price], [c0].[Title], [c0].[UpdatedAt], [t].[Id], [t].[CreatedAt], [t].[Email], [t].[FullName], [t].[PhoneNumber], [t].[UpdatedAt], [p].[Id], [p].[Amount], [p].[CourseId], [p].[CreatedAt], [p].[PaymentStatusForCourse], [p].[RemainingAmount], [p].[TrainerId], [p].[UpdatedAt]
FROM [CourseTrainers] AS [c]
INNER JOIN [Trainers] AS [t] ON [c].[TrainerId] = [t].[Id]
INNER JOIN [Courses] AS [c0] ON [c].[CourseId] = [c0].[Id]
LEFT JOIN [Payments] AS [p] ON [c].[CourseId] = [p].[CourseId] AND [c].[TrainerId] = [p].[TrainerId]
ORDER BY [t].[FullName], [c].[CourseId], [c].[TrainerId], [t].[Id], [c0].[Id]
2025-03-21 01:11:44.177 +02:00 [INF] Executing FileContentResult, sending file with download name 'CourseTrainersWithPaymentsReport.pdf' ...
2025-03-21 01:11:44.179 +02:00 [INF] Executed action CourseManagementAPI.Controllers.TrainerCourseController.GetCourseTrainersWithPaymentsReport1 (CourseManagementAPI) in 11.0076ms
2025-03-21 01:11:44.181 +02:00 [INF] Executed endpoint 'CourseManagementAPI.Controllers.TrainerCourseController.GetCourseTrainersWithPaymentsReport1 (CourseManagementAPI)'
2025-03-21 01:11:44.184 +02:00 [INF] Request finished HTTP/1.1 GET https://localhost:7245/api/TrainerCourse/export-pdf - 200 1560 application/pdf 22.4457ms
2025-03-21 01:11:52.516 +02:00 [INF] Request starting HTTP/2 GET https://localhost:7245/api/TrainerCourse/export-pdf - null null
2025-03-21 01:11:52.533 +02:00 [INF] Executing endpoint 'CourseManagementAPI.Controllers.TrainerCourseController.GetCourseTrainersWithPaymentsReport1 (CourseManagementAPI)'
2025-03-21 01:11:52.535 +02:00 [INF] Route matched with {action = "GetCourseTrainersWithPaymentsReport1", controller = "TrainerCourse"}. Executing controller action with signature System.Threading.Tasks.Task`1[Microsoft.AspNetCore.Mvc.IActionResult] GetCourseTrainersWithPaymentsReport1() on controller CourseManagementAPI.Controllers.TrainerCourseController (CourseManagementAPI).
2025-03-21 01:11:52.559 +02:00 [INF] Executed DbCommand (13ms) [Parameters=[], CommandType='"Text"', CommandTimeout='30']
SELECT [c].[CourseId], [c].[TrainerId], [c0].[Id], [c0].[CreatedAt], [c0].[Description], [c0].[Price], [c0].[Title], [c0].[UpdatedAt], [t].[Id], [t].[CreatedAt], [t].[Email], [t].[FullName], [t].[PhoneNumber], [t].[UpdatedAt], [p].[Id], [p].[Amount], [p].[CourseId], [p].[CreatedAt], [p].[PaymentStatusForCourse], [p].[RemainingAmount], [p].[TrainerId], [p].[UpdatedAt]
FROM [CourseTrainers] AS [c]
INNER JOIN [Trainers] AS [t] ON [c].[TrainerId] = [t].[Id]
INNER JOIN [Courses] AS [c0] ON [c].[CourseId] = [c0].[Id]
LEFT JOIN [Payments] AS [p] ON [c].[CourseId] = [p].[CourseId] AND [c].[TrainerId] = [p].[TrainerId]
ORDER BY [t].[FullName], [c].[CourseId], [c].[TrainerId], [t].[Id], [c0].[Id]
2025-03-21 01:11:52.564 +02:00 [INF] Executing FileContentResult, sending file with download name 'CourseTrainersWithPaymentsReport.pdf' ...
2025-03-21 01:11:52.565 +02:00 [INF] Executed action CourseManagementAPI.Controllers.TrainerCourseController.GetCourseTrainersWithPaymentsReport1 (CourseManagementAPI) in 21.0658ms
2025-03-21 01:11:52.567 +02:00 [INF] Executed endpoint 'CourseManagementAPI.Controllers.TrainerCourseController.GetCourseTrainersWithPaymentsReport1 (CourseManagementAPI)'
2025-03-21 01:11:52.570 +02:00 [INF] Request finished HTTP/2 GET https://localhost:7245/api/TrainerCourse/export-pdf - 200 1560 application/pdf 54.6152ms
2025-03-21 01:11:54.647 +02:00 [INF] Request starting HTTP/1.1 GET https://localhost:7245/api/TrainerCourse/export-pdf - null null
2025-03-21 01:11:54.650 +02:00 [INF] Executing endpoint 'CourseManagementAPI.Controllers.TrainerCourseController.GetCourseTrainersWithPaymentsReport1 (CourseManagementAPI)'
2025-03-21 01:11:54.651 +02:00 [INF] Route matched with {action = "GetCourseTrainersWithPaymentsReport1", controller = "TrainerCourse"}. Executing controller action with signature System.Threading.Tasks.Task`1[Microsoft.AspNetCore.Mvc.IActionResult] GetCourseTrainersWithPaymentsReport1() on controller CourseManagementAPI.Controllers.TrainerCourseController (CourseManagementAPI).
2025-03-21 01:11:54.656 +02:00 [INF] Executed DbCommand (1ms) [Parameters=[], CommandType='"Text"', CommandTimeout='30']
SELECT [c].[CourseId], [c].[TrainerId], [c0].[Id], [c0].[CreatedAt], [c0].[Description], [c0].[Price], [c0].[Title], [c0].[UpdatedAt], [t].[Id], [t].[CreatedAt], [t].[Email], [t].[FullName], [t].[PhoneNumber], [t].[UpdatedAt], [p].[Id], [p].[Amount], [p].[CourseId], [p].[CreatedAt], [p].[PaymentStatusForCourse], [p].[RemainingAmount], [p].[TrainerId], [p].[UpdatedAt]
FROM [CourseTrainers] AS [c]
INNER JOIN [Trainers] AS [t] ON [c].[TrainerId] = [t].[Id]
INNER JOIN [Courses] AS [c0] ON [c].[CourseId] = [c0].[Id]
LEFT JOIN [Payments] AS [p] ON [c].[CourseId] = [p].[CourseId] AND [c].[TrainerId] = [p].[TrainerId]
ORDER BY [t].[FullName], [c].[CourseId], [c].[TrainerId], [t].[Id], [c0].[Id]
2025-03-21 01:11:54.660 +02:00 [INF] Executing FileContentResult, sending file with download name 'CourseTrainersWithPaymentsReport.pdf' ...
2025-03-21 01:11:54.662 +02:00 [INF] Executed action CourseManagementAPI.Controllers.TrainerCourseController.GetCourseTrainersWithPaymentsReport1 (CourseManagementAPI) in 8.8268ms
2025-03-21 01:11:54.664 +02:00 [INF] Executed endpoint 'CourseManagementAPI.Controllers.TrainerCourseController.GetCourseTrainersWithPaymentsReport1 (CourseManagementAPI)'
2025-03-21 01:11:54.666 +02:00 [INF] Request finished HTTP/1.1 GET https://localhost:7245/api/TrainerCourse/export-pdf - 200 1560 application/pdf 18.7081ms
2025-03-21 01:30:13.438 +02:00 [INF] User profile is available. Using 'C:\Users\AL-FAJR\AppData\Local\ASP.NET\DataProtection-Keys' as key repository and Windows DPAPI to encrypt keys at rest.
2025-03-21 01:30:13.742 +02:00 [INF] Now listening on: https://localhost:7245
2025-03-21 01:30:13.743 +02:00 [INF] Now listening on: http://localhost:5236
2025-03-21 01:30:13.746 +02:00 [INF] Application started. Press Ctrl+C to shut down.
2025-03-21 01:30:13.747 +02:00 [INF] Hosting environment: Development
2025-03-21 01:30:13.748 +02:00 [INF] Content root path: C:\Users\AL-FAJR\Desktop\Course Management API\CourseManagementAPI\CourseManagementAPI
2025-03-21 01:30:14.569 +02:00 [INF] Request starting HTTP/2 GET https://localhost:7245/swagger/index.html - null null
2025-03-21 01:30:14.857 +02:00 [INF] Request finished HTTP/2 GET https://localhost:7245/swagger/index.html - 200 null text/html;charset=utf-8 292.178ms
2025-03-21 01:30:14.910 +02:00 [INF] Request starting HTTP/2 GET https://localhost:7245/_vs/browserLink - null null
2025-03-21 01:30:14.910 +02:00 [INF] Request starting HTTP/2 GET https://localhost:7245/_framework/aspnetcore-browser-refresh.js - null null
2025-03-21 01:30:14.936 +02:00 [INF] Request finished HTTP/2 GET https://localhost:7245/_framework/aspnetcore-browser-refresh.js - 200 13774 application/javascript; charset=utf-8 29.0407ms
2025-03-21 01:30:14.992 +02:00 [INF] Request finished HTTP/2 GET https://localhost:7245/_vs/browserLink - 200 null text/javascript; charset=UTF-8 82.5969ms
2025-03-21 01:30:15.512 +02:00 [INF] Request starting HTTP/2 GET https://localhost:7245/swagger/v1/swagger.json - null null
2025-03-21 01:30:15.786 +02:00 [INF] Request finished HTTP/2 GET https://localhost:7245/swagger/v1/swagger.json - 200 null application/json;charset=utf-8 274.3188ms
2025-03-21 01:30:26.962 +02:00 [INF] Request starting HTTP/2 GET https://localhost:7245/api/TrainerCourse/export-pdf - null null
2025-03-21 01:30:27.055 +02:00 [INF] Executing endpoint 'CourseManagementAPI.Controllers.TrainerCourseController.GetCourseTrainersWithPaymentsReport1 (CourseManagementAPI)'
2025-03-21 01:30:27.075 +02:00 [INF] Route matched with {action = "GetCourseTrainersWithPaymentsReport1", controller = "TrainerCourse"}. Executing controller action with signature System.Threading.Tasks.Task`1[Microsoft.AspNetCore.Mvc.IActionResult] GetCourseTrainersWithPaymentsReport1() on controller CourseManagementAPI.Controllers.TrainerCourseController (CourseManagementAPI).
2025-03-21 01:30:27.911 +02:00 [WRN] No store type was specified for the decimal property 'Price' on entity type 'Course'. This will cause values to be silently truncated if they do not fit in the default precision and scale. Explicitly specify the SQL server column type that can accommodate all the values in 'OnModelCreating' using 'HasColumnType', specify precision and scale using 'HasPrecision', or configure a value converter using 'HasConversion'.
2025-03-21 01:30:27.914 +02:00 [WRN] No store type was specified for the decimal property 'Amount' on entity type 'Payment'. This will cause values to be silently truncated if they do not fit in the default precision and scale. Explicitly specify the SQL server column type that can accommodate all the values in 'OnModelCreating' using 'HasColumnType', specify precision and scale using 'HasPrecision', or configure a value converter using 'HasConversion'.
2025-03-21 01:30:27.916 +02:00 [WRN] No store type was specified for the decimal property 'RemainingAmount' on entity type 'Payment'. This will cause values to be silently truncated if they do not fit in the default precision and scale. Explicitly specify the SQL server column type that can accommodate all the values in 'OnModelCreating' using 'HasColumnType', specify precision and scale using 'HasPrecision', or configure a value converter using 'HasConversion'.
2025-03-21 01:30:28.849 +02:00 [INF] Executed DbCommand (44ms) [Parameters=[], CommandType='"Text"', CommandTimeout='30']
SELECT [c].[CourseId], [c].[TrainerId], [c0].[Id], [c0].[CreatedAt], [c0].[Description], [c0].[Price], [c0].[Title], [c0].[UpdatedAt], [t].[Id], [t].[CreatedAt], [t].[Email], [t].[FullName], [t].[PhoneNumber], [t].[UpdatedAt], [p].[Id], [p].[Amount], [p].[CourseId], [p].[CreatedAt], [p].[PaymentStatusForCourse], [p].[RemainingAmount], [p].[TrainerId], [p].[UpdatedAt]
FROM [CourseTrainers] AS [c]
INNER JOIN [Trainers] AS [t] ON [c].[TrainerId] = [t].[Id]
INNER JOIN [Courses] AS [c0] ON [c].[CourseId] = [c0].[Id]
LEFT JOIN [Payments] AS [p] ON [c].[CourseId] = [p].[CourseId] AND [c].[TrainerId] = [p].[TrainerId]
ORDER BY [t].[FullName], [c].[CourseId], [c].[TrainerId], [t].[Id], [c0].[Id]
2025-03-21 01:30:29.124 +02:00 [INF] Executing FileContentResult, sending file with download name 'CourseTrainersWithPaymentsReport.pdf' ...
2025-03-21 01:30:29.135 +02:00 [INF] Executed action CourseManagementAPI.Controllers.TrainerCourseController.GetCourseTrainersWithPaymentsReport1 (CourseManagementAPI) in 2053.4625ms
2025-03-21 01:30:29.138 +02:00 [INF] Executed endpoint 'CourseManagementAPI.Controllers.TrainerCourseController.GetCourseTrainersWithPaymentsReport1 (CourseManagementAPI)'
2025-03-21 01:30:29.151 +02:00 [INF] Request finished HTTP/2 GET https://localhost:7245/api/TrainerCourse/export-pdf - 200 1691 application/pdf 2189.8119ms
2025-03-21 01:30:30.725 +02:00 [INF] Request starting HTTP/1.1 GET https://localhost:7245/api/TrainerCourse/export-pdf - null null
2025-03-21 01:30:30.730 +02:00 [INF] Executing endpoint 'CourseManagementAPI.Controllers.TrainerCourseController.GetCourseTrainersWithPaymentsReport1 (CourseManagementAPI)'
2025-03-21 01:30:30.733 +02:00 [INF] Route matched with {action = "GetCourseTrainersWithPaymentsReport1", controller = "TrainerCourse"}. Executing controller action with signature System.Threading.Tasks.Task`1[Microsoft.AspNetCore.Mvc.IActionResult] GetCourseTrainersWithPaymentsReport1() on controller CourseManagementAPI.Controllers.TrainerCourseController (CourseManagementAPI).
2025-03-21 01:30:30.765 +02:00 [INF] Executed DbCommand (4ms) [Parameters=[], CommandType='"Text"', CommandTimeout='30']
SELECT [c].[CourseId], [c].[TrainerId], [c0].[Id], [c0].[CreatedAt], [c0].[Description], [c0].[Price], [c0].[Title], [c0].[UpdatedAt], [t].[Id], [t].[CreatedAt], [t].[Email], [t].[FullName], [t].[PhoneNumber], [t].[UpdatedAt], [p].[Id], [p].[Amount], [p].[CourseId], [p].[CreatedAt], [p].[PaymentStatusForCourse], [p].[RemainingAmount], [p].[TrainerId], [p].[UpdatedAt]
FROM [CourseTrainers] AS [c]
INNER JOIN [Trainers] AS [t] ON [c].[TrainerId] = [t].[Id]
INNER JOIN [Courses] AS [c0] ON [c].[CourseId] = [c0].[Id]
LEFT JOIN [Payments] AS [p] ON [c].[CourseId] = [p].[CourseId] AND [c].[TrainerId] = [p].[TrainerId]
ORDER BY [t].[FullName], [c].[CourseId], [c].[TrainerId], [t].[Id], [c0].[Id]
2025-03-21 01:30:30.771 +02:00 [INF] Executing FileContentResult, sending file with download name 'CourseTrainersWithPaymentsReport.pdf' ...
2025-03-21 01:30:30.783 +02:00 [INF] Executed action CourseManagementAPI.Controllers.TrainerCourseController.GetCourseTrainersWithPaymentsReport1 (CourseManagementAPI) in 48.3399ms
2025-03-21 01:30:30.786 +02:00 [INF] Executed endpoint 'CourseManagementAPI.Controllers.TrainerCourseController.GetCourseTrainersWithPaymentsReport1 (CourseManagementAPI)'
2025-03-21 01:30:30.790 +02:00 [INF] Request finished HTTP/1.1 GET https://localhost:7245/api/TrainerCourse/export-pdf - 200 1691 application/pdf 65.4061ms
2025-03-21 23:28:53.287 +02:00 [INF] User profile is available. Using 'C:\Users\AL-FAJR\AppData\Local\ASP.NET\DataProtection-Keys' as key repository and Windows DPAPI to encrypt keys at rest.
2025-03-21 23:28:54.004 +02:00 [INF] Now listening on: https://localhost:7245
2025-03-21 23:28:54.006 +02:00 [INF] Now listening on: http://localhost:5236
2025-03-21 23:28:54.010 +02:00 [INF] Application started. Press Ctrl+C to shut down.
2025-03-21 23:28:54.011 +02:00 [INF] Hosting environment: Development
2025-03-21 23:28:54.013 +02:00 [INF] Content root path: C:\Users\AL-FAJR\Desktop\Course Management API\CourseManagementAPI\CourseManagementAPI
2025-03-21 23:28:56.001 +02:00 [INF] Request starting HTTP/2 GET https://localhost:7245/swagger/index.html - null null
2025-03-21 23:28:56.420 +02:00 [INF] Request finished HTTP/2 GET https://localhost:7245/swagger/index.html - 200 null text/html;charset=utf-8 427.7429ms
2025-03-21 23:28:56.484 +02:00 [INF] Request starting HTTP/2 GET https://localhost:7245/_framework/aspnetcore-browser-refresh.js - null null
2025-03-21 23:28:56.500 +02:00 [INF] Request starting HTTP/2 GET https://localhost:7245/_vs/browserLink - null null
2025-03-21 23:28:56.529 +02:00 [INF] Request finished HTTP/2 GET https://localhost:7245/_framework/aspnetcore-browser-refresh.js - 200 13774 application/javascript; charset=utf-8 40.751ms
2025-03-21 23:28:56.619 +02:00 [INF] Request finished HTTP/2 GET https://localhost:7245/_vs/browserLink - 200 null text/javascript; charset=UTF-8 120.4152ms
2025-03-21 23:28:57.360 +02:00 [INF] Request starting HTTP/2 GET https://localhost:7245/swagger/v1/swagger.json - null null
2025-03-21 23:28:57.755 +02:00 [INF] Request finished HTTP/2 GET https://localhost:7245/swagger/v1/swagger.json - 200 null application/json;charset=utf-8 394.9147ms
2025-03-21 23:29:03.244 +02:00 [INF] Request starting HTTP/2 GET https://localhost:7245/api/TrainerCourse/export-pdf - null null
2025-03-21 23:29:03.331 +02:00 [INF] Executing endpoint 'CourseManagementAPI.Controllers.TrainerCourseController.GetCourseTrainersWithPaymentsReportpdf (CourseManagementAPI)'
2025-03-21 23:29:03.354 +02:00 [INF] Route matched with {action = "GetCourseTrainersWithPaymentsReportpdf", controller = "TrainerCourse"}. Executing controller action with signature System.Threading.Tasks.Task`1[Microsoft.AspNetCore.Mvc.IActionResult] GetCourseTrainersWithPaymentsReportpdf() on controller CourseManagementAPI.Controllers.TrainerCourseController (CourseManagementAPI).
2025-03-21 23:29:04.435 +02:00 [WRN] No store type was specified for the decimal property 'Price' on entity type 'Course'. This will cause values to be silently truncated if they do not fit in the default precision and scale. Explicitly specify the SQL server column type that can accommodate all the values in 'OnModelCreating' using 'HasColumnType', specify precision and scale using 'HasPrecision', or configure a value converter using 'HasConversion'.
2025-03-21 23:29:04.438 +02:00 [WRN] No store type was specified for the decimal property 'Amount' on entity type 'Payment'. This will cause values to be silently truncated if they do not fit in the default precision and scale. Explicitly specify the SQL server column type that can accommodate all the values in 'OnModelCreating' using 'HasColumnType', specify precision and scale using 'HasPrecision', or configure a value converter using 'HasConversion'.
2025-03-21 23:29:04.441 +02:00 [WRN] No store type was specified for the decimal property 'RemainingAmount' on entity type 'Payment'. This will cause values to be silently truncated if they do not fit in the default precision and scale. Explicitly specify the SQL server column type that can accommodate all the values in 'OnModelCreating' using 'HasColumnType', specify precision and scale using 'HasPrecision', or configure a value converter using 'HasConversion'.
2025-03-21 23:29:05.403 +02:00 [INF] Executed DbCommand (59ms) [Parameters=[], CommandType='"Text"', CommandTimeout='30']
SELECT [c].[CourseId], [c].[TrainerId], [c0].[Id], [c0].[CreatedAt], [c0].[Description], [c0].[Price], [c0].[Title], [c0].[UpdatedAt], [t].[Id], [t].[CreatedAt], [t].[Email], [t].[FullName], [t].[PhoneNumber], [t].[UpdatedAt], [p].[Id], [p].[Amount], [p].[CourseId], [p].[CreatedAt], [p].[PaymentStatusForCourse], [p].[RemainingAmount], [p].[TrainerId], [p].[UpdatedAt]
FROM [CourseTrainers] AS [c]
INNER JOIN [Trainers] AS [t] ON [c].[TrainerId] = [t].[Id]
INNER JOIN [Courses] AS [c0] ON [c].[CourseId] = [c0].[Id]
LEFT JOIN [Payments] AS [p] ON [c].[CourseId] = [p].[CourseId] AND [c].[TrainerId] = [p].[TrainerId]
ORDER BY [t].[FullName], [c].[CourseId], [c].[TrainerId], [t].[Id], [c0].[Id]
2025-03-21 23:29:05.674 +02:00 [INF] Executing FileContentResult, sending file with download name 'CourseTrainersWithPaymentsReport.pdf' ...
2025-03-21 23:29:05.687 +02:00 [INF] Executed action CourseManagementAPI.Controllers.TrainerCourseController.GetCourseTrainersWithPaymentsReportpdf (CourseManagementAPI) in 2327.8922ms
2025-03-21 23:29:05.690 +02:00 [INF] Executed endpoint 'CourseManagementAPI.Controllers.TrainerCourseController.GetCourseTrainersWithPaymentsReportpdf (CourseManagementAPI)'
2025-03-21 23:29:05.701 +02:00 [INF] Request finished HTTP/2 GET https://localhost:7245/api/TrainerCourse/export-pdf - 200 1733 application/pdf 2457.3819ms
2025-03-21 23:29:54.539 +02:00 [INF] Request starting HTTP/1.1 GET https://localhost:7245/api/TrainerCourse/export-pdf - null null
2025-03-21 23:29:54.932 +02:00 [INF] Executing endpoint 'CourseManagementAPI.Controllers.TrainerCourseController.GetCourseTrainersWithPaymentsReportpdf (CourseManagementAPI)'
2025-03-21 23:29:54.939 +02:00 [INF] Route matched with {action = "GetCourseTrainersWithPaymentsReportpdf", controller = "TrainerCourse"}. Executing controller action with signature System.Threading.Tasks.Task`1[Microsoft.AspNetCore.Mvc.IActionResult] GetCourseTrainersWithPaymentsReportpdf() on controller CourseManagementAPI.Controllers.TrainerCourseController (CourseManagementAPI).
2025-03-21 23:29:55.977 +02:00 [INF] Executed DbCommand (833ms) [Parameters=[], CommandType='"Text"', CommandTimeout='30']
SELECT [c].[CourseId], [c].[TrainerId], [c0].[Id], [c0].[CreatedAt], [c0].[Description], [c0].[Price], [c0].[Title], [c0].[UpdatedAt], [t].[Id], [t].[CreatedAt], [t].[Email], [t].[FullName], [t].[PhoneNumber], [t].[UpdatedAt], [p].[Id], [p].[Amount], [p].[CourseId], [p].[CreatedAt], [p].[PaymentStatusForCourse], [p].[RemainingAmount], [p].[TrainerId], [p].[UpdatedAt]
FROM [CourseTrainers] AS [c]
INNER JOIN [Trainers] AS [t] ON [c].[TrainerId] = [t].[Id]
INNER JOIN [Courses] AS [c0] ON [c].[CourseId] = [c0].[Id]
LEFT JOIN [Payments] AS [p] ON [c].[CourseId] = [p].[CourseId] AND [c].[TrainerId] = [p].[TrainerId]
ORDER BY [t].[FullName], [c].[CourseId], [c].[TrainerId], [t].[Id], [c0].[Id]
2025-03-21 23:29:56.091 +02:00 [INF] Executing FileContentResult, sending file with download name 'CourseTrainersWithPaymentsReport.pdf' ...
2025-03-21 23:29:56.624 +02:00 [INF] Executed action CourseManagementAPI.Controllers.TrainerCourseController.GetCourseTrainersWithPaymentsReportpdf (CourseManagementAPI) in 1672.5399ms
2025-03-21 23:29:57.669 +02:00 [INF] Executed endpoint 'CourseManagementAPI.Controllers.TrainerCourseController.GetCourseTrainersWithPaymentsReportpdf (CourseManagementAPI)'
2025-03-21 23:29:57.673 +02:00 [INF] Request finished HTTP/1.1 GET https://localhost:7245/api/TrainerCourse/export-pdf - 200 1733 application/pdf 3134.0564ms
